Device: cuda
Datasets: banking77
Methods: magnitude
Sparsities: 30%
Resume: True
Fine-tune epochs: 2
Max train batches: all
Max eval batches: all
Observability batches: 50

########################################################################
Dataset: banking77  |  Sparsities: 30%
########################################################################
Warning: You are sending unauthenticated requests to the HF Hub. Please set a HF_TOKEN to enable higher rate limits and faster downloads.

Map:   0%|          | 0/1000 [00:00<?, ? examples/s]
Map: 100%|██████████| 1000/1000 [00:00<00:00, 7637.31 examples/s]
Map: 100%|██████████| 1000/1000 [00:00<00:00, 7361.33 examples/s]
Loading checkpoint from results/checkpoints/banking77/best

Loading weights:   0%|          | 0/104 [00:00<?, ?it/s]
Loading weights: 100%|██████████| 104/104 [00:00<00:00, 6641.71it/s]
Evaluating baseline for banking77...

Evaluating Baseline (unpruned):   0%|          | 0/97 [00:00<?, ?it/s]
Evaluating Baseline (unpruned):   1%|          | 1/97 [00:00<00:23,  4.15it/s]
Evaluating Baseline (unpruned):   2%|▏         | 2/97 [00:00<00:16,  5.71it/s]
Evaluating Baseline (unpruned):   3%|▎         | 3/97 [00:00<00:13,  7.07it/s]
Evaluating Baseline (unpruned):   4%|▍         | 4/97 [00:00<00:11,  7.98it/s]
Evaluating Baseline (unpruned):   5%|▌         | 5/97 [00:00<00:10,  8.60it/s]
Evaluating Baseline (unpruned):   6%|▌         | 6/97 [00:00<00:10,  8.97it/s]
Evaluating Baseline (unpruned):   7%|▋         | 7/97 [00:00<00:09,  9.22it/s]
Evaluating Baseline (unpruned):   8%|▊         | 8/97 [00:00<00:09,  9.42it/s]
Evaluating Baseline (unpruned):   9%|▉         | 9/97 [00:01<00:09,  9.56it/s]
Evaluating Baseline (unpruned):  10%|█         | 10/97 [00:01<00:09,  9.65it/s]
Evaluating Baseline (unpruned):  11%|█▏        | 11/97 [00:01<00:08,  9.71it/s]
Evaluating Baseline (unpruned):  12%|█▏        | 12/97 [00:01<00:08,  9.77it/s]
Evaluating Baseline (unpruned):  13%|█▎        | 13/97 [00:01<00:08,  9.79it/s]
Evaluating Baseline (unpruned):  14%|█▍        | 14/97 [00:01<00:08,  9.83it/s]
Evaluating Baseline (unpruned):  15%|█▌        | 15/97 [00:01<00:08,  9.86it/s]
Evaluating Baseline (unpruned):  16%|█▋        | 16/97 [00:01<00:08,  9.86it/s]
Evaluating Baseline (unpruned):  18%|█▊        | 17/97 [00:01<00:08,  9.85it/s]
Evaluating Baseline (unpruned):  19%|█▊        | 18/97 [00:01<00:08,  9.84it/s]
Evaluating Baseline (unpruned):  20%|█▉        | 19/97 [00:02<00:07,  9.84it/s]
Evaluating Baseline (unpruned):  21%|██        | 20/97 [00:02<00:07,  9.84it/s]
Evaluating Baseline (unpruned):  22%|██▏       | 21/97 [00:02<00:07,  9.82it/s]
Evaluating Baseline (unpruned):  23%|██▎       | 22/97 [00:02<00:07,  9.86it/s]
Evaluating Baseline (unpruned):  24%|██▎       | 23/97 [00:02<00:07,  9.85it/s]
Evaluating Baseline (unpruned):  25%|██▍       | 24/97 [00:02<00:07,  9.84it/s]
Evaluating Baseline (unpruned):  26%|██▌       | 25/97 [00:02<00:07,  9.78it/s]
Evaluating Baseline (unpruned):  27%|██▋       | 26/97 [00:02<00:07,  9.79it/s]
Evaluating Baseline (unpruned):  28%|██▊       | 27/97 [00:02<00:07,  9.79it/s]
Evaluating Baseline (unpruned):  29%|██▉       | 28/97 [00:03<00:07,  9.80it/s]
Evaluating Baseline (unpruned):  30%|██▉       | 29/97 [00:03<00:06,  9.76it/s]
Evaluating Baseline (unpruned):  31%|███       | 30/97 [00:03<00:06,  9.76it/s]
Evaluating Baseline (unpruned):  32%|███▏      | 31/97 [00:03<00:06,  9.74it/s]
Evaluating Baseline (unpruned):  33%|███▎      | 32/97 [00:03<00:06,  9.76it/s]
Evaluating Baseline (unpruned):  34%|███▍      | 33/97 [00:03<00:06,  9.75it/s]
Evaluating Baseline (unpruned):  35%|███▌      | 34/97 [00:03<00:06,  9.76it/s]
Evaluating Baseline (unpruned):  36%|███▌      | 35/97 [00:03<00:06,  9.79it/s]
Evaluating Baseline (unpruned):  37%|███▋      | 36/97 [00:03<00:06,  9.78it/s]
Evaluating Baseline (unpruned):  38%|███▊      | 37/97 [00:03<00:06,  9.78it/s]
Evaluating Baseline (unpruned):  39%|███▉      | 38/97 [00:04<00:06,  9.80it/s]
Evaluating Baseline (unpruned):  40%|████      | 39/97 [00:04<00:05,  9.77it/s]
Evaluating Baseline (unpruned):  41%|████      | 40/97 [00:04<00:05,  9.78it/s]
Evaluating Baseline (unpruned):  42%|████▏     | 41/97 [00:04<00:05,  9.79it/s]
Evaluating Baseline (unpruned):  43%|████▎     | 42/97 [00:04<00:05,  9.80it/s]
Evaluating Baseline (unpruned):  44%|████▍     | 43/97 [00:04<00:05,  9.74it/s]
Evaluating Baseline (unpruned):  45%|████▌     | 44/97 [00:04<00:05,  9.76it/s]
Evaluating Baseline (unpruned):  46%|████▋     | 45/97 [00:04<00:05,  9.78it/s]
Evaluating Baseline (unpruned):  47%|████▋     | 46/97 [00:04<00:05,  9.78it/s]
Evaluating Baseline (unpruned):  48%|████▊     | 47/97 [00:04<00:05,  9.77it/s]
Evaluating Baseline (unpruned):  49%|████▉     | 48/97 [00:05<00:05,  9.78it/s]
Evaluating Baseline (unpruned):  51%|█████     | 49/97 [00:05<00:04,  9.75it/s]
Evaluating Baseline (unpruned):  52%|█████▏    | 50/97 [00:05<00:04,  9.72it/s]
Evaluating Baseline (unpruned):  53%|█████▎    | 51/97 [00:05<00:04,  9.71it/s]
Evaluating Baseline (unpruned):  54%|█████▎    | 52/97 [00:05<00:04,  9.69it/s]
Evaluating Baseline (unpruned):  55%|█████▍    | 53/97 [00:05<00:04,  9.69it/s]
Evaluating Baseline (unpruned):  56%|█████▌    | 54/97 [00:05<00:04,  9.67it/s]
Evaluating Baseline (unpruned):  57%|█████▋    | 55/97 [00:05<00:04,  9.67it/s]
Evaluating Baseline (unpruned):  58%|█████▊    | 56/97 [00:05<00:04,  9.62it/s]
Evaluating Baseline (unpruned):  59%|█████▉    | 57/97 [00:05<00:04,  9.62it/s]
Evaluating Baseline (unpruned):  60%|█████▉    | 58/97 [00:06<00:04,  9.62it/s]
Evaluating Baseline (unpruned):  61%|██████    | 59/97 [00:06<00:03,  9.61it/s]
Evaluating Baseline (unpruned):  62%|██████▏   | 60/97 [00:06<00:03,  9.60it/s]
Evaluating Baseline (unpruned):  63%|██████▎   | 61/97 [00:06<00:03,  9.61it/s]
Evaluating Baseline (unpruned):  64%|██████▍   | 62/97 [00:06<00:03,  9.59it/s]
Evaluating Baseline (unpruned):  65%|██████▍   | 63/97 [00:06<00:03,  9.63it/s]
Evaluating Baseline (unpruned):  66%|██████▌   | 64/97 [00:06<00:03,  9.65it/s]
Evaluating Baseline (unpruned):  67%|██████▋   | 65/97 [00:06<00:03,  9.64it/s]
Evaluating Baseline (unpruned):  68%|██████▊   | 66/97 [00:06<00:03,  9.62it/s]
Evaluating Baseline (unpruned):  69%|██████▉   | 67/97 [00:07<00:03,  9.58it/s]
Evaluating Baseline (unpruned):  70%|███████   | 68/97 [00:07<00:03,  9.52it/s]
Evaluating Baseline (unpruned):  71%|███████   | 69/97 [00:07<00:02,  9.54it/s]
Evaluating Baseline (unpruned):  72%|███████▏  | 70/97 [00:07<00:02,  9.58it/s]
Evaluating Baseline (unpruned):  73%|███████▎  | 71/97 [00:07<00:02,  9.58it/s]
Evaluating Baseline (unpruned):  74%|███████▍  | 72/97 [00:07<00:02,  9.58it/s]
Evaluating Baseline (unpruned):  75%|███████▌  | 73/97 [00:07<00:02,  9.58it/s]
Evaluating Baseline (unpruned):  76%|███████▋  | 74/97 [00:07<00:02,  9.54it/s]
Evaluating Baseline (unpruned):  77%|███████▋  | 75/97 [00:07<00:02,  9.55it/s]
Evaluating Baseline (unpruned):  78%|███████▊  | 76/97 [00:07<00:02,  9.57it/s]
Evaluating Baseline (unpruned):  79%|███████▉  | 77/97 [00:08<00:02,  9.55it/s]
Evaluating Baseline (unpruned):  80%|████████  | 78/97 [00:08<00:01,  9.55it/s]
Evaluating Baseline (unpruned):  81%|████████▏ | 79/97 [00:08<00:01,  9.55it/s]
Evaluating Baseline (unpruned):  82%|████████▏ | 80/97 [00:08<00:01,  9.53it/s]
Evaluating Baseline (unpruned):  85%|████████▍ | 82/97 [00:08<00:01,  9.71it/s]
Evaluating Baseline (unpruned):  86%|████████▌ | 83/97 [00:08<00:01,  9.65it/s]
Evaluating Baseline (unpruned):  87%|████████▋ | 84/97 [00:08<00:01,  9.64it/s]
Evaluating Baseline (unpruned):  88%|████████▊ | 85/97 [00:08<00:01,  9.66it/s]
Evaluating Baseline (unpruned):  89%|████████▊ | 86/97 [00:09<00:01,  9.61it/s]
Evaluating Baseline (unpruned):  90%|████████▉ | 87/97 [00:09<00:01,  9.62it/s]
Evaluating Baseline (unpruned):  91%|█████████ | 88/97 [00:09<00:00,  9.58it/s]
Evaluating Baseline (unpruned):  92%|█████████▏| 89/97 [00:09<00:00,  9.58it/s]
Evaluating Baseline (unpruned):  93%|█████████▎| 90/97 [00:09<00:00,  9.58it/s]
Evaluating Baseline (unpruned):  94%|█████████▍| 91/97 [00:09<00:00,  9.61it/s]
Evaluating Baseline (unpruned):  95%|█████████▍| 92/97 [00:09<00:00,  9.61it/s]
Evaluating Baseline (unpruned):  96%|█████████▌| 93/97 [00:09<00:00,  9.64it/s]
Evaluating Baseline (unpruned):  97%|█████████▋| 94/97 [00:09<00:00,  9.63it/s]
Evaluating Baseline (unpruned):  98%|█████████▊| 95/97 [00:09<00:00,  9.63it/s]
Evaluating Baseline (unpruned):  99%|█████████▉| 96/97 [00:10<00:00,  9.61it/s]
                                                                               
Baseline:
[Baseline (unpruned)      ] banking77    | Acc: 91.49% | F1: 91.49% | Compression: 0.0% | Inf: 100.7ms/batch
Pending methods for banking77: magnitude

========================================================================
Dataset: banking77 | Method: MAGNITUDE | Sparsity: 30%
========================================================================
[Magnitude] Pruned 21/72 heads (30.0% sparsity)
Starting fine-tune: epochs=2, max_train_batches=all

Fine-tuning 1/2:   0%|          | 0/250 [00:00<?, ?it/s]
Fine-tuning 1/2:   0%|          | 1/250 [00:00<01:31,  2.71it/s]
Fine-tuning 1/2:   1%|          | 3/250 [00:00<00:52,  4.73it/s]
Fine-tuning 1/2:   2%|▏         | 4/250 [00:00<00:58,  4.22it/s]
Fine-tuning 1/2:   2%|▏         | 5/250 [00:01<01:02,  3.94it/s]
Fine-tuning 1/2:   2%|▏         | 6/250 [00:01<01:07,  3.64it/s]
Fine-tuning 1/2:   3%|▎         | 7/250 [00:01<01:06,  3.66it/s]
Fine-tuning 1/2:   3%|▎         | 8/250 [00:02<01:07,  3.60it/s]
Fine-tuning 1/2:   4%|▎         | 9/250 [00:02<01:05,  3.70it/s]
Fine-tuning 1/2:   4%|▍         | 10/250 [00:02<01:06,  3.63it/s]
Fine-tuning 1/2:   4%|▍         | 11/250 [00:02<01:06,  3.57it/s]
Fine-tuning 1/2:   5%|▍         | 12/250 [00:03<01:07,  3.53it/s]
Fine-tuning 1/2:   5%|▌         | 13/250 [00:03<01:07,  3.50it/s]
Fine-tuning 1/2:   6%|▌         | 14/250 [00:03<01:07,  3.48it/s]
Fine-tuning 1/2:   6%|▌         | 15/250 [00:04<01:07,  3.46it/s]
Fine-tuning 1/2:   6%|▋         | 16/250 [00:04<01:07,  3.46it/s]
Fine-tuning 1/2:   7%|▋         | 17/250 [00:04<01:07,  3.46it/s]
Fine-tuning 1/2:   7%|▋         | 18/250 [00:04<01:07,  3.46it/s]
Fine-tuning 1/2:   8%|▊         | 19/250 [00:05<01:07,  3.44it/s]
Fine-tuning 1/2:   8%|▊         | 20/250 [00:05<01:06,  3.44it/s]
Fine-tuning 1/2:   8%|▊         | 21/250 [00:05<01:06,  3.44it/s]
Fine-tuning 1/2:   9%|▉         | 22/250 [00:06<01:06,  3.43it/s]
Fine-tuning 1/2:   9%|▉         | 23/250 [00:06<01:06,  3.42it/s]
Fine-tuning 1/2:  10%|▉         | 24/250 [00:06<01:05,  3.43it/s]
Fine-tuning 1/2:  10%|█         | 25/250 [00:07<01:05,  3.43it/s]
Fine-tuning 1/2:  10%|█         | 26/250 [00:07<01:05,  3.41it/s]
Fine-tuning 1/2:  11%|█         | 27/250 [00:07<01:05,  3.40it/s]
Fine-tuning 1/2:  11%|█         | 28/250 [00:07<01:04,  3.42it/s]
Fine-tuning 1/2:  12%|█▏        | 29/250 [00:08<01:04,  3.41it/s]
Fine-tuning 1/2:  12%|█▏        | 30/250 [00:08<01:05,  3.37it/s]
Fine-tuning 1/2:  12%|█▏        | 31/250 [00:08<01:04,  3.39it/s]
Fine-tuning 1/2:  13%|█▎        | 32/250 [00:09<01:04,  3.40it/s]
Fine-tuning 1/2:  13%|█▎        | 33/250 [00:09<01:03,  3.40it/s]
Fine-tuning 1/2:  14%|█▎        | 34/250 [00:09<01:03,  3.38it/s]
Fine-tuning 1/2:  14%|█▍        | 35/250 [00:09<01:03,  3.38it/s]
Fine-tuning 1/2:  14%|█▍        | 36/250 [00:10<01:03,  3.37it/s]
Fine-tuning 1/2:  15%|█▍        | 37/250 [00:10<01:02,  3.39it/s]
Fine-tuning 1/2:  15%|█▌        | 38/250 [00:10<01:02,  3.39it/s]
Fine-tuning 1/2:  16%|█▌        | 39/250 [00:11<01:02,  3.39it/s]
Fine-tuning 1/2:  16%|█▌        | 40/250 [00:11<01:02,  3.36it/s]
Fine-tuning 1/2:  16%|█▋        | 41/250 [00:11<01:02,  3.36it/s]
Fine-tuning 1/2:  17%|█▋        | 42/250 [00:12<01:02,  3.35it/s]
Fine-tuning 1/2:  17%|█▋        | 43/250 [00:12<01:00,  3.40it/s]
Fine-tuning 1/2:  18%|█▊        | 44/250 [00:12<01:00,  3.39it/s]
Fine-tuning 1/2:  18%|█▊        | 45/250 [00:12<01:00,  3.39it/s]
Fine-tuning 1/2:  18%|█▊        | 46/250 [00:13<01:00,  3.38it/s]
Fine-tuning 1/2:  19%|█▉        | 47/250 [00:13<01:00,  3.36it/s]
Fine-tuning 1/2:  19%|█▉        | 48/250 [00:13<01:00,  3.35it/s]
Fine-tuning 1/2:  20%|█▉        | 49/250 [00:14<00:59,  3.38it/s]
Fine-tuning 1/2:  20%|██        | 50/250 [00:14<00:59,  3.36it/s]
Fine-tuning 1/2:  20%|██        | 51/250 [00:14<00:59,  3.35it/s]
Fine-tuning 1/2:  21%|██        | 52/250 [00:15<00:59,  3.35it/s]
Fine-tuning 1/2:  21%|██        | 53/250 [00:15<00:58,  3.36it/s]
Fine-tuning 1/2:  22%|██▏       | 54/250 [00:15<00:58,  3.35it/s]
Fine-tuning 1/2:  22%|██▏       | 55/250 [00:15<00:58,  3.34it/s]
Fine-tuning 1/2:  22%|██▏       | 56/250 [00:16<00:58,  3.34it/s]
Fine-tuning 1/2:  23%|██▎       | 57/250 [00:16<00:57,  3.33it/s]
Fine-tuning 1/2:  23%|██▎       | 58/250 [00:16<00:57,  3.35it/s]
Fine-tuning 1/2:  24%|██▎       | 59/250 [00:17<00:57,  3.34it/s]
Fine-tuning 1/2:  24%|██▍       | 60/250 [00:17<00:57,  3.33it/s]
Fine-tuning 1/2:  24%|██▍       | 61/250 [00:17<00:56,  3.33it/s]
Fine-tuning 1/2:  25%|██▍       | 62/250 [00:18<00:56,  3.33it/s]
Fine-tuning 1/2:  25%|██▌       | 63/250 [00:18<00:56,  3.33it/s]
Fine-tuning 1/2:  26%|██▌       | 64/250 [00:18<00:55,  3.33it/s]
Fine-tuning 1/2:  26%|██▌       | 65/250 [00:18<00:55,  3.32it/s]
Fine-tuning 1/2:  26%|██▋       | 66/250 [00:19<00:55,  3.32it/s]
Fine-tuning 1/2:  27%|██▋       | 67/250 [00:19<00:55,  3.32it/s]
Fine-tuning 1/2:  27%|██▋       | 68/250 [00:19<00:54,  3.31it/s]
Fine-tuning 1/2:  28%|██▊       | 69/250 [00:20<00:54,  3.31it/s]
Fine-tuning 1/2:  28%|██▊       | 70/250 [00:20<00:53,  3.37it/s]
Fine-tuning 1/2:  28%|██▊       | 71/250 [00:20<00:53,  3.35it/s]
Fine-tuning 1/2:  29%|██▉       | 72/250 [00:21<00:53,  3.34it/s]
Fine-tuning 1/2:  29%|██▉       | 73/250 [00:21<00:53,  3.33it/s]
Fine-tuning 1/2:  30%|██▉       | 74/250 [00:21<00:52,  3.33it/s]
Fine-tuning 1/2:  30%|███       | 75/250 [00:21<00:52,  3.33it/s]
Fine-tuning 1/2:  30%|███       | 76/250 [00:22<00:53,  3.27it/s]
Fine-tuning 1/2:  31%|███       | 77/250 [00:22<00:52,  3.31it/s]
Fine-tuning 1/2:  31%|███       | 78/250 [00:22<00:51,  3.31it/s]
Fine-tuning 1/2:  32%|███▏      | 79/250 [00:23<00:51,  3.31it/s]
Fine-tuning 1/2:  32%|███▏      | 80/250 [00:23<00:51,  3.28it/s]
Fine-tuning 1/2:  32%|███▏      | 81/250 [00:23<00:51,  3.29it/s]
Fine-tuning 1/2:  33%|███▎      | 82/250 [00:24<00:50,  3.30it/s]
Fine-tuning 1/2:  33%|███▎      | 83/250 [00:24<00:50,  3.29it/s]
Fine-tuning 1/2:  34%|███▎      | 84/250 [00:24<00:50,  3.29it/s]
Fine-tuning 1/2:  34%|███▍      | 85/250 [00:24<00:50,  3.30it/s]
Fine-tuning 1/2:  34%|███▍      | 86/250 [00:25<00:49,  3.28it/s]
Fine-tuning 1/2:  35%|███▍      | 87/250 [00:25<00:49,  3.28it/s]
Fine-tuning 1/2:  35%|███▌      | 88/250 [00:25<00:49,  3.28it/s]
Fine-tuning 1/2:  36%|███▌      | 89/250 [00:26<00:48,  3.33it/s]
Fine-tuning 1/2:  36%|███▌      | 90/250 [00:26<00:48,  3.32it/s]
Fine-tuning 1/2:  36%|███▋      | 91/250 [00:26<00:48,  3.31it/s]
Fine-tuning 1/2:  37%|███▋      | 92/250 [00:27<00:47,  3.30it/s]
Fine-tuning 1/2:  37%|███▋      | 93/250 [00:27<00:47,  3.30it/s]
Fine-tuning 1/2:  38%|███▊      | 94/250 [00:27<00:47,  3.30it/s]
Fine-tuning 1/2:  38%|███▊      | 95/250 [00:28<00:46,  3.31it/s]
Fine-tuning 1/2:  38%|███▊      | 96/250 [00:28<00:46,  3.31it/s]
Fine-tuning 1/2:  39%|███▉      | 97/250 [00:28<00:46,  3.31it/s]
Fine-tuning 1/2:  39%|███▉      | 98/250 [00:28<00:45,  3.32it/s]
Fine-tuning 1/2:  40%|███▉      | 99/250 [00:29<00:45,  3.33it/s]
Fine-tuning 1/2:  40%|████      | 100/250 [00:29<00:45,  3.33it/s]
Fine-tuning 1/2:  40%|████      | 101/250 [00:29<00:44,  3.33it/s]
Fine-tuning 1/2:  41%|████      | 102/250 [00:30<00:45,  3.28it/s]
Fine-tuning 1/2:  41%|████      | 103/250 [00:30<00:43,  3.35it/s]
Fine-tuning 1/2:  42%|████▏     | 104/250 [00:30<00:43,  3.35it/s]
Fine-tuning 1/2:  42%|████▏     | 105/250 [00:31<00:43,  3.35it/s]
Fine-tuning 1/2:  42%|████▏     | 106/250 [00:31<00:42,  3.35it/s]
Fine-tuning 1/2:  43%|████▎     | 107/250 [00:31<00:42,  3.35it/s]
Fine-tuning 1/2:  43%|████▎     | 108/250 [00:31<00:42,  3.36it/s]
Fine-tuning 1/2:  44%|████▎     | 109/250 [00:32<00:42,  3.35it/s]
Fine-tuning 1/2:  44%|████▍     | 110/250 [00:32<00:41,  3.36it/s]
Fine-tuning 1/2:  44%|████▍     | 111/250 [00:32<00:41,  3.37it/s]
Fine-tuning 1/2:  45%|████▍     | 112/250 [00:33<00:41,  3.36it/s]
Fine-tuning 1/2:  45%|████▌     | 113/250 [00:33<00:40,  3.37it/s]
Fine-tuning 1/2:  46%|████▌     | 114/250 [00:33<00:40,  3.37it/s]
Fine-tuning 1/2:  46%|████▌     | 115/250 [00:33<00:40,  3.34it/s]
Fine-tuning 1/2:  46%|████▋     | 116/250 [00:34<00:40,  3.34it/s]
Fine-tuning 1/2:  47%|████▋     | 117/250 [00:34<00:39,  3.36it/s]
Fine-tuning 1/2:  47%|████▋     | 118/250 [00:34<00:38,  3.40it/s]
Fine-tuning 1/2:  48%|████▊     | 119/250 [00:35<00:38,  3.41it/s]
Fine-tuning 1/2:  48%|████▊     | 120/250 [00:35<00:38,  3.40it/s]
Fine-tuning 1/2:  48%|████▊     | 121/250 [00:35<00:37,  3.41it/s]
Fine-tuning 1/2:  49%|████▉     | 122/250 [00:36<00:38,  3.36it/s]
Fine-tuning 1/2:  49%|████▉     | 123/250 [00:36<00:37,  3.38it/s]
Fine-tuning 1/2:  50%|████▉     | 124/250 [00:36<00:37,  3.39it/s]
Fine-tuning 1/2:  50%|█████     | 125/250 [00:36<00:36,  3.39it/s]
Fine-tuning 1/2:  50%|█████     | 126/250 [00:37<00:36,  3.38it/s]
Fine-tuning 1/2:  51%|█████     | 127/250 [00:37<00:36,  3.40it/s]
Fine-tuning 1/2:  51%|█████     | 128/250 [00:37<00:35,  3.40it/s]
Fine-tuning 1/2:  52%|█████▏    | 129/250 [00:38<00:35,  3.41it/s]
Fine-tuning 1/2:  52%|█████▏    | 130/250 [00:38<00:35,  3.41it/s]
Fine-tuning 1/2:  52%|█████▏    | 131/250 [00:38<00:34,  3.41it/s]
Fine-tuning 1/2:  53%|█████▎    | 132/250 [00:38<00:34,  3.39it/s]
Fine-tuning 1/2:  53%|█████▎    | 133/250 [00:39<00:34,  3.39it/s]
Fine-tuning 1/2:  54%|█████▎    | 134/250 [00:39<00:34,  3.38it/s]
Fine-tuning 1/2:  54%|█████▍    | 135/250 [00:39<00:33,  3.46it/s]
Fine-tuning 1/2:  54%|█████▍    | 136/250 [00:40<00:33,  3.44it/s]
Fine-tuning 1/2:  55%|█████▍    | 137/250 [00:40<00:32,  3.44it/s]
Fine-tuning 1/2:  55%|█████▌    | 138/250 [00:40<00:32,  3.43it/s]
Fine-tuning 1/2:  56%|█████▌    | 139/250 [00:41<00:32,  3.43it/s]
Fine-tuning 1/2:  56%|█████▌    | 140/250 [00:41<00:32,  3.42it/s]
Fine-tuning 1/2:  56%|█████▋    | 141/250 [00:41<00:31,  3.43it/s]
Fine-tuning 1/2:  57%|█████▋    | 142/250 [00:41<00:31,  3.46it/s]
Fine-tuning 1/2:  57%|█████▋    | 143/250 [00:42<00:30,  3.46it/s]
Fine-tuning 1/2:  58%|█████▊    | 144/250 [00:42<00:30,  3.45it/s]
Fine-tuning 1/2:  58%|█████▊    | 145/250 [00:42<00:30,  3.44it/s]
Fine-tuning 1/2:  58%|█████▊    | 146/250 [00:43<00:30,  3.44it/s]
Fine-tuning 1/2:  59%|█████▉    | 147/250 [00:43<00:29,  3.43it/s]
Fine-tuning 1/2:  59%|█████▉    | 148/250 [00:43<00:29,  3.44it/s]
Fine-tuning 1/2:  60%|█████▉    | 149/250 [00:43<00:29,  3.44it/s]
Fine-tuning 1/2:  60%|██████    | 150/250 [00:44<00:29,  3.43it/s]
Fine-tuning 1/2:  60%|██████    | 151/250 [00:44<00:28,  3.44it/s]
Fine-tuning 1/2:  61%|██████    | 152/250 [00:44<00:28,  3.45it/s]
Fine-tuning 1/2:  61%|██████    | 153/250 [00:45<00:28,  3.45it/s]
Fine-tuning 1/2:  62%|██████▏   | 154/250 [00:45<00:27,  3.46it/s]
Fine-tuning 1/2:  62%|██████▏   | 155/250 [00:45<00:27,  3.46it/s]
Fine-tuning 1/2:  62%|██████▏   | 156/250 [00:45<00:27,  3.45it/s]
Fine-tuning 1/2:  63%|██████▎   | 157/250 [00:46<00:26,  3.46it/s]
Fine-tuning 1/2:  63%|██████▎   | 158/250 [00:46<00:26,  3.46it/s]
Fine-tuning 1/2:  64%|██████▎   | 159/250 [00:46<00:26,  3.45it/s]
Fine-tuning 1/2:  64%|██████▍   | 160/250 [00:47<00:26,  3.46it/s]
Fine-tuning 1/2:  64%|██████▍   | 161/250 [00:47<00:25,  3.47it/s]
Fine-tuning 1/2:  65%|██████▍   | 162/250 [00:47<00:25,  3.46it/s]
Fine-tuning 1/2:  65%|██████▌   | 163/250 [00:47<00:25,  3.47it/s]
Fine-tuning 1/2:  66%|██████▌   | 164/250 [00:48<00:24,  3.47it/s]
Fine-tuning 1/2:  66%|██████▌   | 165/250 [00:48<00:24,  3.47it/s]
Fine-tuning 1/2:  66%|██████▋   | 166/250 [00:48<00:24,  3.47it/s]
Fine-tuning 1/2:  67%|██████▋   | 167/250 [00:49<00:23,  3.47it/s]
Fine-tuning 1/2:  67%|██████▋   | 168/250 [00:49<00:23,  3.47it/s]
Fine-tuning 1/2:  68%|██████▊   | 169/250 [00:49<00:23,  3.42it/s]
Fine-tuning 1/2:  68%|██████▊   | 170/250 [00:50<00:23,  3.45it/s]
Fine-tuning 1/2:  68%|██████▊   | 171/250 [00:50<00:22,  3.47it/s]
Fine-tuning 1/2:  69%|██████▉   | 172/250 [00:50<00:22,  3.47it/s]
Fine-tuning 1/2:  69%|██████▉   | 173/250 [00:50<00:22,  3.46it/s]
Fine-tuning 1/2:  70%|██████▉   | 174/250 [00:51<00:21,  3.46it/s]
Fine-tuning 1/2:  70%|███████   | 175/250 [00:51<00:21,  3.47it/s]
Fine-tuning 1/2:  70%|███████   | 176/250 [00:51<00:21,  3.48it/s]
Fine-tuning 1/2:  71%|███████   | 177/250 [00:52<00:21,  3.46it/s]
Fine-tuning 1/2:  71%|███████   | 178/250 [00:52<00:20,  3.47it/s]
Fine-tuning 1/2:  72%|███████▏  | 179/250 [00:52<00:20,  3.49it/s]
Fine-tuning 1/2:  72%|███████▏  | 180/250 [00:52<00:20,  3.46it/s]
Fine-tuning 1/2:  72%|███████▏  | 181/250 [00:53<00:20,  3.44it/s]
Fine-tuning 1/2:  73%|███████▎  | 182/250 [00:53<00:19,  3.51it/s]
Fine-tuning 1/2:  73%|███████▎  | 183/250 [00:53<00:19,  3.51it/s]
Fine-tuning 1/2:  74%|███████▎  | 184/250 [00:54<00:18,  3.51it/s]
Fine-tuning 1/2:  74%|███████▍  | 185/250 [00:54<00:18,  3.50it/s]
Fine-tuning 1/2:  74%|███████▍  | 186/250 [00:54<00:18,  3.48it/s]
Fine-tuning 1/2:  75%|███████▍  | 187/250 [00:54<00:17,  3.50it/s]
Fine-tuning 1/2:  75%|███████▌  | 188/250 [00:55<00:17,  3.49it/s]
Fine-tuning 1/2:  76%|███████▌  | 189/250 [00:55<00:17,  3.50it/s]
Fine-tuning 1/2:  76%|███████▌  | 190/250 [00:55<00:17,  3.49it/s]
Fine-tuning 1/2:  76%|███████▋  | 191/250 [00:56<00:16,  3.48it/s]
Fine-tuning 1/2:  77%|███████▋  | 192/250 [00:56<00:16,  3.50it/s]
Fine-tuning 1/2:  77%|███████▋  | 193/250 [00:56<00:16,  3.48it/s]
Fine-tuning 1/2:  78%|███████▊  | 194/250 [00:56<00:16,  3.49it/s]
Fine-tuning 1/2:  78%|███████▊  | 195/250 [00:57<00:15,  3.49it/s]
Fine-tuning 1/2:  78%|███████▊  | 196/250 [00:57<00:15,  3.49it/s]
Fine-tuning 1/2:  79%|███████▉  | 197/250 [00:57<00:15,  3.49it/s]
Fine-tuning 1/2:  79%|███████▉  | 198/250 [00:58<00:14,  3.48it/s]
Fine-tuning 1/2:  80%|███████▉  | 199/250 [00:58<00:14,  3.49it/s]
Fine-tuning 1/2:  80%|████████  | 200/250 [00:58<00:14,  3.49it/s]
Fine-tuning 1/2:  80%|████████  | 201/250 [00:58<00:14,  3.50it/s]
Fine-tuning 1/2:  81%|████████  | 202/250 [00:59<00:13,  3.47it/s]
Fine-tuning 1/2:  81%|████████  | 203/250 [00:59<00:13,  3.50it/s]
Fine-tuning 1/2:  82%|████████▏ | 204/250 [00:59<00:13,  3.50it/s]
Fine-tuning 1/2:  82%|████████▏ | 205/250 [01:00<00:12,  3.50it/s]
Fine-tuning 1/2:  82%|████████▏ | 206/250 [01:00<00:12,  3.49it/s]
Fine-tuning 1/2:  83%|████████▎ | 207/250 [01:00<00:12,  3.49it/s]
Fine-tuning 1/2:  83%|████████▎ | 208/250 [01:00<00:12,  3.49it/s]
Fine-tuning 1/2:  84%|████████▎ | 209/250 [01:01<00:11,  3.50it/s]
Fine-tuning 1/2:  84%|████████▍ | 210/250 [01:01<00:11,  3.49it/s]
Fine-tuning 1/2:  84%|████████▍ | 211/250 [01:01<00:11,  3.50it/s]
Fine-tuning 1/2:  85%|████████▍ | 212/250 [01:02<00:10,  3.49it/s]
Fine-tuning 1/2:  85%|████████▌ | 213/250 [01:02<00:10,  3.49it/s]
Fine-tuning 1/2:  86%|████████▌ | 214/250 [01:02<00:10,  3.49it/s]
Fine-tuning 1/2:  86%|████████▌ | 215/250 [01:02<00:09,  3.50it/s]
Fine-tuning 1/2:  86%|████████▋ | 216/250 [01:03<00:09,  3.50it/s]
Fine-tuning 1/2:  87%|████████▋ | 217/250 [01:03<00:09,  3.43it/s]
Fine-tuning 1/2:  87%|████████▋ | 218/250 [01:03<00:09,  3.48it/s]
Fine-tuning 1/2:  88%|████████▊ | 219/250 [01:04<00:08,  3.49it/s]
Fine-tuning 1/2:  88%|████████▊ | 220/250 [01:04<00:08,  3.50it/s]
Fine-tuning 1/2:  88%|████████▊ | 221/250 [01:04<00:08,  3.48it/s]
Fine-tuning 1/2:  89%|████████▉ | 222/250 [01:04<00:08,  3.46it/s]
Fine-tuning 1/2:  89%|████████▉ | 223/250 [01:05<00:07,  3.52it/s]
Fine-tuning 1/2:  90%|████████▉ | 224/250 [01:05<00:07,  3.51it/s]
Fine-tuning 1/2:  90%|█████████ | 225/250 [01:05<00:07,  3.50it/s]
Fine-tuning 1/2:  90%|█████████ | 226/250 [01:06<00:06,  3.49it/s]
Fine-tuning 1/2:  91%|█████████ | 227/250 [01:06<00:06,  3.49it/s]
Fine-tuning 1/2:  91%|█████████ | 228/250 [01:06<00:06,  3.35it/s]
Fine-tuning 1/2:  92%|█████████▏| 229/250 [01:06<00:06,  3.41it/s]
Fine-tuning 1/2:  92%|█████████▏| 230/250 [01:07<00:05,  3.43it/s]
Fine-tuning 1/2:  92%|█████████▏| 231/250 [01:07<00:05,  3.43it/s]
Fine-tuning 1/2:  93%|█████████▎| 232/250 [01:07<00:05,  3.52it/s]
Fine-tuning 1/2:  93%|█████████▎| 233/250 [01:08<00:04,  3.56it/s]
Fine-tuning 1/2:  94%|█████████▎| 234/250 [01:08<00:04,  3.56it/s]
Fine-tuning 1/2:  94%|█████████▍| 235/250 [01:08<00:04,  3.53it/s]
Fine-tuning 1/2:  94%|█████████▍| 236/250 [01:08<00:03,  3.52it/s]
Fine-tuning 1/2:  95%|█████████▍| 237/250 [01:09<00:03,  3.51it/s]
Fine-tuning 1/2:  95%|█████████▌| 238/250 [01:09<00:03,  3.50it/s]
Fine-tuning 1/2:  96%|█████████▌| 239/250 [01:09<00:03,  3.50it/s]
Fine-tuning 1/2:  96%|█████████▌| 240/250 [01:10<00:02,  3.50it/s]
Fine-tuning 1/2:  96%|█████████▋| 241/250 [01:10<00:02,  3.50it/s]
Fine-tuning 1/2:  97%|█████████▋| 242/250 [01:10<00:02,  3.48it/s]
Fine-tuning 1/2:  97%|█████████▋| 243/250 [01:10<00:02,  3.50it/s]
Fine-tuning 1/2:  98%|█████████▊| 244/250 [01:11<00:01,  3.50it/s]
Fine-tuning 1/2:  98%|█████████▊| 245/250 [01:11<00:01,  3.50it/s]
Fine-tuning 1/2:  98%|█████████▊| 246/250 [01:11<00:01,  3.49it/s]
Fine-tuning 1/2:  99%|█████████▉| 247/250 [01:12<00:00,  3.46it/s]
Fine-tuning 1/2:  99%|█████████▉| 248/250 [01:12<00:00,  3.50it/s]
Fine-tuning 1/2: 100%|█████████▉| 249/250 [01:12<00:00,  3.50it/s]
Fine-tuning 1/2: 100%|██████████| 250/250 [01:12<00:00,  3.45it/s]
Fine-tuning 1/2: 100%|██████████| 250/250 [01:12<00:00,  3.43it/s]

Fine-tuning 2/2:   0%|          | 0/250 [00:00<?, ?it/s]
Fine-tuning 2/2:   0%|          | 1/250 [00:00<01:07,  3.66it/s]
Fine-tuning 2/2:   1%|          | 2/250 [00:00<01:09,  3.56it/s]
Fine-tuning 2/2:   1%|          | 3/250 [00:00<01:10,  3.53it/s]
Fine-tuning 2/2:   2%|▏         | 4/250 [00:01<01:10,  3.50it/s]
Fine-tuning 2/2:   2%|▏         | 5/250 [00:01<01:09,  3.51it/s]
Fine-tuning 2/2:   2%|▏         | 6/250 [00:01<01:09,  3.50it/s]
Fine-tuning 2/2:   3%|▎         | 7/250 [00:01<01:09,  3.49it/s]
Fine-tuning 2/2:   3%|▎         | 8/250 [00:02<01:09,  3.47it/s]
Fine-tuning 2/2:   4%|▎         | 9/250 [00:02<01:09,  3.49it/s]
Fine-tuning 2/2:   4%|▍         | 10/250 [00:02<01:08,  3.48it/s]
Fine-tuning 2/2:   4%|▍         | 11/250 [00:03<01:08,  3.48it/s]
Fine-tuning 2/2:   5%|▍         | 12/250 [00:03<01:08,  3.48it/s]
Fine-tuning 2/2:   5%|▌         | 13/250 [00:03<01:08,  3.47it/s]
Fine-tuning 2/2:   6%|▌         | 14/250 [00:04<01:07,  3.47it/s]
Fine-tuning 2/2:   6%|▌         | 15/250 [00:04<01:07,  3.48it/s]
Fine-tuning 2/2:   6%|▋         | 16/250 [00:04<01:07,  3.47it/s]
Fine-tuning 2/2:   7%|▋         | 17/250 [00:04<01:07,  3.44it/s]
Fine-tuning 2/2:   7%|▋         | 18/250 [00:05<01:07,  3.44it/s]
Fine-tuning 2/2:   8%|▊         | 19/250 [00:05<01:06,  3.48it/s]
Fine-tuning 2/2:   8%|▊         | 20/250 [00:05<01:06,  3.47it/s]
Fine-tuning 2/2:   8%|▊         | 21/250 [00:06<01:06,  3.46it/s]
Fine-tuning 2/2:   9%|▉         | 22/250 [00:06<01:05,  3.47it/s]
Fine-tuning 2/2:   9%|▉         | 23/250 [00:06<01:05,  3.47it/s]
Fine-tuning 2/2:  10%|▉         | 24/250 [00:06<01:05,  3.47it/s]
Fine-tuning 2/2:  10%|█         | 25/250 [00:07<01:04,  3.48it/s]
Fine-tuning 2/2:  10%|█         | 26/250 [00:07<01:04,  3.47it/s]
Fine-tuning 2/2:  11%|█         | 27/250 [00:07<01:04,  3.47it/s]
Fine-tuning 2/2:  11%|█         | 28/250 [00:08<01:04,  3.45it/s]
Fine-tuning 2/2:  12%|█▏        | 29/250 [00:08<01:03,  3.50it/s]
Fine-tuning 2/2:  12%|█▏        | 30/250 [00:08<01:02,  3.49it/s]
Fine-tuning 2/2:  12%|█▏        | 31/250 [00:08<01:02,  3.48it/s]
Fine-tuning 2/2:  13%|█▎        | 32/250 [00:09<01:02,  3.47it/s]
Fine-tuning 2/2:  13%|█▎        | 33/250 [00:09<01:02,  3.47it/s]
Fine-tuning 2/2:  14%|█▎        | 34/250 [00:09<01:02,  3.48it/s]
Fine-tuning 2/2:  14%|█▍        | 35/250 [00:10<01:02,  3.46it/s]
Fine-tuning 2/2:  14%|█▍        | 36/250 [00:10<01:01,  3.46it/s]
Fine-tuning 2/2:  15%|█▍        | 37/250 [00:10<01:01,  3.46it/s]
Fine-tuning 2/2:  15%|█▌        | 38/250 [00:10<01:01,  3.46it/s]
Fine-tuning 2/2:  16%|█▌        | 39/250 [00:11<01:01,  3.45it/s]
Fine-tuning 2/2:  16%|█▌        | 40/250 [00:11<01:01,  3.44it/s]
Fine-tuning 2/2:  16%|█▋        | 41/250 [00:11<01:00,  3.46it/s]
Fine-tuning 2/2:  17%|█▋        | 42/250 [00:12<01:00,  3.46it/s]
Fine-tuning 2/2:  17%|█▋        | 43/250 [00:12<00:59,  3.45it/s]
Fine-tuning 2/2:  18%|█▊        | 44/250 [00:12<00:59,  3.46it/s]
Fine-tuning 2/2:  18%|█▊        | 45/250 [00:12<00:59,  3.46it/s]
Fine-tuning 2/2:  18%|█▊        | 46/250 [00:13<00:59,  3.46it/s]
Fine-tuning 2/2:  19%|█▉        | 47/250 [00:13<00:58,  3.45it/s]
Fine-tuning 2/2:  19%|█▉        | 48/250 [00:13<00:58,  3.45it/s]
Fine-tuning 2/2:  20%|█▉        | 49/250 [00:14<00:58,  3.44it/s]
Fine-tuning 2/2:  20%|██        | 50/250 [00:14<00:57,  3.45it/s]
Fine-tuning 2/2:  20%|██        | 51/250 [00:14<00:57,  3.46it/s]
Fine-tuning 2/2:  21%|██        | 52/250 [00:14<00:57,  3.44it/s]
Fine-tuning 2/2:  21%|██        | 53/250 [00:15<00:57,  3.45it/s]
Fine-tuning 2/2:  22%|██▏       | 54/250 [00:15<00:56,  3.44it/s]
Fine-tuning 2/2:  22%|██▏       | 55/250 [00:15<00:56,  3.45it/s]
Fine-tuning 2/2:  22%|██▏       | 56/250 [00:16<00:56,  3.45it/s]
Fine-tuning 2/2:  23%|██▎       | 57/250 [00:16<00:56,  3.42it/s]
Fine-tuning 2/2:  23%|██▎       | 58/250 [00:16<00:55,  3.45it/s]
Fine-tuning 2/2:  24%|██▎       | 59/250 [00:17<00:55,  3.45it/s]
Fine-tuning 2/2:  24%|██▍       | 60/250 [00:17<00:54,  3.46it/s]
Fine-tuning 2/2:  24%|██▍       | 61/250 [00:17<00:54,  3.44it/s]
Fine-tuning 2/2:  25%|██▍       | 62/250 [00:17<00:54,  3.45it/s]
Fine-tuning 2/2:  25%|██▌       | 63/250 [00:18<00:54,  3.44it/s]
Fine-tuning 2/2:  26%|██▌       | 64/250 [00:18<00:54,  3.41it/s]
Fine-tuning 2/2:  26%|██▌       | 65/250 [00:18<00:54,  3.37it/s]
Fine-tuning 2/2:  26%|██▋       | 66/250 [00:19<00:53,  3.45it/s]
Fine-tuning 2/2:  27%|██▋       | 67/250 [00:19<00:53,  3.45it/s]
Fine-tuning 2/2:  27%|██▋       | 68/250 [00:19<00:52,  3.45it/s]
Fine-tuning 2/2:  28%|██▊       | 69/250 [00:19<00:52,  3.44it/s]
Fine-tuning 2/2:  28%|██▊       | 70/250 [00:20<00:52,  3.42it/s]
Fine-tuning 2/2:  28%|██▊       | 71/250 [00:20<00:51,  3.45it/s]
Fine-tuning 2/2:  29%|██▉       | 72/250 [00:20<00:51,  3.42it/s]
Fine-tuning 2/2:  29%|██▉       | 73/250 [00:21<00:51,  3.43it/s]
Fine-tuning 2/2:  30%|██▉       | 74/250 [00:21<00:51,  3.40it/s]
Fine-tuning 2/2:  30%|███       | 75/250 [00:21<00:51,  3.40it/s]
Fine-tuning 2/2:  30%|███       | 76/250 [00:21<00:51,  3.41it/s]
Fine-tuning 2/2:  31%|███       | 77/250 [00:22<00:50,  3.46it/s]
Fine-tuning 2/2:  31%|███       | 78/250 [00:22<00:49,  3.45it/s]
Fine-tuning 2/2:  32%|███▏      | 79/250 [00:22<00:49,  3.43it/s]
Fine-tuning 2/2:  32%|███▏      | 80/250 [00:23<00:49,  3.44it/s]
Fine-tuning 2/2:  32%|███▏      | 81/250 [00:23<00:49,  3.43it/s]
Fine-tuning 2/2:  33%|███▎      | 82/250 [00:23<00:48,  3.44it/s]
Fine-tuning 2/2:  33%|███▎      | 83/250 [00:24<00:49,  3.38it/s]
Fine-tuning 2/2:  34%|███▎      | 84/250 [00:24<00:48,  3.44it/s]
Fine-tuning 2/2:  34%|███▍      | 85/250 [00:24<00:48,  3.44it/s]
Fine-tuning 2/2:  34%|███▍      | 86/250 [00:24<00:47,  3.44it/s]
Fine-tuning 2/2:  35%|███▍      | 87/250 [00:25<00:47,  3.42it/s]
Fine-tuning 2/2:  35%|███▌      | 88/250 [00:25<00:47,  3.43it/s]
Fine-tuning 2/2:  36%|███▌      | 89/250 [00:25<00:46,  3.43it/s]
Fine-tuning 2/2:  36%|███▌      | 90/250 [00:26<00:48,  3.30it/s]
Fine-tuning 2/2:  36%|███▋      | 91/250 [00:26<00:47,  3.34it/s]
Fine-tuning 2/2:  37%|███▋      | 92/250 [00:26<00:46,  3.43it/s]
Fine-tuning 2/2:  37%|███▋      | 93/250 [00:26<00:45,  3.47it/s]
Fine-tuning 2/2:  38%|███▊      | 94/250 [00:27<00:45,  3.44it/s]
Fine-tuning 2/2:  38%|███▊      | 95/250 [00:27<00:45,  3.44it/s]
Fine-tuning 2/2:  38%|███▊      | 96/250 [00:27<00:45,  3.42it/s]
Fine-tuning 2/2:  39%|███▉      | 97/250 [00:28<00:44,  3.42it/s]
Fine-tuning 2/2:  39%|███▉      | 98/250 [00:28<00:44,  3.41it/s]
Fine-tuning 2/2:  40%|███▉      | 99/250 [00:28<00:44,  3.42it/s]
Fine-tuning 2/2:  40%|████      | 100/250 [00:29<00:43,  3.41it/s]
Fine-tuning 2/2:  40%|████      | 101/250 [00:29<00:43,  3.42it/s]
Fine-tuning 2/2:  41%|████      | 102/250 [00:29<00:43,  3.41it/s]
Fine-tuning 2/2:  41%|████      | 103/250 [00:29<00:42,  3.43it/s]
Fine-tuning 2/2:  42%|████▏     | 104/250 [00:30<00:42,  3.42it/s]
Fine-tuning 2/2:  42%|████▏     | 105/250 [00:30<00:42,  3.42it/s]
Fine-tuning 2/2:  42%|████▏     | 106/250 [00:30<00:42,  3.42it/s]
Fine-tuning 2/2:  43%|████▎     | 107/250 [00:31<00:41,  3.42it/s]
Fine-tuning 2/2:  43%|████▎     | 108/250 [00:31<00:41,  3.41it/s]
Fine-tuning 2/2:  44%|████▎     | 109/250 [00:31<00:41,  3.41it/s]
Fine-tuning 2/2:  44%|████▍     | 110/250 [00:31<00:41,  3.41it/s]
Fine-tuning 2/2:  44%|████▍     | 111/250 [00:32<00:41,  3.35it/s]
Fine-tuning 2/2:  45%|████▍     | 112/250 [00:32<00:40,  3.40it/s]
Fine-tuning 2/2:  45%|████▌     | 113/250 [00:32<00:40,  3.41it/s]
Fine-tuning 2/2:  46%|████▌     | 114/250 [00:33<00:40,  3.38it/s]
Fine-tuning 2/2:  46%|████▌     | 115/250 [00:33<00:39,  3.41it/s]
Fine-tuning 2/2:  46%|████▋     | 116/250 [00:33<00:39,  3.40it/s]
Fine-tuning 2/2:  47%|████▋     | 117/250 [00:33<00:38,  3.42it/s]
Fine-tuning 2/2:  47%|████▋     | 118/250 [00:34<00:38,  3.42it/s]
Fine-tuning 2/2:  48%|████▊     | 119/250 [00:34<00:38,  3.42it/s]
Fine-tuning 2/2:  48%|████▊     | 120/250 [00:34<00:37,  3.42it/s]
Fine-tuning 2/2:  48%|████▊     | 121/250 [00:35<00:38,  3.39it/s]
Fine-tuning 2/2:  49%|████▉     | 122/250 [00:35<00:37,  3.39it/s]
Fine-tuning 2/2:  49%|████▉     | 123/250 [00:35<00:37,  3.39it/s]
Fine-tuning 2/2:  50%|████▉     | 124/250 [00:36<00:36,  3.43it/s]
Fine-tuning 2/2:  50%|█████     | 125/250 [00:36<00:36,  3.43it/s]
Fine-tuning 2/2:  50%|█████     | 126/250 [00:36<00:36,  3.41it/s]
Fine-tuning 2/2:  51%|█████     | 127/250 [00:36<00:35,  3.43it/s]
Fine-tuning 2/2:  51%|█████     | 128/250 [00:37<00:35,  3.42it/s]
Fine-tuning 2/2:  52%|█████▏    | 129/250 [00:37<00:35,  3.42it/s]
Fine-tuning 2/2:  52%|█████▏    | 130/250 [00:37<00:35,  3.41it/s]
Fine-tuning 2/2:  52%|█████▏    | 131/250 [00:38<00:34,  3.42it/s]
Fine-tuning 2/2:  53%|█████▎    | 132/250 [00:38<00:34,  3.41it/s]
Fine-tuning 2/2:  53%|█████▎    | 133/250 [00:38<00:34,  3.38it/s]
Fine-tuning 2/2:  54%|█████▎    | 134/250 [00:38<00:33,  3.41it/s]
Fine-tuning 2/2:  54%|█████▍    | 135/250 [00:39<00:33,  3.43it/s]
Fine-tuning 2/2:  54%|█████▍    | 136/250 [00:39<00:33,  3.41it/s]
Fine-tuning 2/2:  55%|█████▍    | 137/250 [00:39<00:33,  3.41it/s]
Fine-tuning 2/2:  55%|█████▌    | 138/250 [00:40<00:32,  3.41it/s]
Fine-tuning 2/2:  56%|█████▌    | 139/250 [00:40<00:32,  3.42it/s]
Fine-tuning 2/2:  56%|█████▌    | 140/250 [00:40<00:32,  3.37it/s]
Fine-tuning 2/2:  56%|█████▋    | 141/250 [00:41<00:31,  3.43it/s]
Fine-tuning 2/2:  57%|█████▋    | 142/250 [00:41<00:31,  3.42it/s]
Fine-tuning 2/2:  57%|█████▋    | 143/250 [00:41<00:31,  3.41it/s]
Fine-tuning 2/2:  58%|█████▊    | 144/250 [00:41<00:31,  3.42it/s]
Fine-tuning 2/2:  58%|█████▊    | 145/250 [00:42<00:30,  3.41it/s]
Fine-tuning 2/2:  58%|█████▊    | 146/250 [00:42<00:30,  3.40it/s]
Fine-tuning 2/2:  59%|█████▉    | 147/250 [00:42<00:30,  3.41it/s]
Fine-tuning 2/2:  59%|█████▉    | 148/250 [00:43<00:29,  3.41it/s]
Fine-tuning 2/2:  60%|█████▉    | 149/250 [00:43<00:29,  3.42it/s]
Fine-tuning 2/2:  60%|██████    | 150/250 [00:43<00:29,  3.41it/s]
Fine-tuning 2/2:  60%|██████    | 151/250 [00:43<00:29,  3.41it/s]
Fine-tuning 2/2:  61%|██████    | 152/250 [00:44<00:28,  3.40it/s]
Fine-tuning 2/2:  61%|██████    | 153/250 [00:44<00:28,  3.41it/s]
Fine-tuning 2/2:  62%|██████▏   | 154/250 [00:44<00:28,  3.42it/s]
Fine-tuning 2/2:  62%|██████▏   | 155/250 [00:45<00:27,  3.42it/s]
Fine-tuning 2/2:  62%|██████▏   | 156/250 [00:45<00:27,  3.42it/s]
Fine-tuning 2/2:  63%|██████▎   | 157/250 [00:45<00:27,  3.42it/s]
Fine-tuning 2/2:  63%|██████▎   | 158/250 [00:46<00:27,  3.38it/s]
Fine-tuning 2/2:  64%|██████▎   | 159/250 [00:46<00:26,  3.38it/s]
Fine-tuning 2/2:  64%|██████▍   | 160/250 [00:46<00:26,  3.41it/s]
Fine-tuning 2/2:  64%|██████▍   | 161/250 [00:46<00:26,  3.40it/s]
Fine-tuning 2/2:  65%|██████▍   | 162/250 [00:47<00:25,  3.40it/s]
Fine-tuning 2/2:  65%|██████▌   | 163/250 [00:47<00:25,  3.40it/s]
Fine-tuning 2/2:  66%|██████▌   | 164/250 [00:47<00:25,  3.38it/s]
Fine-tuning 2/2:  66%|██████▌   | 165/250 [00:48<00:25,  3.35it/s]
Fine-tuning 2/2:  66%|██████▋   | 166/250 [00:48<00:24,  3.42it/s]
Fine-tuning 2/2:  67%|██████▋   | 167/250 [00:48<00:24,  3.42it/s]
Fine-tuning 2/2:  67%|██████▋   | 168/250 [00:48<00:24,  3.41it/s]
Fine-tuning 2/2:  68%|██████▊   | 169/250 [00:49<00:23,  3.39it/s]
Fine-tuning 2/2:  68%|██████▊   | 170/250 [00:49<00:23,  3.39it/s]
Fine-tuning 2/2:  68%|██████▊   | 171/250 [00:49<00:23,  3.43it/s]
Fine-tuning 2/2:  69%|██████▉   | 172/250 [00:50<00:22,  3.43it/s]
Fine-tuning 2/2:  69%|██████▉   | 173/250 [00:50<00:22,  3.43it/s]
Fine-tuning 2/2:  70%|██████▉   | 174/250 [00:50<00:22,  3.43it/s]
Fine-tuning 2/2:  70%|███████   | 175/250 [00:50<00:21,  3.42it/s]
Fine-tuning 2/2:  70%|███████   | 176/250 [00:51<00:21,  3.42it/s]
Fine-tuning 2/2:  71%|███████   | 177/250 [00:51<00:21,  3.42it/s]
Fine-tuning 2/2:  71%|███████   | 178/250 [00:51<00:21,  3.42it/s]
Fine-tuning 2/2:  72%|███████▏  | 179/250 [00:52<00:20,  3.40it/s]
Fine-tuning 2/2:  72%|███████▏  | 180/250 [00:52<00:20,  3.42it/s]
Fine-tuning 2/2:  72%|███████▏  | 181/250 [00:52<00:20,  3.41it/s]
Fine-tuning 2/2:  73%|███████▎  | 182/250 [00:53<00:19,  3.42it/s]
Fine-tuning 2/2:  73%|███████▎  | 183/250 [00:53<00:19,  3.42it/s]
Fine-tuning 2/2:  74%|███████▎  | 184/250 [00:53<00:19,  3.42it/s]
Fine-tuning 2/2:  74%|███████▍  | 185/250 [00:53<00:19,  3.42it/s]
Fine-tuning 2/2:  74%|███████▍  | 186/250 [00:54<00:18,  3.42it/s]
Fine-tuning 2/2:  75%|███████▍  | 187/250 [00:54<00:18,  3.42it/s]
Fine-tuning 2/2:  75%|███████▌  | 188/250 [00:54<00:18,  3.42it/s]
Fine-tuning 2/2:  76%|███████▌  | 189/250 [00:55<00:17,  3.42it/s]
Fine-tuning 2/2:  76%|███████▌  | 190/250 [00:55<00:17,  3.42it/s]
Fine-tuning 2/2:  76%|███████▋  | 191/250 [00:55<00:17,  3.43it/s]
Fine-tuning 2/2:  77%|███████▋  | 192/250 [00:55<00:16,  3.42it/s]
Fine-tuning 2/2:  77%|███████▋  | 193/250 [00:56<00:16,  3.42it/s]
Fine-tuning 2/2:  78%|███████▊  | 194/250 [00:56<00:16,  3.42it/s]
Fine-tuning 2/2:  78%|███████▊  | 195/250 [00:56<00:16,  3.42it/s]
Fine-tuning 2/2:  78%|███████▊  | 196/250 [00:57<00:15,  3.43it/s]
Fine-tuning 2/2:  79%|███████▉  | 197/250 [00:57<00:15,  3.41it/s]
Fine-tuning 2/2:  79%|███████▉  | 198/250 [00:57<00:15,  3.42it/s]
Fine-tuning 2/2:  80%|███████▉  | 199/250 [00:58<00:14,  3.41it/s]
Fine-tuning 2/2:  80%|████████  | 200/250 [00:58<00:14,  3.42it/s]
Fine-tuning 2/2:  80%|████████  | 201/250 [00:58<00:14,  3.42it/s]
Fine-tuning 2/2:  81%|████████  | 202/250 [00:58<00:14,  3.35it/s]
Fine-tuning 2/2:  81%|████████  | 203/250 [00:59<00:13,  3.39it/s]
Fine-tuning 2/2:  82%|████████▏ | 204/250 [00:59<00:13,  3.46it/s]
Fine-tuning 2/2:  82%|████████▏ | 205/250 [00:59<00:13,  3.46it/s]
Fine-tuning 2/2:  82%|████████▏ | 206/250 [01:00<00:12,  3.41it/s]
Fine-tuning 2/2:  83%|████████▎ | 207/250 [01:00<00:12,  3.44it/s]
Fine-tuning 2/2:  83%|████████▎ | 208/250 [01:00<00:12,  3.44it/s]
Fine-tuning 2/2:  84%|████████▎ | 209/250 [01:00<00:11,  3.44it/s]
Fine-tuning 2/2:  84%|████████▍ | 210/250 [01:01<00:11,  3.44it/s]
Fine-tuning 2/2:  84%|████████▍ | 211/250 [01:01<00:11,  3.42it/s]
Fine-tuning 2/2:  85%|████████▍ | 212/250 [01:01<00:11,  3.43it/s]
Fine-tuning 2/2:  85%|████████▌ | 213/250 [01:02<00:10,  3.43it/s]
Fine-tuning 2/2:  86%|████████▌ | 214/250 [01:02<00:10,  3.43it/s]
Fine-tuning 2/2:  86%|████████▌ | 215/250 [01:02<00:10,  3.43it/s]
Fine-tuning 2/2:  86%|████████▋ | 216/250 [01:02<00:10,  3.40it/s]
Fine-tuning 2/2:  87%|████████▋ | 217/250 [01:03<00:09,  3.42it/s]
Fine-tuning 2/2:  87%|████████▋ | 218/250 [01:03<00:09,  3.43it/s]
Fine-tuning 2/2:  88%|████████▊ | 219/250 [01:03<00:08,  3.47it/s]
Fine-tuning 2/2:  88%|████████▊ | 220/250 [01:04<00:08,  3.47it/s]
Fine-tuning 2/2:  88%|████████▊ | 221/250 [01:04<00:08,  3.47it/s]
Fine-tuning 2/2:  89%|████████▉ | 222/250 [01:04<00:08,  3.44it/s]
Fine-tuning 2/2:  89%|████████▉ | 223/250 [01:05<00:07,  3.46it/s]
Fine-tuning 2/2:  90%|████████▉ | 224/250 [01:05<00:07,  3.46it/s]
Fine-tuning 2/2:  90%|█████████ | 225/250 [01:05<00:07,  3.45it/s]
Fine-tuning 2/2:  90%|█████████ | 226/250 [01:05<00:06,  3.45it/s]
Fine-tuning 2/2:  91%|█████████ | 227/250 [01:06<00:06,  3.44it/s]
Fine-tuning 2/2:  91%|█████████ | 228/250 [01:06<00:06,  3.43it/s]
Fine-tuning 2/2:  92%|█████████▏| 229/250 [01:06<00:06,  3.45it/s]
Fine-tuning 2/2:  92%|█████████▏| 230/250 [01:07<00:05,  3.45it/s]
Fine-tuning 2/2:  92%|█████████▏| 231/250 [01:07<00:05,  3.44it/s]
Fine-tuning 2/2:  93%|█████████▎| 232/250 [01:07<00:05,  3.45it/s]
Fine-tuning 2/2:  93%|█████████▎| 233/250 [01:07<00:04,  3.45it/s]
Fine-tuning 2/2:  94%|█████████▎| 234/250 [01:08<00:04,  3.44it/s]
Fine-tuning 2/2:  94%|█████████▍| 235/250 [01:08<00:04,  3.45it/s]
Fine-tuning 2/2:  94%|█████████▍| 236/250 [01:08<00:04,  3.44it/s]
Fine-tuning 2/2:  95%|█████████▍| 237/250 [01:09<00:03,  3.44it/s]
Fine-tuning 2/2:  95%|█████████▌| 238/250 [01:09<00:03,  3.45it/s]
Fine-tuning 2/2:  96%|█████████▌| 239/250 [01:09<00:03,  3.45it/s]
Fine-tuning 2/2:  96%|█████████▌| 240/250 [01:09<00:02,  3.44it/s]
Fine-tuning 2/2:  96%|█████████▋| 241/250 [01:10<00:02,  3.45it/s]
Fine-tuning 2/2:  97%|█████████▋| 242/250 [01:10<00:02,  3.44it/s]
Fine-tuning 2/2:  97%|█████████▋| 243/250 [01:10<00:02,  3.44it/s]
Fine-tuning 2/2:  98%|█████████▊| 244/250 [01:11<00:01,  3.45it/s]
Fine-tuning 2/2:  98%|█████████▊| 245/250 [01:11<00:01,  3.45it/s]
Fine-tuning 2/2:  98%|█████████▊| 246/250 [01:11<00:01,  3.44it/s]
Fine-tuning 2/2:  99%|█████████▉| 247/250 [01:11<00:00,  3.43it/s]
Fine-tuning 2/2:  99%|█████████▉| 248/250 [01:12<00:00,  3.46it/s]
Fine-tuning 2/2: 100%|█████████▉| 249/250 [01:12<00:00,  3.45it/s]
Fine-tuning 2/2: 100%|██████████| 250/250 [01:12<00:00,  3.45it/s]
Fine-tuning 2/2: 100%|██████████| 250/250 [01:12<00:00,  3.43it/s]
Starting evaluation: max_eval_batches=all

Evaluating Magnitude Pruning:   0%|          | 0/97 [00:00<?, ?it/s]
Evaluating Magnitude Pruning:   1%|          | 1/97 [00:00<00:34,  2.78it/s]
Evaluating Magnitude Pruning:   3%|▎         | 3/97 [00:00<00:15,  6.08it/s]
Evaluating Magnitude Pruning:   5%|▌         | 5/97 [00:00<00:11,  7.73it/s]
Evaluating Magnitude Pruning:   7%|▋         | 7/97 [00:00<00:10,  8.67it/s]
Evaluating Magnitude Pruning:   9%|▉         | 9/97 [00:01<00:09,  9.20it/s]
Evaluating Magnitude Pruning:  11%|█▏        | 11/97 [00:01<00:09,  9.50it/s]
Evaluating Magnitude Pruning:  13%|█▎        | 13/97 [00:01<00:08,  9.77it/s]
Evaluating Magnitude Pruning:  15%|█▌        | 15/97 [00:01<00:08,  9.92it/s]
Evaluating Magnitude Pruning:  18%|█▊        | 17/97 [00:01<00:07, 10.02it/s]
Evaluating Magnitude Pruning:  20%|█▉        | 19/97 [00:02<00:07, 10.13it/s]
Evaluating Magnitude Pruning:  22%|██▏       | 21/97 [00:02<00:07, 10.17it/s]
Evaluating Magnitude Pruning:  24%|██▎       | 23/97 [00:02<00:07, 10.21it/s]
Evaluating Magnitude Pruning:  26%|██▌       | 25/97 [00:02<00:07, 10.23it/s]
Evaluating Magnitude Pruning:  28%|██▊       | 27/97 [00:02<00:06, 10.23it/s]
Evaluating Magnitude Pruning:  30%|██▉       | 29/97 [00:03<00:06, 10.29it/s]
Evaluating Magnitude Pruning:  32%|███▏      | 31/97 [00:03<00:06, 10.29it/s]
Evaluating Magnitude Pruning:  34%|███▍      | 33/97 [00:03<00:06, 10.30it/s]
Evaluating Magnitude Pruning:  36%|███▌      | 35/97 [00:03<00:06, 10.30it/s]
Evaluating Magnitude Pruning:  38%|███▊      | 37/97 [00:03<00:05, 10.27it/s]
Evaluating Magnitude Pruning:  40%|████      | 39/97 [00:04<00:05, 10.33it/s]
Evaluating Magnitude Pruning:  42%|████▏     | 41/97 [00:04<00:05, 10.32it/s]
Evaluating Magnitude Pruning:  44%|████▍     | 43/97 [00:04<00:05, 10.30it/s]
Evaluating Magnitude Pruning:  46%|████▋     | 45/97 [00:04<00:05, 10.24it/s]
Evaluating Magnitude Pruning:  48%|████▊     | 47/97 [00:04<00:04, 10.23it/s]
Evaluating Magnitude Pruning:  51%|█████     | 49/97 [00:05<00:04, 10.32it/s]
Evaluating Magnitude Pruning:  53%|█████▎    | 51/97 [00:05<00:04, 10.31it/s]
Evaluating Magnitude Pruning:  55%|█████▍    | 53/97 [00:05<00:04, 10.37it/s]
Evaluating Magnitude Pruning:  57%|█████▋    | 55/97 [00:05<00:04, 10.35it/s]
Evaluating Magnitude Pruning:  59%|█████▉    | 57/97 [00:05<00:03, 10.36it/s]
Evaluating Magnitude Pruning:  61%|██████    | 59/97 [00:05<00:03, 10.38it/s]
Evaluating Magnitude Pruning:  63%|██████▎   | 61/97 [00:06<00:03, 10.39it/s]
Evaluating Magnitude Pruning:  65%|██████▍   | 63/97 [00:06<00:03, 10.40it/s]
Evaluating Magnitude Pruning:  67%|██████▋   | 65/97 [00:06<00:03, 10.40it/s]
Evaluating Magnitude Pruning:  69%|██████▉   | 67/97 [00:06<00:02, 10.40it/s]
Evaluating Magnitude Pruning:  71%|███████   | 69/97 [00:06<00:02, 10.41it/s]
Evaluating Magnitude Pruning:  73%|███████▎  | 71/97 [00:07<00:02, 10.40it/s]
Evaluating Magnitude Pruning:  75%|███████▌  | 73/97 [00:07<00:02, 10.40it/s]
Evaluating Magnitude Pruning:  77%|███████▋  | 75/97 [00:07<00:02, 10.40it/s]
Evaluating Magnitude Pruning:  79%|███████▉  | 77/97 [00:07<00:01, 10.37it/s]
Evaluating Magnitude Pruning:  81%|████████▏ | 79/97 [00:07<00:01, 10.38it/s]
Evaluating Magnitude Pruning:  84%|████████▎ | 81/97 [00:08<00:01, 10.35it/s]
Evaluating Magnitude Pruning:  86%|████████▌ | 83/97 [00:08<00:01, 10.39it/s]
Evaluating Magnitude Pruning:  88%|████████▊ | 85/97 [00:08<00:01, 10.38it/s]
Evaluating Magnitude Pruning:  90%|████████▉ | 87/97 [00:08<00:00, 10.41it/s]
Evaluating Magnitude Pruning:  92%|█████████▏| 89/97 [00:08<00:00, 10.39it/s]
Evaluating Magnitude Pruning:  94%|█████████▍| 91/97 [00:09<00:00, 10.46it/s]
Evaluating Magnitude Pruning:  96%|█████████▌| 93/97 [00:09<00:00, 10.43it/s]
Evaluating Magnitude Pruning:  98%|█████████▊| 95/97 [00:09<00:00, 10.46it/s]
Evaluating Magnitude Pruning: 100%|██████████| 97/97 [00:09<00:00, 11.70it/s]
                                                                             
[Magnitude Pruning        ] banking77    | Acc: 90.52% | F1: 90.53% | Compression: 6.2% | Inf: 92.8ms/batch
Results saved to results/tables/banking77_sparsity30.json
Results saved to results/tables/banking77_sparsity30.json
