Device: cuda
Datasets: banking77
Methods: magnitude
Sparsities: 20%
Resume: True
Fine-tune epochs: 2
Max train batches: all
Max eval batches: all
Observability batches: 50

########################################################################
Dataset: banking77  |  Sparsities: 20%
########################################################################
Warning: You are sending unauthenticated requests to the HF Hub. Please set a HF_TOKEN to enable higher rate limits and faster downloads.

Map:   0%|          | 0/8000 [00:00<?, ? examples/s]
Map:  12%|█▎        | 1000/8000 [00:00<00:00, 8197.09 examples/s]
Map:  25%|██▌       | 2000/8000 [00:00<00:00, 7240.97 examples/s]
Map:  38%|███▊      | 3000/8000 [00:00<00:00, 7398.97 examples/s]
Map:  50%|█████     | 4000/8000 [00:00<00:00, 7399.85 examples/s]
Map:  62%|██████▎   | 5000/8000 [00:00<00:00, 7445.66 examples/s]
Map:  75%|███████▌  | 6000/8000 [00:00<00:00, 7523.94 examples/s]
Map:  88%|████████▊ | 7000/8000 [00:00<00:00, 7566.30 examples/s]
Map: 100%|██████████| 8000/8000 [00:01<00:00, 7546.17 examples/s]
Map: 100%|██████████| 8000/8000 [00:01<00:00, 7458.97 examples/s]

Map:   0%|          | 0/1000 [00:00<?, ? examples/s]
Map: 100%|██████████| 1000/1000 [00:00<00:00, 2994.43 examples/s]
Map: 100%|██████████| 1000/1000 [00:00<00:00, 2956.49 examples/s]

Map:   0%|          | 0/3080 [00:00<?, ? examples/s]
Map:  32%|███▏      | 1000/3080 [00:00<00:00, 9191.48 examples/s]
Map:  65%|██████▍   | 2000/3080 [00:00<00:00, 7486.58 examples/s]
Map:  97%|█████████▋| 3000/3080 [00:00<00:00, 8031.78 examples/s]
Map: 100%|██████████| 3080/3080 [00:00<00:00, 7922.49 examples/s]
Loading checkpoint from results/checkpoints/banking77/best

Loading weights:   0%|          | 0/104 [00:00<?, ?it/s]
Loading weights: 100%|██████████| 104/104 [00:00<00:00, 5427.36it/s]
Evaluating baseline for banking77...

Evaluating Baseline (unpruned):   0%|          | 0/97 [00:00<?, ?it/s]
Evaluating Baseline (unpruned):   1%|          | 1/97 [00:00<00:25,  3.74it/s]
Evaluating Baseline (unpruned):   2%|▏         | 2/97 [00:00<00:17,  5.58it/s]
Evaluating Baseline (unpruned):   3%|▎         | 3/97 [00:00<00:13,  6.98it/s]
Evaluating Baseline (unpruned):   5%|▌         | 5/97 [00:00<00:10,  8.86it/s]
Evaluating Baseline (unpruned):   7%|▋         | 7/97 [00:00<00:09,  9.72it/s]
Evaluating Baseline (unpruned):   9%|▉         | 9/97 [00:01<00:08, 10.22it/s]
Evaluating Baseline (unpruned):  11%|█▏        | 11/97 [00:01<00:08, 10.50it/s]
Evaluating Baseline (unpruned):  13%|█▎        | 13/97 [00:01<00:07, 10.71it/s]
Evaluating Baseline (unpruned):  15%|█▌        | 15/97 [00:01<00:07, 10.86it/s]
Evaluating Baseline (unpruned):  18%|█▊        | 17/97 [00:01<00:07, 10.92it/s]
Evaluating Baseline (unpruned):  20%|█▉        | 19/97 [00:01<00:07, 10.98it/s]
Evaluating Baseline (unpruned):  22%|██▏       | 21/97 [00:02<00:06, 10.99it/s]
Evaluating Baseline (unpruned):  24%|██▎       | 23/97 [00:02<00:06, 11.03it/s]
Evaluating Baseline (unpruned):  26%|██▌       | 25/97 [00:02<00:06, 11.06it/s]
Evaluating Baseline (unpruned):  28%|██▊       | 27/97 [00:02<00:06, 11.07it/s]
Evaluating Baseline (unpruned):  30%|██▉       | 29/97 [00:02<00:06, 11.04it/s]
Evaluating Baseline (unpruned):  32%|███▏      | 31/97 [00:03<00:05, 11.01it/s]
Evaluating Baseline (unpruned):  34%|███▍      | 33/97 [00:03<00:05, 10.99it/s]
Evaluating Baseline (unpruned):  36%|███▌      | 35/97 [00:03<00:05, 10.99it/s]
Evaluating Baseline (unpruned):  38%|███▊      | 37/97 [00:03<00:05, 10.98it/s]
Evaluating Baseline (unpruned):  40%|████      | 39/97 [00:03<00:05, 10.98it/s]
Evaluating Baseline (unpruned):  42%|████▏     | 41/97 [00:03<00:05, 10.96it/s]
Evaluating Baseline (unpruned):  44%|████▍     | 43/97 [00:04<00:04, 10.93it/s]
Evaluating Baseline (unpruned):  46%|████▋     | 45/97 [00:04<00:04, 10.90it/s]
Evaluating Baseline (unpruned):  48%|████▊     | 47/97 [00:04<00:04, 10.90it/s]
Evaluating Baseline (unpruned):  51%|█████     | 49/97 [00:04<00:04, 10.90it/s]
Evaluating Baseline (unpruned):  53%|█████▎    | 51/97 [00:04<00:04, 10.91it/s]
Evaluating Baseline (unpruned):  55%|█████▍    | 53/97 [00:05<00:04, 10.89it/s]
Evaluating Baseline (unpruned):  57%|█████▋    | 55/97 [00:05<00:03, 10.91it/s]
Evaluating Baseline (unpruned):  59%|█████▉    | 57/97 [00:05<00:03, 10.90it/s]
Evaluating Baseline (unpruned):  61%|██████    | 59/97 [00:05<00:03, 10.90it/s]
Evaluating Baseline (unpruned):  63%|██████▎   | 61/97 [00:05<00:03, 10.90it/s]
Evaluating Baseline (unpruned):  65%|██████▍   | 63/97 [00:05<00:03, 10.89it/s]
Evaluating Baseline (unpruned):  67%|██████▋   | 65/97 [00:06<00:02, 10.87it/s]
Evaluating Baseline (unpruned):  69%|██████▉   | 67/97 [00:06<00:02, 10.87it/s]
Evaluating Baseline (unpruned):  71%|███████   | 69/97 [00:06<00:02, 10.87it/s]
Evaluating Baseline (unpruned):  73%|███████▎  | 71/97 [00:06<00:02, 10.88it/s]
Evaluating Baseline (unpruned):  75%|███████▌  | 73/97 [00:06<00:02, 10.92it/s]
Evaluating Baseline (unpruned):  77%|███████▋  | 75/97 [00:07<00:02, 10.93it/s]
Evaluating Baseline (unpruned):  79%|███████▉  | 77/97 [00:07<00:01, 10.95it/s]
Evaluating Baseline (unpruned):  81%|████████▏ | 79/97 [00:07<00:01, 10.98it/s]
Evaluating Baseline (unpruned):  84%|████████▎ | 81/97 [00:07<00:01, 10.99it/s]
Evaluating Baseline (unpruned):  86%|████████▌ | 83/97 [00:07<00:01, 11.00it/s]
Evaluating Baseline (unpruned):  88%|████████▊ | 85/97 [00:07<00:01, 10.99it/s]
Evaluating Baseline (unpruned):  90%|████████▉ | 87/97 [00:08<00:00, 10.99it/s]
Evaluating Baseline (unpruned):  92%|█████████▏| 89/97 [00:08<00:00, 10.98it/s]
Evaluating Baseline (unpruned):  94%|█████████▍| 91/97 [00:08<00:00, 10.99it/s]
Evaluating Baseline (unpruned):  96%|█████████▌| 93/97 [00:08<00:00, 11.01it/s]
Evaluating Baseline (unpruned):  98%|█████████▊| 95/97 [00:08<00:00, 10.98it/s]
Evaluating Baseline (unpruned): 100%|██████████| 97/97 [00:09<00:00, 11.76it/s]
                                                                               
Baseline:
[Baseline (unpruned)      ] banking77    | Acc: 91.49% | F1: 91.49% | Compression: 0.0% | Inf: 89.7ms/batch
Pending methods for banking77: magnitude

========================================================================
Dataset: banking77 | Method: MAGNITUDE | Sparsity: 20%
========================================================================
[Magnitude] Pruned 14/72 heads (20.0% sparsity)
Starting fine-tune: epochs=2, max_train_batches=all

Fine-tuning 1/2:   0%|          | 0/250 [00:00<?, ?it/s]
Fine-tuning 1/2:   0%|          | 1/250 [00:00<01:30,  2.76it/s]
Fine-tuning 1/2:   1%|          | 3/250 [00:00<00:50,  4.91it/s]
Fine-tuning 1/2:   2%|▏         | 4/250 [00:00<00:54,  4.51it/s]
Fine-tuning 1/2:   2%|▏         | 5/250 [00:01<00:57,  4.24it/s]
Fine-tuning 1/2:   2%|▏         | 6/250 [00:01<01:00,  4.02it/s]
Fine-tuning 1/2:   3%|▎         | 7/250 [00:01<01:01,  3.93it/s]
Fine-tuning 1/2:   3%|▎         | 8/250 [00:01<01:02,  3.90it/s]
Fine-tuning 1/2:   4%|▎         | 9/250 [00:02<01:02,  3.85it/s]
Fine-tuning 1/2:   4%|▍         | 10/250 [00:02<01:02,  3.82it/s]
Fine-tuning 1/2:   4%|▍         | 11/250 [00:02<01:02,  3.80it/s]
Fine-tuning 1/2:   5%|▍         | 12/250 [00:03<01:02,  3.79it/s]
Fine-tuning 1/2:   5%|▌         | 13/250 [00:03<01:02,  3.79it/s]
Fine-tuning 1/2:   6%|▌         | 14/250 [00:03<01:02,  3.78it/s]
Fine-tuning 1/2:   6%|▌         | 15/250 [00:03<01:02,  3.77it/s]
Fine-tuning 1/2:   6%|▋         | 16/250 [00:04<01:02,  3.77it/s]
Fine-tuning 1/2:   7%|▋         | 17/250 [00:04<01:01,  3.76it/s]
Fine-tuning 1/2:   7%|▋         | 18/250 [00:04<01:01,  3.76it/s]
Fine-tuning 1/2:   8%|▊         | 19/250 [00:04<01:01,  3.76it/s]
Fine-tuning 1/2:   8%|▊         | 20/250 [00:05<01:01,  3.76it/s]
Fine-tuning 1/2:   8%|▊         | 21/250 [00:05<01:01,  3.75it/s]
Fine-tuning 1/2:   9%|▉         | 22/250 [00:05<01:00,  3.75it/s]
Fine-tuning 1/2:   9%|▉         | 23/250 [00:05<01:00,  3.75it/s]
Fine-tuning 1/2:  10%|▉         | 24/250 [00:06<01:00,  3.75it/s]
Fine-tuning 1/2:  10%|█         | 25/250 [00:06<01:00,  3.75it/s]
Fine-tuning 1/2:  10%|█         | 26/250 [00:06<00:59,  3.74it/s]
Fine-tuning 1/2:  11%|█         | 27/250 [00:07<00:59,  3.74it/s]
Fine-tuning 1/2:  11%|█         | 28/250 [00:07<01:00,  3.68it/s]
Fine-tuning 1/2:  12%|█▏        | 29/250 [00:07<00:59,  3.73it/s]
Fine-tuning 1/2:  12%|█▏        | 30/250 [00:07<00:58,  3.74it/s]
Fine-tuning 1/2:  12%|█▏        | 31/250 [00:08<00:58,  3.73it/s]
Fine-tuning 1/2:  13%|█▎        | 32/250 [00:08<00:58,  3.72it/s]
Fine-tuning 1/2:  13%|█▎        | 33/250 [00:08<00:58,  3.73it/s]
Fine-tuning 1/2:  14%|█▎        | 34/250 [00:08<00:58,  3.69it/s]
Fine-tuning 1/2:  14%|█▍        | 35/250 [00:09<00:57,  3.73it/s]
Fine-tuning 1/2:  14%|█▍        | 36/250 [00:09<00:57,  3.73it/s]
Fine-tuning 1/2:  15%|█▍        | 37/250 [00:09<00:57,  3.73it/s]
Fine-tuning 1/2:  15%|█▌        | 38/250 [00:10<00:56,  3.74it/s]
Fine-tuning 1/2:  16%|█▌        | 39/250 [00:10<00:56,  3.74it/s]
Fine-tuning 1/2:  16%|█▌        | 40/250 [00:10<00:56,  3.70it/s]
Fine-tuning 1/2:  16%|█▋        | 41/250 [00:10<00:55,  3.76it/s]
Fine-tuning 1/2:  17%|█▋        | 42/250 [00:11<00:54,  3.81it/s]
Fine-tuning 1/2:  17%|█▋        | 43/250 [00:11<00:54,  3.77it/s]
Fine-tuning 1/2:  18%|█▊        | 44/250 [00:11<00:54,  3.76it/s]
Fine-tuning 1/2:  18%|█▊        | 45/250 [00:11<00:54,  3.74it/s]
Fine-tuning 1/2:  18%|█▊        | 46/250 [00:12<00:54,  3.73it/s]
Fine-tuning 1/2:  19%|█▉        | 47/250 [00:12<00:54,  3.72it/s]
Fine-tuning 1/2:  19%|█▉        | 48/250 [00:12<00:54,  3.71it/s]
Fine-tuning 1/2:  20%|█▉        | 49/250 [00:12<00:54,  3.71it/s]
Fine-tuning 1/2:  20%|██        | 50/250 [00:13<00:53,  3.70it/s]
Fine-tuning 1/2:  20%|██        | 51/250 [00:13<00:53,  3.72it/s]
Fine-tuning 1/2:  21%|██        | 52/250 [00:13<00:53,  3.72it/s]
Fine-tuning 1/2:  21%|██        | 53/250 [00:14<00:52,  3.72it/s]
Fine-tuning 1/2:  22%|██▏       | 54/250 [00:14<00:52,  3.72it/s]
Fine-tuning 1/2:  22%|██▏       | 55/250 [00:14<00:52,  3.72it/s]
Fine-tuning 1/2:  22%|██▏       | 56/250 [00:14<00:52,  3.71it/s]
Fine-tuning 1/2:  23%|██▎       | 57/250 [00:15<00:52,  3.71it/s]
Fine-tuning 1/2:  23%|██▎       | 58/250 [00:15<00:51,  3.71it/s]
Fine-tuning 1/2:  24%|██▎       | 59/250 [00:15<00:51,  3.71it/s]
Fine-tuning 1/2:  24%|██▍       | 60/250 [00:15<00:51,  3.70it/s]
Fine-tuning 1/2:  24%|██▍       | 61/250 [00:16<00:50,  3.71it/s]
Fine-tuning 1/2:  25%|██▍       | 62/250 [00:16<00:50,  3.71it/s]
Fine-tuning 1/2:  25%|██▌       | 63/250 [00:16<00:50,  3.70it/s]
Fine-tuning 1/2:  26%|██▌       | 64/250 [00:16<00:50,  3.70it/s]
Fine-tuning 1/2:  26%|██▌       | 65/250 [00:17<00:50,  3.69it/s]
Fine-tuning 1/2:  26%|██▋       | 66/250 [00:17<00:49,  3.69it/s]
Fine-tuning 1/2:  27%|██▋       | 67/250 [00:17<00:49,  3.70it/s]
Fine-tuning 1/2:  27%|██▋       | 68/250 [00:18<00:49,  3.70it/s]
Fine-tuning 1/2:  28%|██▊       | 69/250 [00:18<00:49,  3.68it/s]
Fine-tuning 1/2:  28%|██▊       | 70/250 [00:18<00:48,  3.70it/s]
Fine-tuning 1/2:  28%|██▊       | 71/250 [00:18<00:48,  3.70it/s]
Fine-tuning 1/2:  29%|██▉       | 72/250 [00:19<00:48,  3.70it/s]
Fine-tuning 1/2:  29%|██▉       | 73/250 [00:19<00:47,  3.69it/s]
Fine-tuning 1/2:  30%|██▉       | 74/250 [00:19<00:47,  3.69it/s]
Fine-tuning 1/2:  30%|███       | 75/250 [00:19<00:47,  3.69it/s]
Fine-tuning 1/2:  30%|███       | 76/250 [00:20<00:47,  3.69it/s]
Fine-tuning 1/2:  31%|███       | 77/250 [00:20<00:47,  3.67it/s]
Fine-tuning 1/2:  31%|███       | 78/250 [00:20<00:46,  3.68it/s]
Fine-tuning 1/2:  32%|███▏      | 79/250 [00:21<00:47,  3.63it/s]
Fine-tuning 1/2:  32%|███▏      | 80/250 [00:21<00:46,  3.67it/s]
Fine-tuning 1/2:  32%|███▏      | 81/250 [00:21<00:45,  3.68it/s]
Fine-tuning 1/2:  33%|███▎      | 82/250 [00:21<00:45,  3.67it/s]
Fine-tuning 1/2:  33%|███▎      | 83/250 [00:22<00:45,  3.66it/s]
Fine-tuning 1/2:  34%|███▎      | 84/250 [00:22<00:45,  3.65it/s]
Fine-tuning 1/2:  34%|███▍      | 85/250 [00:22<00:51,  3.18it/s]
Fine-tuning 1/2:  34%|███▍      | 86/250 [00:23<00:50,  3.27it/s]
Fine-tuning 1/2:  35%|███▍      | 87/250 [00:23<00:48,  3.38it/s]
Fine-tuning 1/2:  35%|███▌      | 88/250 [00:23<00:43,  3.73it/s]
Fine-tuning 1/2:  36%|███▌      | 89/250 [00:23<00:46,  3.49it/s]
Fine-tuning 1/2:  36%|███▌      | 90/250 [00:24<00:46,  3.47it/s]
Fine-tuning 1/2:  36%|███▋      | 91/250 [00:24<00:46,  3.45it/s]
Fine-tuning 1/2:  37%|███▋      | 92/250 [00:24<00:45,  3.48it/s]
Fine-tuning 1/2:  37%|███▋      | 93/250 [00:25<00:45,  3.44it/s]
Fine-tuning 1/2:  38%|███▊      | 94/250 [00:25<00:43,  3.56it/s]
Fine-tuning 1/2:  38%|███▊      | 95/250 [00:25<00:40,  3.81it/s]
Fine-tuning 1/2:  38%|███▊      | 96/250 [00:25<00:42,  3.65it/s]
Fine-tuning 1/2:  39%|███▉      | 97/250 [00:26<00:39,  3.87it/s]
Fine-tuning 1/2:  39%|███▉      | 98/250 [00:26<00:43,  3.50it/s]
Fine-tuning 1/2:  40%|███▉      | 99/250 [00:26<00:41,  3.67it/s]
Fine-tuning 1/2:  40%|████      | 100/250 [00:27<00:42,  3.50it/s]
Fine-tuning 1/2:  40%|████      | 101/250 [00:27<00:40,  3.69it/s]
Fine-tuning 1/2:  41%|████      | 102/250 [00:27<00:41,  3.61it/s]
Fine-tuning 1/2:  41%|████      | 103/250 [00:27<00:40,  3.66it/s]
Fine-tuning 1/2:  42%|████▏     | 104/250 [00:28<00:41,  3.52it/s]
Fine-tuning 1/2:  42%|████▏     | 105/250 [00:28<00:41,  3.48it/s]
Fine-tuning 1/2:  42%|████▏     | 106/250 [00:28<00:39,  3.68it/s]
Fine-tuning 1/2:  43%|████▎     | 107/250 [00:28<00:39,  3.64it/s]
Fine-tuning 1/2:  43%|████▎     | 108/250 [00:29<00:39,  3.56it/s]
Fine-tuning 1/2:  44%|████▎     | 109/250 [00:29<00:39,  3.56it/s]
Fine-tuning 1/2:  44%|████▍     | 110/250 [00:29<00:38,  3.64it/s]
Fine-tuning 1/2:  44%|████▍     | 111/250 [00:30<00:38,  3.62it/s]
Fine-tuning 1/2:  45%|████▍     | 112/250 [00:30<00:38,  3.58it/s]
Fine-tuning 1/2:  45%|████▌     | 113/250 [00:30<00:38,  3.57it/s]
Fine-tuning 1/2:  46%|████▌     | 114/250 [00:30<00:37,  3.58it/s]
Fine-tuning 1/2:  46%|████▌     | 115/250 [00:31<00:39,  3.45it/s]
Fine-tuning 1/2:  46%|████▋     | 116/250 [00:31<00:36,  3.72it/s]
Fine-tuning 1/2:  47%|████▋     | 117/250 [00:31<00:37,  3.56it/s]
Fine-tuning 1/2:  47%|████▋     | 118/250 [00:31<00:35,  3.75it/s]
Fine-tuning 1/2:  48%|████▊     | 119/250 [00:32<00:35,  3.73it/s]
Fine-tuning 1/2:  48%|████▊     | 120/250 [00:32<00:35,  3.71it/s]
Fine-tuning 1/2:  48%|████▊     | 121/250 [00:32<00:35,  3.68it/s]
Fine-tuning 1/2:  49%|████▉     | 122/250 [00:33<00:35,  3.66it/s]
Fine-tuning 1/2:  49%|████▉     | 123/250 [00:33<00:34,  3.64it/s]
Fine-tuning 1/2:  50%|████▉     | 124/250 [00:33<00:34,  3.63it/s]
Fine-tuning 1/2:  50%|█████     | 125/250 [00:33<00:34,  3.63it/s]
Fine-tuning 1/2:  50%|█████     | 126/250 [00:34<00:34,  3.62it/s]
Fine-tuning 1/2:  51%|█████     | 127/250 [00:34<00:33,  3.62it/s]
Fine-tuning 1/2:  51%|█████     | 128/250 [00:34<00:33,  3.62it/s]
Fine-tuning 1/2:  52%|█████▏    | 129/250 [00:35<00:33,  3.61it/s]
Fine-tuning 1/2:  52%|█████▏    | 130/250 [00:35<00:33,  3.60it/s]
Fine-tuning 1/2:  52%|█████▏    | 131/250 [00:35<00:33,  3.58it/s]
Fine-tuning 1/2:  53%|█████▎    | 132/250 [00:35<00:32,  3.59it/s]
Fine-tuning 1/2:  53%|█████▎    | 133/250 [00:36<00:32,  3.58it/s]
Fine-tuning 1/2:  54%|█████▎    | 134/250 [00:36<00:32,  3.54it/s]
Fine-tuning 1/2:  54%|█████▍    | 135/250 [00:36<00:31,  3.60it/s]
Fine-tuning 1/2:  54%|█████▍    | 136/250 [00:36<00:31,  3.57it/s]
Fine-tuning 1/2:  55%|█████▍    | 137/250 [00:37<00:31,  3.59it/s]
Fine-tuning 1/2:  55%|█████▌    | 138/250 [00:37<00:31,  3.56it/s]
Fine-tuning 1/2:  56%|█████▌    | 139/250 [00:37<00:30,  3.60it/s]
Fine-tuning 1/2:  56%|█████▌    | 140/250 [00:38<00:30,  3.59it/s]
Fine-tuning 1/2:  56%|█████▋    | 141/250 [00:38<00:30,  3.57it/s]
Fine-tuning 1/2:  57%|█████▋    | 142/250 [00:38<00:30,  3.58it/s]
Fine-tuning 1/2:  57%|█████▋    | 143/250 [00:38<00:29,  3.57it/s]
Fine-tuning 1/2:  58%|█████▊    | 144/250 [00:39<00:29,  3.61it/s]
Fine-tuning 1/2:  58%|█████▊    | 145/250 [00:39<00:29,  3.61it/s]
Fine-tuning 1/2:  58%|█████▊    | 146/250 [00:39<00:28,  3.63it/s]
Fine-tuning 1/2:  59%|█████▉    | 147/250 [00:40<00:28,  3.61it/s]
Fine-tuning 1/2:  59%|█████▉    | 148/250 [00:40<00:28,  3.60it/s]
Fine-tuning 1/2:  60%|█████▉    | 149/250 [00:40<00:28,  3.60it/s]
Fine-tuning 1/2:  60%|██████    | 150/250 [00:40<00:27,  3.59it/s]
Fine-tuning 1/2:  60%|██████    | 151/250 [00:41<00:27,  3.59it/s]
Fine-tuning 1/2:  61%|██████    | 152/250 [00:41<00:27,  3.59it/s]
Fine-tuning 1/2:  61%|██████    | 153/250 [00:41<00:27,  3.54it/s]
Fine-tuning 1/2:  62%|██████▏   | 154/250 [00:41<00:26,  3.59it/s]
Fine-tuning 1/2:  62%|██████▏   | 155/250 [00:42<00:26,  3.59it/s]
Fine-tuning 1/2:  62%|██████▏   | 156/250 [00:42<00:28,  3.33it/s]
Fine-tuning 1/2:  63%|██████▎   | 157/250 [00:42<00:28,  3.32it/s]
Fine-tuning 1/2:  63%|██████▎   | 158/250 [00:43<00:26,  3.44it/s]
Fine-tuning 1/2:  64%|██████▎   | 159/250 [00:43<00:26,  3.45it/s]
Fine-tuning 1/2:  64%|██████▍   | 160/250 [00:43<00:26,  3.41it/s]
Fine-tuning 1/2:  64%|██████▍   | 161/250 [00:44<00:25,  3.48it/s]
Fine-tuning 1/2:  65%|██████▍   | 162/250 [00:44<00:25,  3.48it/s]
Fine-tuning 1/2:  65%|██████▌   | 163/250 [00:44<00:24,  3.49it/s]
Fine-tuning 1/2:  66%|██████▌   | 164/250 [00:44<00:24,  3.45it/s]
Fine-tuning 1/2:  66%|██████▌   | 165/250 [00:45<00:24,  3.47it/s]
Fine-tuning 1/2:  66%|██████▋   | 166/250 [00:45<00:23,  3.54it/s]
Fine-tuning 1/2:  67%|██████▋   | 167/250 [00:45<00:23,  3.49it/s]
Fine-tuning 1/2:  67%|██████▋   | 168/250 [00:45<00:22,  3.69it/s]
Fine-tuning 1/2:  68%|██████▊   | 169/250 [00:46<00:23,  3.44it/s]
Fine-tuning 1/2:  68%|██████▊   | 170/250 [00:46<00:22,  3.48it/s]
Fine-tuning 1/2:  68%|██████▊   | 171/250 [00:46<00:22,  3.47it/s]
Fine-tuning 1/2:  69%|██████▉   | 172/250 [00:47<00:21,  3.57it/s]
Fine-tuning 1/2:  69%|██████▉   | 173/250 [00:47<00:21,  3.55it/s]
Fine-tuning 1/2:  70%|██████▉   | 174/250 [00:47<00:22,  3.45it/s]
Fine-tuning 1/2:  70%|███████   | 175/250 [00:48<00:20,  3.59it/s]
Fine-tuning 1/2:  70%|███████   | 176/250 [00:48<00:21,  3.38it/s]
Fine-tuning 1/2:  71%|███████   | 177/250 [00:48<00:21,  3.42it/s]
Fine-tuning 1/2:  71%|███████   | 178/250 [00:48<00:20,  3.43it/s]
Fine-tuning 1/2:  72%|███████▏  | 179/250 [00:49<00:21,  3.26it/s]
Fine-tuning 1/2:  72%|███████▏  | 180/250 [00:49<00:20,  3.42it/s]
Fine-tuning 1/2:  72%|███████▏  | 181/250 [00:49<00:20,  3.32it/s]
Fine-tuning 1/2:  73%|███████▎  | 182/250 [00:50<00:20,  3.37it/s]
Fine-tuning 1/2:  73%|███████▎  | 183/250 [00:50<00:19,  3.42it/s]
Fine-tuning 1/2:  74%|███████▎  | 184/250 [00:50<00:17,  3.81it/s]
Fine-tuning 1/2:  74%|███████▍  | 185/250 [00:50<00:17,  3.70it/s]
Fine-tuning 1/2:  74%|███████▍  | 186/250 [00:51<00:17,  3.61it/s]
Fine-tuning 1/2:  75%|███████▍  | 187/250 [00:51<00:17,  3.62it/s]
Fine-tuning 1/2:  75%|███████▌  | 188/250 [00:51<00:17,  3.57it/s]
Fine-tuning 1/2:  76%|███████▌  | 189/250 [00:52<00:17,  3.56it/s]
Fine-tuning 1/2:  76%|███████▌  | 190/250 [00:52<00:16,  3.54it/s]
Fine-tuning 1/2:  76%|███████▋  | 191/250 [00:52<00:16,  3.52it/s]
Fine-tuning 1/2:  77%|███████▋  | 192/250 [00:52<00:16,  3.49it/s]
Fine-tuning 1/2:  77%|███████▋  | 193/250 [00:53<00:16,  3.53it/s]
Fine-tuning 1/2:  78%|███████▊  | 194/250 [00:53<00:15,  3.52it/s]
Fine-tuning 1/2:  78%|███████▊  | 195/250 [00:53<00:15,  3.57it/s]
Fine-tuning 1/2:  78%|███████▊  | 196/250 [00:54<00:15,  3.54it/s]
Fine-tuning 1/2:  79%|███████▉  | 197/250 [00:54<00:15,  3.52it/s]
Fine-tuning 1/2:  79%|███████▉  | 198/250 [00:54<00:14,  3.51it/s]
Fine-tuning 1/2:  80%|███████▉  | 199/250 [00:54<00:14,  3.50it/s]
Fine-tuning 1/2:  80%|████████  | 200/250 [00:55<00:14,  3.50it/s]
Fine-tuning 1/2:  80%|████████  | 201/250 [00:55<00:14,  3.49it/s]
Fine-tuning 1/2:  81%|████████  | 202/250 [00:55<00:13,  3.49it/s]
Fine-tuning 1/2:  81%|████████  | 203/250 [00:56<00:13,  3.48it/s]
Fine-tuning 1/2:  82%|████████▏ | 204/250 [00:56<00:13,  3.47it/s]
Fine-tuning 1/2:  82%|████████▏ | 205/250 [00:56<00:13,  3.44it/s]
Fine-tuning 1/2:  82%|████████▏ | 206/250 [00:56<00:12,  3.48it/s]
Fine-tuning 1/2:  83%|████████▎ | 207/250 [00:57<00:12,  3.50it/s]
Fine-tuning 1/2:  83%|████████▎ | 208/250 [00:57<00:12,  3.49it/s]
Fine-tuning 1/2:  84%|████████▎ | 209/250 [00:57<00:11,  3.49it/s]
Fine-tuning 1/2:  84%|████████▍ | 210/250 [00:58<00:11,  3.49it/s]
Fine-tuning 1/2:  84%|████████▍ | 211/250 [00:58<00:11,  3.49it/s]
Fine-tuning 1/2:  85%|████████▍ | 212/250 [00:58<00:10,  3.48it/s]
Fine-tuning 1/2:  85%|████████▌ | 213/250 [00:58<00:10,  3.48it/s]
Fine-tuning 1/2:  86%|████████▌ | 214/250 [00:59<00:10,  3.47it/s]
Fine-tuning 1/2:  86%|████████▌ | 215/250 [00:59<00:10,  3.43it/s]
Fine-tuning 1/2:  86%|████████▋ | 216/250 [00:59<00:09,  3.48it/s]
Fine-tuning 1/2:  87%|████████▋ | 217/250 [01:00<00:09,  3.47it/s]
Fine-tuning 1/2:  87%|████████▋ | 218/250 [01:00<00:09,  3.47it/s]
Fine-tuning 1/2:  88%|████████▊ | 219/250 [01:00<00:08,  3.47it/s]
Fine-tuning 1/2:  88%|████████▊ | 220/250 [01:00<00:08,  3.46it/s]
Fine-tuning 1/2:  88%|████████▊ | 221/250 [01:01<00:08,  3.46it/s]
Fine-tuning 1/2:  89%|████████▉ | 222/250 [01:01<00:08,  3.44it/s]
Fine-tuning 1/2:  89%|████████▉ | 223/250 [01:01<00:07,  3.45it/s]
Fine-tuning 1/2:  90%|████████▉ | 224/250 [01:02<00:07,  3.46it/s]
Fine-tuning 1/2:  90%|█████████ | 225/250 [01:02<00:07,  3.45it/s]
Fine-tuning 1/2:  90%|█████████ | 226/250 [01:02<00:06,  3.45it/s]
Fine-tuning 1/2:  91%|█████████ | 227/250 [01:02<00:06,  3.45it/s]
Fine-tuning 1/2:  91%|█████████ | 228/250 [01:03<00:06,  3.41it/s]
Fine-tuning 1/2:  92%|█████████▏| 229/250 [01:03<00:06,  3.44it/s]
Fine-tuning 1/2:  92%|█████████▏| 230/250 [01:03<00:05,  3.44it/s]
Fine-tuning 1/2:  92%|█████████▏| 231/250 [01:04<00:05,  3.45it/s]
Fine-tuning 1/2:  93%|█████████▎| 232/250 [01:04<00:05,  3.45it/s]
Fine-tuning 1/2:  93%|█████████▎| 233/250 [01:04<00:04,  3.43it/s]
Fine-tuning 1/2:  94%|█████████▎| 234/250 [01:04<00:04,  3.45it/s]
Fine-tuning 1/2:  94%|█████████▍| 235/250 [01:05<00:04,  3.44it/s]
Fine-tuning 1/2:  94%|█████████▍| 236/250 [01:05<00:04,  3.43it/s]
Fine-tuning 1/2:  95%|█████████▍| 237/250 [01:05<00:03,  3.43it/s]
Fine-tuning 1/2:  95%|█████████▌| 238/250 [01:06<00:03,  3.42it/s]
Fine-tuning 1/2:  96%|█████████▌| 239/250 [01:06<00:03,  3.42it/s]
Fine-tuning 1/2:  96%|█████████▌| 240/250 [01:06<00:02,  3.40it/s]
Fine-tuning 1/2:  96%|█████████▋| 241/250 [01:07<00:02,  3.44it/s]
Fine-tuning 1/2:  97%|█████████▋| 242/250 [01:07<00:02,  3.43it/s]
Fine-tuning 1/2:  97%|█████████▋| 243/250 [01:07<00:02,  3.42it/s]
Fine-tuning 1/2:  98%|█████████▊| 244/250 [01:07<00:01,  3.40it/s]
Fine-tuning 1/2:  98%|█████████▊| 245/250 [01:08<00:01,  3.41it/s]
Fine-tuning 1/2:  98%|█████████▊| 246/250 [01:08<00:01,  3.41it/s]
Fine-tuning 1/2:  99%|█████████▉| 247/250 [01:08<00:00,  3.41it/s]
Fine-tuning 1/2:  99%|█████████▉| 248/250 [01:09<00:00,  3.40it/s]
Fine-tuning 1/2: 100%|█████████▉| 249/250 [01:09<00:00,  3.40it/s]
Fine-tuning 1/2: 100%|██████████| 250/250 [01:09<00:00,  3.41it/s]
Fine-tuning 1/2: 100%|██████████| 250/250 [01:09<00:00,  3.59it/s]

Fine-tuning 2/2:   0%|          | 0/250 [00:00<?, ?it/s]
Fine-tuning 2/2:   0%|          | 1/250 [00:00<01:15,  3.31it/s]
Fine-tuning 2/2:   1%|          | 2/250 [00:00<01:12,  3.42it/s]
Fine-tuning 2/2:   1%|          | 3/250 [00:00<01:11,  3.46it/s]
Fine-tuning 2/2:   2%|▏         | 4/250 [00:01<01:11,  3.42it/s]
Fine-tuning 2/2:   2%|▏         | 5/250 [00:01<01:11,  3.41it/s]
Fine-tuning 2/2:   2%|▏         | 6/250 [00:01<01:11,  3.40it/s]
Fine-tuning 2/2:   3%|▎         | 7/250 [00:02<01:11,  3.40it/s]
Fine-tuning 2/2:   3%|▎         | 8/250 [00:02<01:12,  3.36it/s]
Fine-tuning 2/2:   4%|▎         | 9/250 [00:02<01:10,  3.40it/s]
Fine-tuning 2/2:   4%|▍         | 10/250 [00:02<01:10,  3.39it/s]
Fine-tuning 2/2:   4%|▍         | 11/250 [00:03<01:10,  3.39it/s]
Fine-tuning 2/2:   5%|▍         | 12/250 [00:03<01:10,  3.38it/s]
Fine-tuning 2/2:   5%|▌         | 13/250 [00:03<01:10,  3.38it/s]
Fine-tuning 2/2:   6%|▌         | 14/250 [00:04<01:09,  3.37it/s]
Fine-tuning 2/2:   6%|▌         | 15/250 [00:04<01:09,  3.36it/s]
Fine-tuning 2/2:   6%|▋         | 16/250 [00:04<01:09,  3.37it/s]
Fine-tuning 2/2:   7%|▋         | 17/250 [00:05<01:09,  3.37it/s]
Fine-tuning 2/2:   7%|▋         | 18/250 [00:05<01:08,  3.38it/s]
Fine-tuning 2/2:   8%|▊         | 19/250 [00:05<01:08,  3.37it/s]
Fine-tuning 2/2:   8%|▊         | 20/250 [00:05<01:08,  3.37it/s]
Fine-tuning 2/2:   8%|▊         | 21/250 [00:06<01:07,  3.38it/s]
Fine-tuning 2/2:   9%|▉         | 22/250 [00:06<01:07,  3.36it/s]
Fine-tuning 2/2:   9%|▉         | 23/250 [00:06<01:07,  3.36it/s]
Fine-tuning 2/2:  10%|▉         | 24/250 [00:07<01:07,  3.33it/s]
Fine-tuning 2/2:  10%|█         | 25/250 [00:07<01:07,  3.31it/s]
Fine-tuning 2/2:  10%|█         | 26/250 [00:07<01:07,  3.33it/s]
Fine-tuning 2/2:  11%|█         | 27/250 [00:08<01:06,  3.34it/s]
Fine-tuning 2/2:  11%|█         | 28/250 [00:08<01:06,  3.34it/s]
Fine-tuning 2/2:  12%|█▏        | 29/250 [00:08<01:06,  3.32it/s]
Fine-tuning 2/2:  12%|█▏        | 30/250 [00:08<01:06,  3.31it/s]
Fine-tuning 2/2:  12%|█▏        | 31/250 [00:09<01:05,  3.33it/s]
Fine-tuning 2/2:  13%|█▎        | 32/250 [00:09<01:05,  3.34it/s]
Fine-tuning 2/2:  13%|█▎        | 33/250 [00:09<01:05,  3.33it/s]
Fine-tuning 2/2:  14%|█▎        | 34/250 [00:10<01:05,  3.29it/s]
Fine-tuning 2/2:  14%|█▍        | 35/250 [00:10<01:04,  3.32it/s]
Fine-tuning 2/2:  14%|█▍        | 36/250 [00:10<01:04,  3.30it/s]
Fine-tuning 2/2:  15%|█▍        | 37/250 [00:11<01:03,  3.36it/s]
Fine-tuning 2/2:  15%|█▌        | 38/250 [00:11<01:03,  3.35it/s]
Fine-tuning 2/2:  16%|█▌        | 39/250 [00:11<01:03,  3.34it/s]
Fine-tuning 2/2:  16%|█▌        | 40/250 [00:11<01:02,  3.35it/s]
Fine-tuning 2/2:  16%|█▋        | 41/250 [00:12<01:02,  3.34it/s]
Fine-tuning 2/2:  17%|█▋        | 42/250 [00:12<01:02,  3.33it/s]
Fine-tuning 2/2:  17%|█▋        | 43/250 [00:12<01:03,  3.28it/s]
Fine-tuning 2/2:  18%|█▊        | 44/250 [00:13<01:02,  3.31it/s]
Fine-tuning 2/2:  18%|█▊        | 45/250 [00:13<01:04,  3.20it/s]
Fine-tuning 2/2:  18%|█▊        | 46/250 [00:13<01:02,  3.27it/s]
Fine-tuning 2/2:  19%|█▉        | 47/250 [00:14<01:01,  3.29it/s]
Fine-tuning 2/2:  19%|█▉        | 48/250 [00:14<01:01,  3.30it/s]
Fine-tuning 2/2:  20%|█▉        | 49/250 [00:14<01:03,  3.19it/s]
Fine-tuning 2/2:  20%|██        | 50/250 [00:14<01:01,  3.25it/s]
Fine-tuning 2/2:  20%|██        | 51/250 [00:15<01:02,  3.18it/s]
Fine-tuning 2/2:  21%|██        | 52/250 [00:15<00:58,  3.37it/s]
Fine-tuning 2/2:  21%|██        | 53/250 [00:15<00:57,  3.40it/s]
Fine-tuning 2/2:  22%|██▏       | 54/250 [00:16<00:58,  3.36it/s]
Fine-tuning 2/2:  22%|██▏       | 55/250 [00:16<00:58,  3.35it/s]
Fine-tuning 2/2:  22%|██▏       | 56/250 [00:16<00:58,  3.33it/s]
Fine-tuning 2/2:  23%|██▎       | 57/250 [00:17<00:58,  3.28it/s]
Fine-tuning 2/2:  23%|██▎       | 58/250 [00:17<00:57,  3.33it/s]
Fine-tuning 2/2:  24%|██▎       | 59/250 [00:17<00:57,  3.31it/s]
Fine-tuning 2/2:  24%|██▍       | 60/250 [00:17<00:57,  3.30it/s]
Fine-tuning 2/2:  24%|██▍       | 61/250 [00:18<00:57,  3.30it/s]
Fine-tuning 2/2:  25%|██▍       | 62/250 [00:18<00:56,  3.30it/s]
Fine-tuning 2/2:  25%|██▌       | 63/250 [00:18<00:56,  3.30it/s]
Fine-tuning 2/2:  26%|██▌       | 64/250 [00:19<00:56,  3.30it/s]
Fine-tuning 2/2:  26%|██▌       | 65/250 [00:19<00:56,  3.29it/s]
Fine-tuning 2/2:  26%|██▋       | 66/250 [00:19<00:55,  3.29it/s]
Fine-tuning 2/2:  27%|██▋       | 67/250 [00:20<00:55,  3.27it/s]
Fine-tuning 2/2:  27%|██▋       | 68/250 [00:20<00:55,  3.28it/s]
Fine-tuning 2/2:  28%|██▊       | 69/250 [00:20<00:54,  3.30it/s]
Fine-tuning 2/2:  28%|██▊       | 70/250 [00:21<00:55,  3.25it/s]
Fine-tuning 2/2:  28%|██▊       | 71/250 [00:21<00:54,  3.27it/s]
Fine-tuning 2/2:  29%|██▉       | 72/250 [00:21<00:54,  3.28it/s]
Fine-tuning 2/2:  29%|██▉       | 73/250 [00:21<00:53,  3.28it/s]
Fine-tuning 2/2:  30%|██▉       | 74/250 [00:22<00:54,  3.26it/s]
Fine-tuning 2/2:  30%|███       | 75/250 [00:22<00:53,  3.24it/s]
Fine-tuning 2/2:  30%|███       | 76/250 [00:22<00:53,  3.27it/s]
Fine-tuning 2/2:  31%|███       | 77/250 [00:23<00:52,  3.27it/s]
Fine-tuning 2/2:  31%|███       | 78/250 [00:23<00:52,  3.27it/s]
Fine-tuning 2/2:  32%|███▏      | 79/250 [00:23<00:52,  3.27it/s]
Fine-tuning 2/2:  32%|███▏      | 80/250 [00:24<00:52,  3.26it/s]
Fine-tuning 2/2:  32%|███▏      | 81/250 [00:24<00:52,  3.23it/s]
Fine-tuning 2/2:  33%|███▎      | 82/250 [00:24<00:51,  3.24it/s]
Fine-tuning 2/2:  33%|███▎      | 83/250 [00:25<00:50,  3.28it/s]
Fine-tuning 2/2:  34%|███▎      | 84/250 [00:25<00:50,  3.28it/s]
Fine-tuning 2/2:  34%|███▍      | 85/250 [00:25<00:50,  3.26it/s]
Fine-tuning 2/2:  34%|███▍      | 86/250 [00:25<00:50,  3.26it/s]
Fine-tuning 2/2:  35%|███▍      | 87/250 [00:26<00:50,  3.25it/s]
Fine-tuning 2/2:  35%|███▌      | 88/250 [00:26<00:49,  3.25it/s]
Fine-tuning 2/2:  36%|███▌      | 89/250 [00:26<00:49,  3.25it/s]
Fine-tuning 2/2:  36%|███▌      | 90/250 [00:27<00:49,  3.24it/s]
Fine-tuning 2/2:  36%|███▋      | 91/250 [00:27<00:49,  3.20it/s]
Fine-tuning 2/2:  37%|███▋      | 92/250 [00:27<00:48,  3.26it/s]
Fine-tuning 2/2:  37%|███▋      | 93/250 [00:28<00:48,  3.26it/s]
Fine-tuning 2/2:  38%|███▊      | 94/250 [00:28<00:48,  3.25it/s]
Fine-tuning 2/2:  38%|███▊      | 95/250 [00:28<00:47,  3.23it/s]
Fine-tuning 2/2:  38%|███▊      | 96/250 [00:29<00:47,  3.24it/s]
Fine-tuning 2/2:  39%|███▉      | 97/250 [00:29<00:47,  3.23it/s]
Fine-tuning 2/2:  39%|███▉      | 98/250 [00:29<00:46,  3.24it/s]
Fine-tuning 2/2:  40%|███▉      | 99/250 [00:29<00:46,  3.24it/s]
Fine-tuning 2/2:  40%|████      | 100/250 [00:30<00:46,  3.23it/s]
Fine-tuning 2/2:  40%|████      | 101/250 [00:30<00:46,  3.21it/s]
Fine-tuning 2/2:  41%|████      | 102/250 [00:30<00:45,  3.25it/s]
Fine-tuning 2/2:  41%|████      | 103/250 [00:31<00:45,  3.24it/s]
Fine-tuning 2/2:  42%|████▏     | 104/250 [00:31<00:45,  3.24it/s]
Fine-tuning 2/2:  42%|████▏     | 105/250 [00:31<00:44,  3.23it/s]
Fine-tuning 2/2:  42%|████▏     | 106/250 [00:32<00:44,  3.24it/s]
Fine-tuning 2/2:  43%|████▎     | 107/250 [00:32<00:44,  3.24it/s]
Fine-tuning 2/2:  43%|████▎     | 108/250 [00:32<00:43,  3.24it/s]
Fine-tuning 2/2:  44%|████▎     | 109/250 [00:33<00:43,  3.24it/s]
Fine-tuning 2/2:  44%|████▍     | 110/250 [00:33<00:43,  3.24it/s]
Fine-tuning 2/2:  44%|████▍     | 111/250 [00:33<00:42,  3.24it/s]
Fine-tuning 2/2:  45%|████▍     | 112/250 [00:33<00:42,  3.24it/s]
Fine-tuning 2/2:  45%|████▌     | 113/250 [00:34<00:42,  3.25it/s]
Fine-tuning 2/2:  46%|████▌     | 114/250 [00:34<00:41,  3.25it/s]
Fine-tuning 2/2:  46%|████▌     | 115/250 [00:34<00:41,  3.23it/s]
Fine-tuning 2/2:  46%|████▋     | 116/250 [00:35<00:41,  3.25it/s]
Fine-tuning 2/2:  47%|████▋     | 117/250 [00:35<00:40,  3.26it/s]
Fine-tuning 2/2:  47%|████▋     | 118/250 [00:35<00:40,  3.24it/s]
Fine-tuning 2/2:  48%|████▊     | 119/250 [00:36<00:40,  3.26it/s]
Fine-tuning 2/2:  48%|████▊     | 120/250 [00:36<00:40,  3.24it/s]
Fine-tuning 2/2:  48%|████▊     | 121/250 [00:36<00:39,  3.27it/s]
Fine-tuning 2/2:  49%|████▉     | 122/250 [00:37<00:39,  3.28it/s]
Fine-tuning 2/2:  49%|████▉     | 123/250 [00:37<00:38,  3.29it/s]
Fine-tuning 2/2:  50%|████▉     | 124/250 [00:37<00:38,  3.29it/s]
Fine-tuning 2/2:  50%|█████     | 125/250 [00:37<00:38,  3.27it/s]
Fine-tuning 2/2:  50%|█████     | 126/250 [00:38<00:37,  3.28it/s]
Fine-tuning 2/2:  51%|█████     | 127/250 [00:38<00:36,  3.32it/s]
Fine-tuning 2/2:  51%|█████     | 128/250 [00:38<00:36,  3.32it/s]
Fine-tuning 2/2:  52%|█████▏    | 129/250 [00:39<00:36,  3.32it/s]
Fine-tuning 2/2:  52%|█████▏    | 130/250 [00:39<00:36,  3.31it/s]
Fine-tuning 2/2:  52%|█████▏    | 131/250 [00:39<00:36,  3.29it/s]
Fine-tuning 2/2:  53%|█████▎    | 132/250 [00:40<00:36,  3.25it/s]
Fine-tuning 2/2:  53%|█████▎    | 133/250 [00:40<00:35,  3.32it/s]
Fine-tuning 2/2:  54%|█████▎    | 134/250 [00:40<00:35,  3.31it/s]
Fine-tuning 2/2:  54%|█████▍    | 135/250 [00:40<00:34,  3.30it/s]
Fine-tuning 2/2:  54%|█████▍    | 136/250 [00:41<00:34,  3.30it/s]
Fine-tuning 2/2:  55%|█████▍    | 137/250 [00:41<00:34,  3.30it/s]
Fine-tuning 2/2:  55%|█████▌    | 138/250 [00:41<00:33,  3.30it/s]
Fine-tuning 2/2:  56%|█████▌    | 139/250 [00:42<00:33,  3.29it/s]
Fine-tuning 2/2:  56%|█████▌    | 140/250 [00:42<00:33,  3.30it/s]
Fine-tuning 2/2:  56%|█████▋    | 141/250 [00:42<00:32,  3.30it/s]
Fine-tuning 2/2:  57%|█████▋    | 142/250 [00:43<00:32,  3.30it/s]
Fine-tuning 2/2:  57%|█████▋    | 143/250 [00:43<00:32,  3.29it/s]
Fine-tuning 2/2:  58%|█████▊    | 144/250 [00:43<00:32,  3.30it/s]
Fine-tuning 2/2:  58%|█████▊    | 145/250 [00:44<00:31,  3.31it/s]
Fine-tuning 2/2:  58%|█████▊    | 146/250 [00:44<00:31,  3.30it/s]
Fine-tuning 2/2:  59%|█████▉    | 147/250 [00:44<00:31,  3.30it/s]
Fine-tuning 2/2:  59%|█████▉    | 148/250 [00:44<00:30,  3.30it/s]
Fine-tuning 2/2:  60%|█████▉    | 149/250 [00:45<00:30,  3.26it/s]
Fine-tuning 2/2:  60%|██████    | 150/250 [00:45<00:30,  3.30it/s]
Fine-tuning 2/2:  60%|██████    | 151/250 [00:45<00:30,  3.22it/s]
Fine-tuning 2/2:  61%|██████    | 152/250 [00:46<00:30,  3.23it/s]
Fine-tuning 2/2:  61%|██████    | 153/250 [00:46<00:30,  3.22it/s]
Fine-tuning 2/2:  62%|██████▏   | 154/250 [00:46<00:28,  3.33it/s]
Fine-tuning 2/2:  62%|██████▏   | 155/250 [00:47<00:28,  3.36it/s]
Fine-tuning 2/2:  62%|██████▏   | 156/250 [00:47<00:28,  3.32it/s]
Fine-tuning 2/2:  63%|██████▎   | 157/250 [00:47<00:27,  3.34it/s]
Fine-tuning 2/2:  63%|██████▎   | 158/250 [00:47<00:27,  3.33it/s]
Fine-tuning 2/2:  64%|██████▎   | 159/250 [00:48<00:27,  3.31it/s]
Fine-tuning 2/2:  64%|██████▍   | 160/250 [00:48<00:27,  3.28it/s]
Fine-tuning 2/2:  64%|██████▍   | 161/250 [00:48<00:26,  3.31it/s]
Fine-tuning 2/2:  65%|██████▍   | 162/250 [00:49<00:26,  3.32it/s]
Fine-tuning 2/2:  65%|██████▌   | 163/250 [00:49<00:26,  3.31it/s]
Fine-tuning 2/2:  66%|██████▌   | 164/250 [00:49<00:25,  3.33it/s]
Fine-tuning 2/2:  66%|██████▌   | 165/250 [00:50<00:25,  3.33it/s]
Fine-tuning 2/2:  66%|██████▋   | 166/250 [00:50<00:25,  3.29it/s]
Fine-tuning 2/2:  67%|██████▋   | 167/250 [00:50<00:24,  3.35it/s]
Fine-tuning 2/2:  67%|██████▋   | 168/250 [00:50<00:24,  3.36it/s]
Fine-tuning 2/2:  68%|██████▊   | 169/250 [00:51<00:24,  3.35it/s]
Fine-tuning 2/2:  68%|██████▊   | 170/250 [00:51<00:24,  3.31it/s]
Fine-tuning 2/2:  68%|██████▊   | 171/250 [00:51<00:23,  3.33it/s]
Fine-tuning 2/2:  69%|██████▉   | 172/250 [00:52<00:23,  3.33it/s]
Fine-tuning 2/2:  69%|██████▉   | 173/250 [00:52<00:22,  3.37it/s]
Fine-tuning 2/2:  70%|██████▉   | 174/250 [00:52<00:22,  3.36it/s]
Fine-tuning 2/2:  70%|███████   | 175/250 [00:53<00:22,  3.36it/s]
Fine-tuning 2/2:  70%|███████   | 176/250 [00:53<00:22,  3.35it/s]
Fine-tuning 2/2:  71%|███████   | 177/250 [00:53<00:21,  3.35it/s]
Fine-tuning 2/2:  71%|███████   | 178/250 [00:53<00:21,  3.36it/s]
Fine-tuning 2/2:  72%|███████▏  | 179/250 [00:54<00:21,  3.35it/s]
Fine-tuning 2/2:  72%|███████▏  | 180/250 [00:54<00:20,  3.35it/s]
Fine-tuning 2/2:  72%|███████▏  | 181/250 [00:54<00:20,  3.35it/s]
Fine-tuning 2/2:  73%|███████▎  | 182/250 [00:55<00:20,  3.35it/s]
Fine-tuning 2/2:  73%|███████▎  | 183/250 [00:55<00:20,  3.34it/s]
Fine-tuning 2/2:  74%|███████▎  | 184/250 [00:55<00:19,  3.31it/s]
Fine-tuning 2/2:  74%|███████▍  | 185/250 [00:56<00:19,  3.37it/s]
Fine-tuning 2/2:  74%|███████▍  | 186/250 [00:56<00:19,  3.36it/s]
Fine-tuning 2/2:  75%|███████▍  | 187/250 [00:56<00:18,  3.37it/s]
Fine-tuning 2/2:  75%|███████▌  | 188/250 [00:56<00:18,  3.36it/s]
Fine-tuning 2/2:  76%|███████▌  | 189/250 [00:57<00:18,  3.36it/s]
Fine-tuning 2/2:  76%|███████▌  | 190/250 [00:57<00:17,  3.36it/s]
Fine-tuning 2/2:  76%|███████▋  | 191/250 [00:57<00:17,  3.35it/s]
Fine-tuning 2/2:  77%|███████▋  | 192/250 [00:58<00:17,  3.36it/s]
Fine-tuning 2/2:  77%|███████▋  | 193/250 [00:58<00:16,  3.37it/s]
Fine-tuning 2/2:  78%|███████▊  | 194/250 [00:58<00:16,  3.36it/s]
Fine-tuning 2/2:  78%|███████▊  | 195/250 [00:59<00:16,  3.37it/s]
Fine-tuning 2/2:  78%|███████▊  | 196/250 [00:59<00:16,  3.37it/s]
Fine-tuning 2/2:  79%|███████▉  | 197/250 [00:59<00:15,  3.37it/s]
Fine-tuning 2/2:  79%|███████▉  | 198/250 [00:59<00:15,  3.36it/s]
Fine-tuning 2/2:  80%|███████▉  | 199/250 [01:00<00:15,  3.37it/s]
Fine-tuning 2/2:  80%|████████  | 200/250 [01:00<00:14,  3.36it/s]
Fine-tuning 2/2:  80%|████████  | 201/250 [01:00<00:14,  3.37it/s]
Fine-tuning 2/2:  81%|████████  | 202/250 [01:01<00:14,  3.37it/s]
Fine-tuning 2/2:  81%|████████  | 203/250 [01:01<00:13,  3.37it/s]
Fine-tuning 2/2:  82%|████████▏ | 204/250 [01:01<00:13,  3.38it/s]
Fine-tuning 2/2:  82%|████████▏ | 205/250 [01:01<00:13,  3.37it/s]
Fine-tuning 2/2:  82%|████████▏ | 206/250 [01:02<00:13,  3.32it/s]
Fine-tuning 2/2:  83%|████████▎ | 207/250 [01:02<00:12,  3.37it/s]
Fine-tuning 2/2:  83%|████████▎ | 208/250 [01:02<00:12,  3.36it/s]
Fine-tuning 2/2:  84%|████████▎ | 209/250 [01:03<00:12,  3.37it/s]
Fine-tuning 2/2:  84%|████████▍ | 210/250 [01:03<00:11,  3.38it/s]
Fine-tuning 2/2:  84%|████████▍ | 211/250 [01:03<00:11,  3.35it/s]
Fine-tuning 2/2:  85%|████████▍ | 212/250 [01:04<00:11,  3.33it/s]
Fine-tuning 2/2:  85%|████████▌ | 213/250 [01:04<00:10,  3.39it/s]
Fine-tuning 2/2:  86%|████████▌ | 214/250 [01:04<00:10,  3.39it/s]
Fine-tuning 2/2:  86%|████████▌ | 215/250 [01:04<00:10,  3.39it/s]
Fine-tuning 2/2:  86%|████████▋ | 216/250 [01:05<00:10,  3.37it/s]
Fine-tuning 2/2:  87%|████████▋ | 217/250 [01:05<00:09,  3.34it/s]
Fine-tuning 2/2:  87%|████████▋ | 218/250 [01:05<00:09,  3.36it/s]
Fine-tuning 2/2:  88%|████████▊ | 219/250 [01:06<00:09,  3.40it/s]
Fine-tuning 2/2:  88%|████████▊ | 220/250 [01:06<00:08,  3.40it/s]
Fine-tuning 2/2:  88%|████████▊ | 221/250 [01:06<00:08,  3.40it/s]
Fine-tuning 2/2:  89%|████████▉ | 222/250 [01:07<00:08,  3.39it/s]
Fine-tuning 2/2:  89%|████████▉ | 223/250 [01:07<00:07,  3.39it/s]
Fine-tuning 2/2:  90%|████████▉ | 224/250 [01:07<00:07,  3.38it/s]
Fine-tuning 2/2:  90%|█████████ | 225/250 [01:07<00:07,  3.37it/s]
Fine-tuning 2/2:  90%|█████████ | 226/250 [01:08<00:07,  3.38it/s]
Fine-tuning 2/2:  91%|█████████ | 227/250 [01:08<00:06,  3.38it/s]
Fine-tuning 2/2:  91%|█████████ | 228/250 [01:08<00:06,  3.38it/s]
Fine-tuning 2/2:  92%|█████████▏| 229/250 [01:09<00:06,  3.38it/s]
Fine-tuning 2/2:  92%|█████████▏| 230/250 [01:09<00:05,  3.38it/s]
Fine-tuning 2/2:  92%|█████████▏| 231/250 [01:09<00:05,  3.39it/s]
Fine-tuning 2/2:  93%|█████████▎| 232/250 [01:09<00:05,  3.37it/s]
Fine-tuning 2/2:  93%|█████████▎| 233/250 [01:10<00:05,  3.38it/s]
Fine-tuning 2/2:  94%|█████████▎| 234/250 [01:10<00:04,  3.38it/s]
Fine-tuning 2/2:  94%|█████████▍| 235/250 [01:10<00:04,  3.37it/s]
Fine-tuning 2/2:  94%|█████████▍| 236/250 [01:11<00:04,  3.38it/s]
Fine-tuning 2/2:  95%|█████████▍| 237/250 [01:11<00:03,  3.38it/s]
Fine-tuning 2/2:  95%|█████████▌| 238/250 [01:11<00:03,  3.37it/s]
Fine-tuning 2/2:  96%|█████████▌| 239/250 [01:12<00:03,  3.38it/s]
Fine-tuning 2/2:  96%|█████████▌| 240/250 [01:12<00:02,  3.38it/s]
Fine-tuning 2/2:  96%|█████████▋| 241/250 [01:12<00:02,  3.38it/s]
Fine-tuning 2/2:  97%|█████████▋| 242/250 [01:12<00:02,  3.38it/s]
Fine-tuning 2/2:  97%|█████████▋| 243/250 [01:13<00:02,  3.38it/s]
Fine-tuning 2/2:  98%|█████████▊| 244/250 [01:13<00:01,  3.37it/s]
Fine-tuning 2/2:  98%|█████████▊| 245/250 [01:13<00:01,  3.38it/s]
Fine-tuning 2/2:  98%|█████████▊| 246/250 [01:14<00:01,  3.38it/s]
Fine-tuning 2/2:  99%|█████████▉| 247/250 [01:14<00:00,  3.38it/s]
Fine-tuning 2/2:  99%|█████████▉| 248/250 [01:14<00:00,  3.38it/s]
Fine-tuning 2/2: 100%|█████████▉| 249/250 [01:15<00:00,  3.38it/s]
Fine-tuning 2/2: 100%|██████████| 250/250 [01:15<00:00,  3.39it/s]
Fine-tuning 2/2: 100%|██████████| 250/250 [01:15<00:00,  3.32it/s]
Starting evaluation: max_eval_batches=all

Evaluating Magnitude Pruning:   0%|          | 0/97 [00:00<?, ?it/s]
Evaluating Magnitude Pruning:   1%|          | 1/97 [00:00<00:35,  2.70it/s]
Evaluating Magnitude Pruning:   3%|▎         | 3/97 [00:00<00:15,  5.94it/s]
Evaluating Magnitude Pruning:   5%|▌         | 5/97 [00:00<00:12,  7.55it/s]
Evaluating Magnitude Pruning:   7%|▋         | 7/97 [00:00<00:10,  8.47it/s]
Evaluating Magnitude Pruning:   9%|▉         | 9/97 [00:01<00:09,  9.02it/s]
Evaluating Magnitude Pruning:  11%|█▏        | 11/97 [00:01<00:09,  9.41it/s]
Evaluating Magnitude Pruning:  13%|█▎        | 13/97 [00:01<00:08,  9.66it/s]
Evaluating Magnitude Pruning:  15%|█▌        | 15/97 [00:01<00:08,  9.80it/s]
Evaluating Magnitude Pruning:  16%|█▋        | 16/97 [00:01<00:08,  9.82it/s]
Evaluating Magnitude Pruning:  18%|█▊        | 17/97 [00:01<00:08,  9.85it/s]
Evaluating Magnitude Pruning:  20%|█▉        | 19/97 [00:02<00:07,  9.92it/s]
Evaluating Magnitude Pruning:  22%|██▏       | 21/97 [00:02<00:07,  9.96it/s]
Evaluating Magnitude Pruning:  23%|██▎       | 22/97 [00:02<00:07,  9.95it/s]
Evaluating Magnitude Pruning:  25%|██▍       | 24/97 [00:02<00:07, 10.03it/s]
Evaluating Magnitude Pruning:  27%|██▋       | 26/97 [00:02<00:07, 10.06it/s]
Evaluating Magnitude Pruning:  29%|██▉       | 28/97 [00:03<00:06,  9.93it/s]
Evaluating Magnitude Pruning:  30%|██▉       | 29/97 [00:03<00:06,  9.75it/s]
Evaluating Magnitude Pruning:  31%|███       | 30/97 [00:03<00:07,  9.54it/s]
Evaluating Magnitude Pruning:  33%|███▎      | 32/97 [00:03<00:06,  9.62it/s]
Evaluating Magnitude Pruning:  34%|███▍      | 33/97 [00:03<00:06,  9.45it/s]
Evaluating Magnitude Pruning:  35%|███▌      | 34/97 [00:03<00:06,  9.40it/s]
Evaluating Magnitude Pruning:  36%|███▌      | 35/97 [00:03<00:06,  9.36it/s]
Evaluating Magnitude Pruning:  37%|███▋      | 36/97 [00:03<00:06,  9.39it/s]
Evaluating Magnitude Pruning:  38%|███▊      | 37/97 [00:04<00:06,  9.37it/s]
Evaluating Magnitude Pruning:  39%|███▉      | 38/97 [00:04<00:06,  9.16it/s]
Evaluating Magnitude Pruning:  40%|████      | 39/97 [00:04<00:06,  9.03it/s]
Evaluating Magnitude Pruning:  41%|████      | 40/97 [00:04<00:06,  9.08it/s]
Evaluating Magnitude Pruning:  42%|████▏     | 41/97 [00:04<00:06,  9.29it/s]
Evaluating Magnitude Pruning:  43%|████▎     | 42/97 [00:04<00:05,  9.44it/s]
Evaluating Magnitude Pruning:  44%|████▍     | 43/97 [00:04<00:05,  9.59it/s]
Evaluating Magnitude Pruning:  45%|████▌     | 44/97 [00:04<00:05,  9.67it/s]
Evaluating Magnitude Pruning:  47%|████▋     | 46/97 [00:04<00:05,  9.88it/s]
Evaluating Magnitude Pruning:  49%|████▉     | 48/97 [00:05<00:04, 10.02it/s]
Evaluating Magnitude Pruning:  52%|█████▏    | 50/97 [00:05<00:04, 10.11it/s]
Evaluating Magnitude Pruning:  54%|█████▎    | 52/97 [00:05<00:04, 10.16it/s]
Evaluating Magnitude Pruning:  56%|█████▌    | 54/97 [00:05<00:04, 10.19it/s]
Evaluating Magnitude Pruning:  58%|█████▊    | 56/97 [00:05<00:04, 10.23it/s]
Evaluating Magnitude Pruning:  60%|█████▉    | 58/97 [00:06<00:03, 10.23it/s]
Evaluating Magnitude Pruning:  62%|██████▏   | 60/97 [00:06<00:03, 10.26it/s]
Evaluating Magnitude Pruning:  64%|██████▍   | 62/97 [00:06<00:03, 10.28it/s]
Evaluating Magnitude Pruning:  66%|██████▌   | 64/97 [00:06<00:03, 10.29it/s]
Evaluating Magnitude Pruning:  68%|██████▊   | 66/97 [00:06<00:03, 10.28it/s]
Evaluating Magnitude Pruning:  70%|███████   | 68/97 [00:07<00:02, 10.30it/s]
Evaluating Magnitude Pruning:  72%|███████▏  | 70/97 [00:07<00:02, 10.29it/s]
Evaluating Magnitude Pruning:  74%|███████▍  | 72/97 [00:07<00:02, 10.26it/s]
Evaluating Magnitude Pruning:  76%|███████▋  | 74/97 [00:07<00:02, 10.26it/s]
Evaluating Magnitude Pruning:  78%|███████▊  | 76/97 [00:07<00:02, 10.25it/s]
Evaluating Magnitude Pruning:  80%|████████  | 78/97 [00:08<00:01, 10.26it/s]
Evaluating Magnitude Pruning:  82%|████████▏ | 80/97 [00:08<00:01, 10.27it/s]
Evaluating Magnitude Pruning:  85%|████████▍ | 82/97 [00:08<00:01, 10.25it/s]
Evaluating Magnitude Pruning:  87%|████████▋ | 84/97 [00:08<00:01, 10.24it/s]
Evaluating Magnitude Pruning:  89%|████████▊ | 86/97 [00:08<00:01, 10.22it/s]
Evaluating Magnitude Pruning:  91%|█████████ | 88/97 [00:09<00:00, 10.24it/s]
Evaluating Magnitude Pruning:  93%|█████████▎| 90/97 [00:09<00:00, 10.25it/s]
Evaluating Magnitude Pruning:  95%|█████████▍| 92/97 [00:09<00:00, 10.26it/s]
Evaluating Magnitude Pruning:  97%|█████████▋| 94/97 [00:09<00:00, 10.22it/s]
Evaluating Magnitude Pruning:  99%|█████████▉| 96/97 [00:09<00:00, 10.22it/s]
                                                                             
[Magnitude Pruning        ] banking77    | Acc: 91.04% | F1: 91.04% | Compression: 4.1% | Inf: 94.2ms/batch
Results saved to results/tables/banking77_sparsity20.json
Results saved to results/tables/banking77_sparsity20.json
