Device: cuda
Datasets: imdb
Methods: magnitude
Sparsities: 42%
Resume: True
Fine-tune epochs: 2
Max train batches: all
Max eval batches: all
Observability batches: 50

########################################################################
Dataset: imdb  |  Sparsities: 42%
########################################################################
Warning: You are sending unauthenticated requests to the HF Hub. Please set a HF_TOKEN to enable higher rate limits and faster downloads.

Map:   0%|          | 0/2500 [00:00<?, ? examples/s]
Map:  40%|████      | 1000/2500 [00:00<00:01, 1255.30 examples/s]
Map:  80%|████████  | 2000/2500 [00:01<00:00, 1225.51 examples/s]
Map: 100%|██████████| 2500/2500 [00:02<00:00, 1176.77 examples/s]
Map: 100%|██████████| 2500/2500 [00:02<00:00, 1190.94 examples/s]
Loading checkpoint from results/checkpoints/imdb/best

Loading weights:   0%|          | 0/104 [00:00<?, ?it/s]
Loading weights: 100%|██████████| 104/104 [00:00<00:00, 20929.26it/s]
Evaluating baseline for imdb...

Evaluating Baseline (unpruned):   0%|          | 0/79 [00:00<?, ?it/s]
Evaluating Baseline (unpruned):   1%|▏         | 1/79 [00:00<00:24,  3.21it/s]
Evaluating Baseline (unpruned):   3%|▎         | 2/79 [00:00<00:15,  5.07it/s]
Evaluating Baseline (unpruned):   4%|▍         | 3/79 [00:00<00:11,  6.53it/s]
Evaluating Baseline (unpruned):   5%|▌         | 4/79 [00:00<00:09,  7.53it/s]
Evaluating Baseline (unpruned):   6%|▋         | 5/79 [00:00<00:08,  8.24it/s]
Evaluating Baseline (unpruned):   8%|▊         | 6/79 [00:00<00:08,  8.69it/s]
Evaluating Baseline (unpruned):   9%|▉         | 7/79 [00:00<00:07,  9.01it/s]
Evaluating Baseline (unpruned):  10%|█         | 8/79 [00:01<00:07,  9.22it/s]
Evaluating Baseline (unpruned):  11%|█▏        | 9/79 [00:01<00:07,  9.35it/s]
Evaluating Baseline (unpruned):  13%|█▎        | 10/79 [00:01<00:07,  9.45it/s]
Evaluating Baseline (unpruned):  14%|█▍        | 11/79 [00:01<00:07,  9.52it/s]
Evaluating Baseline (unpruned):  15%|█▌        | 12/79 [00:01<00:07,  9.55it/s]
Evaluating Baseline (unpruned):  16%|█▋        | 13/79 [00:01<00:06,  9.63it/s]
Evaluating Baseline (unpruned):  18%|█▊        | 14/79 [00:01<00:06,  9.68it/s]
Evaluating Baseline (unpruned):  19%|█▉        | 15/79 [00:01<00:06,  9.69it/s]
Evaluating Baseline (unpruned):  20%|██        | 16/79 [00:01<00:06,  9.67it/s]
Evaluating Baseline (unpruned):  22%|██▏       | 17/79 [00:01<00:06,  9.72it/s]
Evaluating Baseline (unpruned):  23%|██▎       | 18/79 [00:02<00:06,  9.76it/s]
Evaluating Baseline (unpruned):  24%|██▍       | 19/79 [00:02<00:06,  9.78it/s]
Evaluating Baseline (unpruned):  25%|██▌       | 20/79 [00:02<00:06,  9.80it/s]
Evaluating Baseline (unpruned):  27%|██▋       | 21/79 [00:02<00:05,  9.79it/s]
Evaluating Baseline (unpruned):  28%|██▊       | 22/79 [00:02<00:05,  9.76it/s]
Evaluating Baseline (unpruned):  29%|██▉       | 23/79 [00:02<00:05,  9.76it/s]
Evaluating Baseline (unpruned):  30%|███       | 24/79 [00:02<00:05,  9.72it/s]
Evaluating Baseline (unpruned):  32%|███▏      | 25/79 [00:02<00:05,  9.75it/s]
Evaluating Baseline (unpruned):  33%|███▎      | 26/79 [00:02<00:05,  9.74it/s]
Evaluating Baseline (unpruned):  34%|███▍      | 27/79 [00:02<00:05,  9.74it/s]
Evaluating Baseline (unpruned):  35%|███▌      | 28/79 [00:03<00:05,  9.72it/s]
Evaluating Baseline (unpruned):  37%|███▋      | 29/79 [00:03<00:05,  9.75it/s]
Evaluating Baseline (unpruned):  38%|███▊      | 30/79 [00:03<00:05,  9.76it/s]
Evaluating Baseline (unpruned):  39%|███▉      | 31/79 [00:03<00:04,  9.79it/s]
Evaluating Baseline (unpruned):  41%|████      | 32/79 [00:03<00:04,  9.79it/s]
Evaluating Baseline (unpruned):  42%|████▏     | 33/79 [00:03<00:04,  9.81it/s]
Evaluating Baseline (unpruned):  43%|████▎     | 34/79 [00:03<00:04,  9.79it/s]
Evaluating Baseline (unpruned):  44%|████▍     | 35/79 [00:03<00:04,  9.80it/s]
Evaluating Baseline (unpruned):  46%|████▌     | 36/79 [00:03<00:04,  9.78it/s]
Evaluating Baseline (unpruned):  47%|████▋     | 37/79 [00:04<00:04,  9.79it/s]
Evaluating Baseline (unpruned):  48%|████▊     | 38/79 [00:04<00:04,  9.75it/s]
Evaluating Baseline (unpruned):  49%|████▉     | 39/79 [00:04<00:04,  9.76it/s]
Evaluating Baseline (unpruned):  51%|█████     | 40/79 [00:04<00:04,  9.72it/s]
Evaluating Baseline (unpruned):  52%|█████▏    | 41/79 [00:04<00:03,  9.71it/s]
Evaluating Baseline (unpruned):  53%|█████▎    | 42/79 [00:04<00:03,  9.68it/s]
Evaluating Baseline (unpruned):  54%|█████▍    | 43/79 [00:04<00:03,  9.72it/s]
Evaluating Baseline (unpruned):  56%|█████▌    | 44/79 [00:04<00:03,  9.69it/s]
Evaluating Baseline (unpruned):  57%|█████▋    | 45/79 [00:04<00:03,  9.71it/s]
Evaluating Baseline (unpruned):  58%|█████▊    | 46/79 [00:04<00:03,  9.69it/s]
Evaluating Baseline (unpruned):  59%|█████▉    | 47/79 [00:05<00:03,  9.71it/s]
Evaluating Baseline (unpruned):  61%|██████    | 48/79 [00:05<00:03,  9.71it/s]
Evaluating Baseline (unpruned):  62%|██████▏   | 49/79 [00:05<00:03,  9.74it/s]
Evaluating Baseline (unpruned):  63%|██████▎   | 50/79 [00:05<00:02,  9.69it/s]
Evaluating Baseline (unpruned):  65%|██████▍   | 51/79 [00:05<00:02,  9.71it/s]
Evaluating Baseline (unpruned):  66%|██████▌   | 52/79 [00:05<00:02,  9.71it/s]
Evaluating Baseline (unpruned):  67%|██████▋   | 53/79 [00:05<00:02,  9.74it/s]
Evaluating Baseline (unpruned):  68%|██████▊   | 54/79 [00:05<00:02,  9.72it/s]
Evaluating Baseline (unpruned):  70%|██████▉   | 55/79 [00:05<00:02,  9.73it/s]
Evaluating Baseline (unpruned):  71%|███████   | 56/79 [00:05<00:02,  9.73it/s]
Evaluating Baseline (unpruned):  72%|███████▏  | 57/79 [00:06<00:02,  9.74it/s]
Evaluating Baseline (unpruned):  73%|███████▎  | 58/79 [00:06<00:02,  9.71it/s]
Evaluating Baseline (unpruned):  75%|███████▍  | 59/79 [00:06<00:02,  9.72it/s]
Evaluating Baseline (unpruned):  76%|███████▌  | 60/79 [00:06<00:01,  9.71it/s]
Evaluating Baseline (unpruned):  77%|███████▋  | 61/79 [00:06<00:01,  9.69it/s]
Evaluating Baseline (unpruned):  78%|███████▊  | 62/79 [00:06<00:01,  9.66it/s]
Evaluating Baseline (unpruned):  80%|███████▉  | 63/79 [00:06<00:01,  9.68it/s]
Evaluating Baseline (unpruned):  81%|████████  | 64/79 [00:06<00:01,  9.66it/s]
Evaluating Baseline (unpruned):  82%|████████▏ | 65/79 [00:06<00:01,  9.67it/s]
Evaluating Baseline (unpruned):  84%|████████▎ | 66/79 [00:07<00:01,  9.63it/s]
Evaluating Baseline (unpruned):  85%|████████▍ | 67/79 [00:07<00:01,  9.64it/s]
Evaluating Baseline (unpruned):  86%|████████▌ | 68/79 [00:07<00:01,  9.62it/s]
Evaluating Baseline (unpruned):  87%|████████▋ | 69/79 [00:07<00:01,  9.62it/s]
Evaluating Baseline (unpruned):  89%|████████▊ | 70/79 [00:07<00:00,  9.63it/s]
Evaluating Baseline (unpruned):  90%|████████▉ | 71/79 [00:07<00:00,  9.64it/s]
Evaluating Baseline (unpruned):  91%|█████████ | 72/79 [00:07<00:00,  9.64it/s]
Evaluating Baseline (unpruned):  92%|█████████▏| 73/79 [00:07<00:00,  9.63it/s]
Evaluating Baseline (unpruned):  94%|█████████▎| 74/79 [00:07<00:00,  9.59it/s]
Evaluating Baseline (unpruned):  95%|█████████▍| 75/79 [00:07<00:00,  9.60it/s]
Evaluating Baseline (unpruned):  96%|█████████▌| 76/79 [00:08<00:00,  9.63it/s]
Evaluating Baseline (unpruned):  97%|█████████▋| 77/79 [00:08<00:00,  9.63it/s]
Evaluating Baseline (unpruned):  99%|█████████▊| 78/79 [00:08<00:00,  9.62it/s]
                                                                               
Baseline:
[Baseline (unpruned)      ] imdb         | Acc: 87.92% | F1: 87.92% | Compression: 0.0% | Inf: 101.0ms/batch
Pending methods for imdb: magnitude

========================================================================
Dataset: imdb | Method: MAGNITUDE | Sparsity: 42%
========================================================================
[Magnitude] Pruned 30/72 heads (42.0% sparsity)
Starting fine-tune: epochs=2, max_train_batches=all

Fine-tuning 1/2:   0%|          | 0/625 [00:00<?, ?it/s]
Fine-tuning 1/2:   0%|          | 1/625 [00:00<03:46,  2.75it/s]
Fine-tuning 1/2:   0%|          | 3/625 [00:00<02:09,  4.81it/s]
Fine-tuning 1/2:   1%|          | 4/625 [00:00<02:25,  4.26it/s]
Fine-tuning 1/2:   1%|          | 5/625 [00:01<02:36,  3.97it/s]
Fine-tuning 1/2:   1%|          | 6/625 [00:01<02:42,  3.81it/s]
Fine-tuning 1/2:   1%|          | 7/625 [00:01<02:47,  3.70it/s]
Fine-tuning 1/2:   1%|▏         | 8/625 [00:02<02:50,  3.63it/s]
Fine-tuning 1/2:   1%|▏         | 9/625 [00:02<02:52,  3.57it/s]
Fine-tuning 1/2:   2%|▏         | 10/625 [00:02<02:53,  3.54it/s]
Fine-tuning 1/2:   2%|▏         | 11/625 [00:02<02:54,  3.53it/s]
Fine-tuning 1/2:   2%|▏         | 12/625 [00:03<02:57,  3.45it/s]
Fine-tuning 1/2:   2%|▏         | 13/625 [00:03<02:57,  3.45it/s]
Fine-tuning 1/2:   2%|▏         | 14/625 [00:03<02:53,  3.51it/s]
Fine-tuning 1/2:   2%|▏         | 15/625 [00:04<02:54,  3.49it/s]
Fine-tuning 1/2:   3%|▎         | 16/625 [00:04<02:54,  3.48it/s]
Fine-tuning 1/2:   3%|▎         | 17/625 [00:04<02:54,  3.47it/s]
Fine-tuning 1/2:   3%|▎         | 18/625 [00:04<02:54,  3.47it/s]
Fine-tuning 1/2:   3%|▎         | 19/625 [00:05<02:55,  3.45it/s]
Fine-tuning 1/2:   3%|▎         | 20/625 [00:05<02:54,  3.47it/s]
Fine-tuning 1/2:   3%|▎         | 21/625 [00:05<02:54,  3.46it/s]
Fine-tuning 1/2:   4%|▎         | 22/625 [00:06<02:54,  3.46it/s]
Fine-tuning 1/2:   4%|▎         | 23/625 [00:06<02:55,  3.43it/s]
Fine-tuning 1/2:   4%|▍         | 24/625 [00:06<02:54,  3.45it/s]
Fine-tuning 1/2:   4%|▍         | 25/625 [00:07<02:54,  3.44it/s]
Fine-tuning 1/2:   4%|▍         | 26/625 [00:07<02:52,  3.48it/s]
Fine-tuning 1/2:   4%|▍         | 27/625 [00:07<02:52,  3.47it/s]
Fine-tuning 1/2:   4%|▍         | 28/625 [00:07<02:52,  3.46it/s]
Fine-tuning 1/2:   5%|▍         | 29/625 [00:08<02:52,  3.45it/s]
Fine-tuning 1/2:   5%|▍         | 30/625 [00:08<02:53,  3.43it/s]
Fine-tuning 1/2:   5%|▍         | 31/625 [00:08<02:53,  3.43it/s]
Fine-tuning 1/2:   5%|▌         | 32/625 [00:09<02:53,  3.42it/s]
Fine-tuning 1/2:   5%|▌         | 33/625 [00:09<02:53,  3.40it/s]
Fine-tuning 1/2:   5%|▌         | 34/625 [00:09<02:53,  3.41it/s]
Fine-tuning 1/2:   6%|▌         | 35/625 [00:09<02:53,  3.40it/s]
Fine-tuning 1/2:   6%|▌         | 36/625 [00:10<02:53,  3.40it/s]
Fine-tuning 1/2:   6%|▌         | 37/625 [00:10<02:52,  3.41it/s]
Fine-tuning 1/2:   6%|▌         | 38/625 [00:10<02:52,  3.40it/s]
Fine-tuning 1/2:   6%|▌         | 39/625 [00:11<02:52,  3.39it/s]
Fine-tuning 1/2:   6%|▋         | 40/625 [00:11<02:52,  3.39it/s]
Fine-tuning 1/2:   7%|▋         | 41/625 [00:11<02:52,  3.39it/s]
Fine-tuning 1/2:   7%|▋         | 42/625 [00:12<02:51,  3.39it/s]
Fine-tuning 1/2:   7%|▋         | 43/625 [00:12<02:51,  3.39it/s]
Fine-tuning 1/2:   7%|▋         | 44/625 [00:12<02:52,  3.37it/s]
Fine-tuning 1/2:   7%|▋         | 45/625 [00:12<02:52,  3.37it/s]
Fine-tuning 1/2:   7%|▋         | 46/625 [00:13<02:51,  3.38it/s]
Fine-tuning 1/2:   8%|▊         | 47/625 [00:13<02:51,  3.37it/s]
Fine-tuning 1/2:   8%|▊         | 48/625 [00:13<02:50,  3.38it/s]
Fine-tuning 1/2:   8%|▊         | 49/625 [00:14<02:50,  3.38it/s]
Fine-tuning 1/2:   8%|▊         | 50/625 [00:14<02:51,  3.36it/s]
Fine-tuning 1/2:   8%|▊         | 51/625 [00:14<02:51,  3.35it/s]
Fine-tuning 1/2:   8%|▊         | 52/625 [00:14<02:50,  3.36it/s]
Fine-tuning 1/2:   8%|▊         | 53/625 [00:15<02:50,  3.36it/s]
Fine-tuning 1/2:   9%|▊         | 54/625 [00:15<02:50,  3.35it/s]
Fine-tuning 1/2:   9%|▉         | 55/625 [00:15<02:50,  3.34it/s]
Fine-tuning 1/2:   9%|▉         | 56/625 [00:16<02:50,  3.34it/s]
Fine-tuning 1/2:   9%|▉         | 57/625 [00:16<02:50,  3.33it/s]
Fine-tuning 1/2:   9%|▉         | 58/625 [00:16<02:50,  3.33it/s]
Fine-tuning 1/2:   9%|▉         | 59/625 [00:17<02:50,  3.33it/s]
Fine-tuning 1/2:  10%|▉         | 60/625 [00:17<02:51,  3.30it/s]
Fine-tuning 1/2:  10%|▉         | 61/625 [00:17<02:50,  3.30it/s]
Fine-tuning 1/2:  10%|▉         | 62/625 [00:18<02:51,  3.29it/s]
Fine-tuning 1/2:  10%|█         | 63/625 [00:18<02:50,  3.30it/s]
Fine-tuning 1/2:  10%|█         | 64/625 [00:18<02:50,  3.29it/s]
Fine-tuning 1/2:  10%|█         | 65/625 [00:18<02:51,  3.27it/s]
Fine-tuning 1/2:  11%|█         | 66/625 [00:19<02:50,  3.28it/s]
Fine-tuning 1/2:  11%|█         | 67/625 [00:19<02:49,  3.29it/s]
Fine-tuning 1/2:  11%|█         | 68/625 [00:19<02:49,  3.29it/s]
Fine-tuning 1/2:  11%|█         | 69/625 [00:20<02:49,  3.28it/s]
Fine-tuning 1/2:  11%|█         | 70/625 [00:20<02:49,  3.27it/s]
Fine-tuning 1/2:  11%|█▏        | 71/625 [00:20<02:49,  3.27it/s]
Fine-tuning 1/2:  12%|█▏        | 72/625 [00:21<02:49,  3.26it/s]
Fine-tuning 1/2:  12%|█▏        | 73/625 [00:21<02:46,  3.32it/s]
Fine-tuning 1/2:  12%|█▏        | 74/625 [00:21<02:46,  3.30it/s]
Fine-tuning 1/2:  12%|█▏        | 75/625 [00:21<02:47,  3.29it/s]
Fine-tuning 1/2:  12%|█▏        | 76/625 [00:22<02:46,  3.29it/s]
Fine-tuning 1/2:  12%|█▏        | 77/625 [00:22<02:47,  3.28it/s]
Fine-tuning 1/2:  12%|█▏        | 78/625 [00:22<02:47,  3.27it/s]
Fine-tuning 1/2:  13%|█▎        | 79/625 [00:23<02:47,  3.26it/s]
Fine-tuning 1/2:  13%|█▎        | 80/625 [00:23<02:46,  3.27it/s]
Fine-tuning 1/2:  13%|█▎        | 81/625 [00:23<02:46,  3.27it/s]
Fine-tuning 1/2:  13%|█▎        | 82/625 [00:24<02:46,  3.26it/s]
Fine-tuning 1/2:  13%|█▎        | 83/625 [00:24<02:46,  3.26it/s]
Fine-tuning 1/2:  13%|█▎        | 84/625 [00:24<02:46,  3.26it/s]
Fine-tuning 1/2:  14%|█▎        | 85/625 [00:25<02:45,  3.26it/s]
Fine-tuning 1/2:  14%|█▍        | 86/625 [00:25<02:45,  3.26it/s]
Fine-tuning 1/2:  14%|█▍        | 87/625 [00:25<02:45,  3.26it/s]
Fine-tuning 1/2:  14%|█▍        | 88/625 [00:25<02:44,  3.26it/s]
Fine-tuning 1/2:  14%|█▍        | 89/625 [00:26<02:46,  3.22it/s]
Fine-tuning 1/2:  14%|█▍        | 90/625 [00:26<02:43,  3.27it/s]
Fine-tuning 1/2:  15%|█▍        | 91/625 [00:26<02:43,  3.26it/s]
Fine-tuning 1/2:  15%|█▍        | 92/625 [00:27<02:44,  3.25it/s]
Fine-tuning 1/2:  15%|█▍        | 93/625 [00:27<02:43,  3.26it/s]
Fine-tuning 1/2:  15%|█▌        | 94/625 [00:27<02:43,  3.25it/s]
Fine-tuning 1/2:  15%|█▌        | 95/625 [00:28<02:43,  3.25it/s]
Fine-tuning 1/2:  15%|█▌        | 96/625 [00:28<02:42,  3.26it/s]
Fine-tuning 1/2:  16%|█▌        | 97/625 [00:28<02:42,  3.24it/s]
Fine-tuning 1/2:  16%|█▌        | 98/625 [00:29<02:41,  3.25it/s]
Fine-tuning 1/2:  16%|█▌        | 99/625 [00:29<02:41,  3.25it/s]
Fine-tuning 1/2:  16%|█▌        | 100/625 [00:29<02:41,  3.25it/s]
Fine-tuning 1/2:  16%|█▌        | 101/625 [00:29<02:41,  3.25it/s]
Fine-tuning 1/2:  16%|█▋        | 102/625 [00:30<02:40,  3.25it/s]
Fine-tuning 1/2:  16%|█▋        | 103/625 [00:30<02:40,  3.26it/s]
Fine-tuning 1/2:  17%|█▋        | 104/625 [00:30<02:39,  3.26it/s]
Fine-tuning 1/2:  17%|█▋        | 105/625 [00:31<02:40,  3.23it/s]
Fine-tuning 1/2:  17%|█▋        | 106/625 [00:31<02:38,  3.27it/s]
Fine-tuning 1/2:  17%|█▋        | 107/625 [00:31<02:38,  3.27it/s]
Fine-tuning 1/2:  17%|█▋        | 108/625 [00:32<02:37,  3.28it/s]
Fine-tuning 1/2:  17%|█▋        | 109/625 [00:32<02:37,  3.28it/s]
Fine-tuning 1/2:  18%|█▊        | 110/625 [00:32<02:38,  3.26it/s]
Fine-tuning 1/2:  18%|█▊        | 111/625 [00:33<02:36,  3.28it/s]
Fine-tuning 1/2:  18%|█▊        | 112/625 [00:33<02:35,  3.29it/s]
Fine-tuning 1/2:  18%|█▊        | 113/625 [00:33<02:36,  3.27it/s]
Fine-tuning 1/2:  18%|█▊        | 114/625 [00:33<02:35,  3.30it/s]
Fine-tuning 1/2:  18%|█▊        | 115/625 [00:34<02:34,  3.30it/s]
Fine-tuning 1/2:  19%|█▊        | 116/625 [00:34<02:34,  3.30it/s]
Fine-tuning 1/2:  19%|█▊        | 117/625 [00:34<02:35,  3.27it/s]
Fine-tuning 1/2:  19%|█▉        | 118/625 [00:35<02:32,  3.33it/s]
Fine-tuning 1/2:  19%|█▉        | 119/625 [00:35<02:32,  3.32it/s]
Fine-tuning 1/2:  19%|█▉        | 120/625 [00:35<02:33,  3.29it/s]
Fine-tuning 1/2:  19%|█▉        | 121/625 [00:36<02:30,  3.35it/s]
Fine-tuning 1/2:  20%|█▉        | 122/625 [00:36<02:30,  3.34it/s]
Fine-tuning 1/2:  20%|█▉        | 123/625 [00:36<02:30,  3.33it/s]
Fine-tuning 1/2:  20%|█▉        | 124/625 [00:36<02:30,  3.33it/s]
Fine-tuning 1/2:  20%|██        | 125/625 [00:37<02:30,  3.33it/s]
Fine-tuning 1/2:  20%|██        | 126/625 [00:37<02:29,  3.33it/s]
Fine-tuning 1/2:  20%|██        | 127/625 [00:37<02:29,  3.33it/s]
Fine-tuning 1/2:  20%|██        | 128/625 [00:38<02:28,  3.35it/s]
Fine-tuning 1/2:  21%|██        | 129/625 [00:38<02:29,  3.31it/s]
Fine-tuning 1/2:  21%|██        | 130/625 [00:38<02:27,  3.35it/s]
Fine-tuning 1/2:  21%|██        | 131/625 [00:39<02:27,  3.36it/s]
Fine-tuning 1/2:  21%|██        | 132/625 [00:39<02:27,  3.35it/s]
Fine-tuning 1/2:  21%|██▏       | 133/625 [00:39<02:26,  3.35it/s]
Fine-tuning 1/2:  21%|██▏       | 134/625 [00:39<02:26,  3.35it/s]
Fine-tuning 1/2:  22%|██▏       | 135/625 [00:40<02:25,  3.36it/s]
Fine-tuning 1/2:  22%|██▏       | 136/625 [00:40<02:25,  3.36it/s]
Fine-tuning 1/2:  22%|██▏       | 137/625 [00:40<02:24,  3.37it/s]
Fine-tuning 1/2:  22%|██▏       | 138/625 [00:41<02:24,  3.37it/s]
Fine-tuning 1/2:  22%|██▏       | 139/625 [00:41<02:24,  3.37it/s]
Fine-tuning 1/2:  22%|██▏       | 140/625 [00:41<02:23,  3.37it/s]
Fine-tuning 1/2:  23%|██▎       | 141/625 [00:41<02:23,  3.38it/s]
Fine-tuning 1/2:  23%|██▎       | 142/625 [00:42<02:29,  3.23it/s]
Fine-tuning 1/2:  23%|██▎       | 143/625 [00:42<02:22,  3.39it/s]
Fine-tuning 1/2:  23%|██▎       | 144/625 [00:42<02:21,  3.39it/s]
Fine-tuning 1/2:  23%|██▎       | 145/625 [00:43<02:20,  3.41it/s]
Fine-tuning 1/2:  23%|██▎       | 146/625 [00:43<02:20,  3.41it/s]
Fine-tuning 1/2:  24%|██▎       | 147/625 [00:43<02:21,  3.38it/s]
Fine-tuning 1/2:  24%|██▎       | 148/625 [00:44<02:20,  3.40it/s]
Fine-tuning 1/2:  24%|██▍       | 149/625 [00:44<02:19,  3.41it/s]
Fine-tuning 1/2:  24%|██▍       | 150/625 [00:44<02:19,  3.40it/s]
Fine-tuning 1/2:  24%|██▍       | 151/625 [00:44<02:19,  3.41it/s]
Fine-tuning 1/2:  24%|██▍       | 152/625 [00:45<02:20,  3.37it/s]
Fine-tuning 1/2:  24%|██▍       | 153/625 [00:45<02:19,  3.39it/s]
Fine-tuning 1/2:  25%|██▍       | 154/625 [00:45<02:19,  3.38it/s]
Fine-tuning 1/2:  25%|██▍       | 155/625 [00:46<02:19,  3.37it/s]
Fine-tuning 1/2:  25%|██▍       | 156/625 [00:46<02:17,  3.41it/s]
Fine-tuning 1/2:  25%|██▌       | 157/625 [00:46<02:28,  3.16it/s]
Fine-tuning 1/2:  25%|██▌       | 158/625 [00:47<02:18,  3.38it/s]
Fine-tuning 1/2:  25%|██▌       | 159/625 [00:47<02:17,  3.39it/s]
Fine-tuning 1/2:  26%|██▌       | 160/625 [00:47<02:12,  3.50it/s]
Fine-tuning 1/2:  26%|██▌       | 161/625 [00:47<02:13,  3.47it/s]
Fine-tuning 1/2:  26%|██▌       | 162/625 [00:48<02:13,  3.46it/s]
Fine-tuning 1/2:  26%|██▌       | 163/625 [00:48<02:16,  3.40it/s]
Fine-tuning 1/2:  26%|██▌       | 164/625 [00:48<02:22,  3.24it/s]
Fine-tuning 1/2:  26%|██▋       | 165/625 [00:49<02:12,  3.47it/s]
Fine-tuning 1/2:  27%|██▋       | 166/625 [00:49<02:15,  3.39it/s]
Fine-tuning 1/2:  27%|██▋       | 167/625 [00:49<02:14,  3.42it/s]
Fine-tuning 1/2:  27%|██▋       | 168/625 [00:49<02:13,  3.43it/s]
Fine-tuning 1/2:  27%|██▋       | 169/625 [00:50<02:12,  3.44it/s]
Fine-tuning 1/2:  27%|██▋       | 170/625 [00:50<02:12,  3.44it/s]
Fine-tuning 1/2:  27%|██▋       | 171/625 [00:50<02:13,  3.40it/s]
Fine-tuning 1/2:  28%|██▊       | 172/625 [00:51<02:13,  3.39it/s]
Fine-tuning 1/2:  28%|██▊       | 173/625 [00:51<02:08,  3.52it/s]
Fine-tuning 1/2:  28%|██▊       | 174/625 [00:51<02:09,  3.48it/s]
Fine-tuning 1/2:  28%|██▊       | 175/625 [00:51<02:09,  3.47it/s]
Fine-tuning 1/2:  28%|██▊       | 176/625 [00:52<02:10,  3.44it/s]
Fine-tuning 1/2:  28%|██▊       | 177/625 [00:52<02:09,  3.46it/s]
Fine-tuning 1/2:  28%|██▊       | 178/625 [00:52<02:09,  3.46it/s]
Fine-tuning 1/2:  29%|██▊       | 179/625 [00:53<02:09,  3.45it/s]
Fine-tuning 1/2:  29%|██▉       | 180/625 [00:53<02:08,  3.46it/s]
Fine-tuning 1/2:  29%|██▉       | 181/625 [00:53<02:07,  3.47it/s]
Fine-tuning 1/2:  29%|██▉       | 182/625 [00:53<02:07,  3.47it/s]
Fine-tuning 1/2:  29%|██▉       | 183/625 [00:54<02:07,  3.46it/s]
Fine-tuning 1/2:  29%|██▉       | 184/625 [00:54<02:07,  3.46it/s]
Fine-tuning 1/2:  30%|██▉       | 185/625 [00:54<02:06,  3.47it/s]
Fine-tuning 1/2:  30%|██▉       | 186/625 [00:55<02:07,  3.45it/s]
Fine-tuning 1/2:  30%|██▉       | 187/625 [00:55<02:06,  3.45it/s]
Fine-tuning 1/2:  30%|███       | 188/625 [00:55<02:06,  3.46it/s]
Fine-tuning 1/2:  30%|███       | 189/625 [00:56<02:06,  3.46it/s]
Fine-tuning 1/2:  30%|███       | 190/625 [00:56<02:06,  3.45it/s]
Fine-tuning 1/2:  31%|███       | 191/625 [00:56<02:05,  3.45it/s]
Fine-tuning 1/2:  31%|███       | 192/625 [00:56<02:05,  3.46it/s]
Fine-tuning 1/2:  31%|███       | 193/625 [00:57<02:04,  3.47it/s]
Fine-tuning 1/2:  31%|███       | 194/625 [00:57<02:04,  3.47it/s]
Fine-tuning 1/2:  31%|███       | 195/625 [00:57<02:04,  3.46it/s]
Fine-tuning 1/2:  31%|███▏      | 196/625 [00:58<02:03,  3.47it/s]
Fine-tuning 1/2:  32%|███▏      | 197/625 [00:58<02:02,  3.48it/s]
Fine-tuning 1/2:  32%|███▏      | 198/625 [00:58<02:02,  3.47it/s]
Fine-tuning 1/2:  32%|███▏      | 199/625 [00:58<02:02,  3.47it/s]
Fine-tuning 1/2:  32%|███▏      | 200/625 [00:59<02:03,  3.43it/s]
Fine-tuning 1/2:  32%|███▏      | 201/625 [00:59<02:01,  3.48it/s]
Fine-tuning 1/2:  32%|███▏      | 202/625 [00:59<02:02,  3.47it/s]
Fine-tuning 1/2:  32%|███▏      | 203/625 [01:00<02:01,  3.47it/s]
Fine-tuning 1/2:  33%|███▎      | 204/625 [01:00<02:01,  3.47it/s]
Fine-tuning 1/2:  33%|███▎      | 205/625 [01:00<02:01,  3.46it/s]
Fine-tuning 1/2:  33%|███▎      | 206/625 [01:00<02:01,  3.44it/s]
Fine-tuning 1/2:  33%|███▎      | 207/625 [01:01<02:01,  3.44it/s]
Fine-tuning 1/2:  33%|███▎      | 208/625 [01:01<01:59,  3.48it/s]
Fine-tuning 1/2:  33%|███▎      | 209/625 [01:01<01:59,  3.49it/s]
Fine-tuning 1/2:  34%|███▎      | 210/625 [01:02<01:59,  3.48it/s]
Fine-tuning 1/2:  34%|███▍      | 211/625 [01:02<01:59,  3.47it/s]
Fine-tuning 1/2:  34%|███▍      | 212/625 [01:02<01:59,  3.46it/s]
Fine-tuning 1/2:  34%|███▍      | 213/625 [01:02<02:00,  3.43it/s]
Fine-tuning 1/2:  34%|███▍      | 214/625 [01:03<01:56,  3.51it/s]
Fine-tuning 1/2:  34%|███▍      | 215/625 [01:03<01:57,  3.50it/s]
Fine-tuning 1/2:  35%|███▍      | 216/625 [01:03<01:56,  3.50it/s]
Fine-tuning 1/2:  35%|███▍      | 217/625 [01:04<01:56,  3.50it/s]
Fine-tuning 1/2:  35%|███▍      | 218/625 [01:04<01:56,  3.50it/s]
Fine-tuning 1/2:  35%|███▌      | 219/625 [01:04<01:56,  3.49it/s]
Fine-tuning 1/2:  35%|███▌      | 220/625 [01:04<01:55,  3.50it/s]
Fine-tuning 1/2:  35%|███▌      | 221/625 [01:05<01:55,  3.49it/s]
Fine-tuning 1/2:  36%|███▌      | 222/625 [01:05<01:55,  3.49it/s]
Fine-tuning 1/2:  36%|███▌      | 223/625 [01:05<01:55,  3.50it/s]
Fine-tuning 1/2:  36%|███▌      | 224/625 [01:06<01:55,  3.49it/s]
Fine-tuning 1/2:  36%|███▌      | 225/625 [01:06<01:54,  3.50it/s]
Fine-tuning 1/2:  36%|███▌      | 226/625 [01:06<01:53,  3.50it/s]
Fine-tuning 1/2:  36%|███▋      | 227/625 [01:06<01:53,  3.51it/s]
Fine-tuning 1/2:  36%|███▋      | 228/625 [01:07<01:53,  3.50it/s]
Fine-tuning 1/2:  37%|███▋      | 229/625 [01:07<01:52,  3.51it/s]
Fine-tuning 1/2:  37%|███▋      | 230/625 [01:07<01:52,  3.50it/s]
Fine-tuning 1/2:  37%|███▋      | 231/625 [01:08<01:53,  3.47it/s]
Fine-tuning 1/2:  37%|███▋      | 232/625 [01:08<01:52,  3.49it/s]
Fine-tuning 1/2:  37%|███▋      | 233/625 [01:08<01:53,  3.47it/s]
Fine-tuning 1/2:  37%|███▋      | 234/625 [01:08<01:51,  3.51it/s]
Fine-tuning 1/2:  38%|███▊      | 235/625 [01:09<01:51,  3.50it/s]
Fine-tuning 1/2:  38%|███▊      | 236/625 [01:09<01:51,  3.50it/s]
Fine-tuning 1/2:  38%|███▊      | 237/625 [01:09<01:50,  3.50it/s]
Fine-tuning 1/2:  38%|███▊      | 238/625 [01:10<01:50,  3.49it/s]
Fine-tuning 1/2:  38%|███▊      | 239/625 [01:10<01:50,  3.49it/s]
Fine-tuning 1/2:  38%|███▊      | 240/625 [01:10<01:50,  3.49it/s]
Fine-tuning 1/2:  39%|███▊      | 241/625 [01:10<01:50,  3.49it/s]
Fine-tuning 1/2:  39%|███▊      | 242/625 [01:11<01:49,  3.49it/s]
Fine-tuning 1/2:  39%|███▉      | 243/625 [01:11<01:49,  3.50it/s]
Fine-tuning 1/2:  39%|███▉      | 244/625 [01:11<01:48,  3.50it/s]
Fine-tuning 1/2:  39%|███▉      | 245/625 [01:12<01:48,  3.49it/s]
Fine-tuning 1/2:  39%|███▉      | 246/625 [01:12<01:48,  3.49it/s]
Fine-tuning 1/2:  40%|███▉      | 247/625 [01:12<01:48,  3.48it/s]
Fine-tuning 1/2:  40%|███▉      | 248/625 [01:12<01:48,  3.48it/s]
Fine-tuning 1/2:  40%|███▉      | 249/625 [01:13<01:50,  3.41it/s]
Fine-tuning 1/2:  40%|████      | 250/625 [01:13<01:47,  3.48it/s]
Fine-tuning 1/2:  40%|████      | 251/625 [01:13<01:47,  3.48it/s]
Fine-tuning 1/2:  40%|████      | 252/625 [01:14<01:47,  3.47it/s]
Fine-tuning 1/2:  40%|████      | 253/625 [01:14<01:46,  3.48it/s]
Fine-tuning 1/2:  41%|████      | 254/625 [01:14<01:47,  3.44it/s]
Fine-tuning 1/2:  41%|████      | 255/625 [01:14<01:46,  3.48it/s]
Fine-tuning 1/2:  41%|████      | 256/625 [01:15<01:45,  3.49it/s]
Fine-tuning 1/2:  41%|████      | 257/625 [01:15<01:45,  3.50it/s]
Fine-tuning 1/2:  41%|████▏     | 258/625 [01:15<01:45,  3.49it/s]
Fine-tuning 1/2:  41%|████▏     | 259/625 [01:16<01:44,  3.49it/s]
Fine-tuning 1/2:  42%|████▏     | 260/625 [01:16<01:45,  3.47it/s]
Fine-tuning 1/2:  42%|████▏     | 261/625 [01:16<01:45,  3.47it/s]
Fine-tuning 1/2:  42%|████▏     | 262/625 [01:16<01:44,  3.47it/s]
Fine-tuning 1/2:  42%|████▏     | 263/625 [01:17<01:42,  3.53it/s]
Fine-tuning 1/2:  42%|████▏     | 264/625 [01:17<01:43,  3.50it/s]
Fine-tuning 1/2:  42%|████▏     | 265/625 [01:17<01:42,  3.50it/s]
Fine-tuning 1/2:  43%|████▎     | 266/625 [01:18<01:42,  3.50it/s]
Fine-tuning 1/2:  43%|████▎     | 267/625 [01:18<01:42,  3.50it/s]
Fine-tuning 1/2:  43%|████▎     | 268/625 [01:18<01:41,  3.51it/s]
Fine-tuning 1/2:  43%|████▎     | 269/625 [01:18<01:41,  3.51it/s]
Fine-tuning 1/2:  43%|████▎     | 270/625 [01:19<01:41,  3.50it/s]
Fine-tuning 1/2:  43%|████▎     | 271/625 [01:19<01:41,  3.48it/s]
Fine-tuning 1/2:  44%|████▎     | 272/625 [01:19<01:41,  3.48it/s]
Fine-tuning 1/2:  44%|████▎     | 273/625 [01:20<01:41,  3.48it/s]
Fine-tuning 1/2:  44%|████▍     | 274/625 [01:20<01:41,  3.47it/s]
Fine-tuning 1/2:  44%|████▍     | 275/625 [01:20<01:40,  3.48it/s]
Fine-tuning 1/2:  44%|████▍     | 276/625 [01:20<01:40,  3.48it/s]
Fine-tuning 1/2:  44%|████▍     | 277/625 [01:21<01:39,  3.48it/s]
Fine-tuning 1/2:  44%|████▍     | 278/625 [01:21<01:39,  3.48it/s]
Fine-tuning 1/2:  45%|████▍     | 279/625 [01:21<01:39,  3.47it/s]
Fine-tuning 1/2:  45%|████▍     | 280/625 [01:22<01:39,  3.47it/s]
Fine-tuning 1/2:  45%|████▍     | 281/625 [01:22<01:39,  3.47it/s]
Fine-tuning 1/2:  45%|████▌     | 282/625 [01:22<01:38,  3.47it/s]
Fine-tuning 1/2:  45%|████▌     | 283/625 [01:23<01:38,  3.47it/s]
Fine-tuning 1/2:  45%|████▌     | 284/625 [01:23<01:38,  3.47it/s]
Fine-tuning 1/2:  46%|████▌     | 285/625 [01:23<01:38,  3.47it/s]
Fine-tuning 1/2:  46%|████▌     | 286/625 [01:23<01:37,  3.47it/s]
Fine-tuning 1/2:  46%|████▌     | 287/625 [01:24<01:37,  3.47it/s]
Fine-tuning 1/2:  46%|████▌     | 288/625 [01:24<01:37,  3.47it/s]
Fine-tuning 1/2:  46%|████▌     | 289/625 [01:24<01:37,  3.44it/s]
Fine-tuning 1/2:  46%|████▋     | 290/625 [01:25<01:36,  3.48it/s]
Fine-tuning 1/2:  47%|████▋     | 291/625 [01:25<01:36,  3.48it/s]
Fine-tuning 1/2:  47%|████▋     | 292/625 [01:25<01:35,  3.47it/s]
Fine-tuning 1/2:  47%|████▋     | 293/625 [01:25<01:35,  3.47it/s]
Fine-tuning 1/2:  47%|████▋     | 294/625 [01:26<01:35,  3.47it/s]
Fine-tuning 1/2:  47%|████▋     | 295/625 [01:26<01:35,  3.46it/s]
Fine-tuning 1/2:  47%|████▋     | 296/625 [01:26<01:35,  3.46it/s]
Fine-tuning 1/2:  48%|████▊     | 297/625 [01:27<01:35,  3.42it/s]
Fine-tuning 1/2:  48%|████▊     | 298/625 [01:27<01:34,  3.45it/s]
Fine-tuning 1/2:  48%|████▊     | 299/625 [01:27<01:34,  3.45it/s]
Fine-tuning 1/2:  48%|████▊     | 300/625 [01:27<01:34,  3.45it/s]
Fine-tuning 1/2:  48%|████▊     | 301/625 [01:28<01:33,  3.46it/s]
Fine-tuning 1/2:  48%|████▊     | 302/625 [01:28<01:34,  3.42it/s]
Fine-tuning 1/2:  48%|████▊     | 303/625 [01:28<01:33,  3.43it/s]
Fine-tuning 1/2:  49%|████▊     | 304/625 [01:29<01:33,  3.45it/s]
Fine-tuning 1/2:  49%|████▉     | 305/625 [01:29<01:32,  3.44it/s]
Fine-tuning 1/2:  49%|████▉     | 306/625 [01:29<01:32,  3.45it/s]
Fine-tuning 1/2:  49%|████▉     | 307/625 [01:29<01:32,  3.45it/s]
Fine-tuning 1/2:  49%|████▉     | 308/625 [01:30<01:32,  3.44it/s]
Fine-tuning 1/2:  49%|████▉     | 309/625 [01:30<01:32,  3.42it/s]
Fine-tuning 1/2:  50%|████▉     | 310/625 [01:30<01:31,  3.46it/s]
Fine-tuning 1/2:  50%|████▉     | 311/625 [01:31<01:30,  3.46it/s]
Fine-tuning 1/2:  50%|████▉     | 312/625 [01:31<01:30,  3.44it/s]
Fine-tuning 1/2:  50%|█████     | 313/625 [01:31<01:30,  3.45it/s]
Fine-tuning 1/2:  50%|█████     | 314/625 [01:32<01:36,  3.21it/s]
Fine-tuning 1/2:  50%|█████     | 315/625 [01:32<01:28,  3.49it/s]
Fine-tuning 1/2:  51%|█████     | 316/625 [01:32<01:28,  3.49it/s]
Fine-tuning 1/2:  51%|█████     | 317/625 [01:32<01:28,  3.47it/s]
Fine-tuning 1/2:  51%|█████     | 318/625 [01:33<01:29,  3.41it/s]
Fine-tuning 1/2:  51%|█████     | 319/625 [01:33<01:28,  3.45it/s]
Fine-tuning 1/2:  51%|█████     | 320/625 [01:33<01:28,  3.45it/s]
Fine-tuning 1/2:  51%|█████▏    | 321/625 [01:34<01:28,  3.44it/s]
Fine-tuning 1/2:  52%|█████▏    | 322/625 [01:34<01:28,  3.44it/s]
Fine-tuning 1/2:  52%|█████▏    | 323/625 [01:34<01:27,  3.44it/s]
Fine-tuning 1/2:  52%|█████▏    | 324/625 [01:34<01:27,  3.43it/s]
Fine-tuning 1/2:  52%|█████▏    | 325/625 [01:35<01:27,  3.41it/s]
Fine-tuning 1/2:  52%|█████▏    | 326/625 [01:35<01:27,  3.42it/s]
Fine-tuning 1/2:  52%|█████▏    | 327/625 [01:35<01:26,  3.44it/s]
Fine-tuning 1/2:  52%|█████▏    | 328/625 [01:36<01:26,  3.42it/s]
Fine-tuning 1/2:  53%|█████▎    | 329/625 [01:36<01:26,  3.42it/s]
Fine-tuning 1/2:  53%|█████▎    | 330/625 [01:36<01:26,  3.43it/s]
Fine-tuning 1/2:  53%|█████▎    | 331/625 [01:36<01:25,  3.43it/s]
Fine-tuning 1/2:  53%|█████▎    | 332/625 [01:37<01:25,  3.44it/s]
Fine-tuning 1/2:  53%|█████▎    | 333/625 [01:37<01:25,  3.43it/s]
Fine-tuning 1/2:  53%|█████▎    | 334/625 [01:37<01:24,  3.43it/s]
Fine-tuning 1/2:  54%|█████▎    | 335/625 [01:38<01:24,  3.43it/s]
Fine-tuning 1/2:  54%|█████▍    | 336/625 [01:38<01:24,  3.43it/s]
Fine-tuning 1/2:  54%|█████▍    | 337/625 [01:38<01:24,  3.43it/s]
Fine-tuning 1/2:  54%|█████▍    | 338/625 [01:38<01:23,  3.42it/s]
Fine-tuning 1/2:  54%|█████▍    | 339/625 [01:39<01:23,  3.43it/s]
Fine-tuning 1/2:  54%|█████▍    | 340/625 [01:39<01:23,  3.42it/s]
Fine-tuning 1/2:  55%|█████▍    | 341/625 [01:39<01:22,  3.43it/s]
Fine-tuning 1/2:  55%|█████▍    | 342/625 [01:40<01:22,  3.42it/s]
Fine-tuning 1/2:  55%|█████▍    | 343/625 [01:40<01:22,  3.42it/s]
Fine-tuning 1/2:  55%|█████▌    | 344/625 [01:40<01:23,  3.36it/s]
Fine-tuning 1/2:  55%|█████▌    | 345/625 [01:41<01:22,  3.41it/s]
Fine-tuning 1/2:  55%|█████▌    | 346/625 [01:41<01:21,  3.41it/s]
Fine-tuning 1/2:  56%|█████▌    | 347/625 [01:41<01:21,  3.41it/s]
Fine-tuning 1/2:  56%|█████▌    | 348/625 [01:41<01:21,  3.41it/s]
Fine-tuning 1/2:  56%|█████▌    | 349/625 [01:42<01:21,  3.37it/s]
Fine-tuning 1/2:  56%|█████▌    | 350/625 [01:42<01:21,  3.36it/s]
Fine-tuning 1/2:  56%|█████▌    | 351/625 [01:42<01:19,  3.43it/s]
Fine-tuning 1/2:  56%|█████▋    | 352/625 [01:43<01:19,  3.42it/s]
Fine-tuning 1/2:  56%|█████▋    | 353/625 [01:43<01:19,  3.42it/s]
Fine-tuning 1/2:  57%|█████▋    | 354/625 [01:43<01:19,  3.42it/s]
Fine-tuning 1/2:  57%|█████▋    | 355/625 [01:43<01:19,  3.41it/s]
Fine-tuning 1/2:  57%|█████▋    | 356/625 [01:44<01:19,  3.38it/s]
Fine-tuning 1/2:  57%|█████▋    | 357/625 [01:44<01:18,  3.43it/s]
Fine-tuning 1/2:  57%|█████▋    | 358/625 [01:44<01:17,  3.43it/s]
Fine-tuning 1/2:  57%|█████▋    | 359/625 [01:45<01:17,  3.42it/s]
Fine-tuning 1/2:  58%|█████▊    | 360/625 [01:45<01:17,  3.41it/s]
Fine-tuning 1/2:  58%|█████▊    | 361/625 [01:45<01:17,  3.42it/s]
Fine-tuning 1/2:  58%|█████▊    | 362/625 [01:46<01:16,  3.42it/s]
Fine-tuning 1/2:  58%|█████▊    | 363/625 [01:46<01:16,  3.41it/s]
Fine-tuning 1/2:  58%|█████▊    | 364/625 [01:46<01:16,  3.41it/s]
Fine-tuning 1/2:  58%|█████▊    | 365/625 [01:46<01:16,  3.40it/s]
Fine-tuning 1/2:  59%|█████▊    | 366/625 [01:47<01:16,  3.40it/s]
Fine-tuning 1/2:  59%|█████▊    | 367/625 [01:47<01:15,  3.40it/s]
Fine-tuning 1/2:  59%|█████▉    | 368/625 [01:47<01:15,  3.40it/s]
Fine-tuning 1/2:  59%|█████▉    | 369/625 [01:48<01:15,  3.40it/s]
Fine-tuning 1/2:  59%|█████▉    | 370/625 [01:48<01:15,  3.38it/s]
Fine-tuning 1/2:  59%|█████▉    | 371/625 [01:48<01:14,  3.40it/s]
Fine-tuning 1/2:  60%|█████▉    | 372/625 [01:48<01:14,  3.40it/s]
Fine-tuning 1/2:  60%|█████▉    | 373/625 [01:49<01:13,  3.41it/s]
Fine-tuning 1/2:  60%|█████▉    | 374/625 [01:49<01:13,  3.40it/s]
Fine-tuning 1/2:  60%|██████    | 375/625 [01:49<01:13,  3.41it/s]
Fine-tuning 1/2:  60%|██████    | 376/625 [01:50<01:13,  3.41it/s]
Fine-tuning 1/2:  60%|██████    | 377/625 [01:50<01:12,  3.41it/s]
Fine-tuning 1/2:  60%|██████    | 378/625 [01:50<01:12,  3.39it/s]
Fine-tuning 1/2:  61%|██████    | 379/625 [01:51<01:12,  3.40it/s]
Fine-tuning 1/2:  61%|██████    | 380/625 [01:51<01:11,  3.40it/s]
Fine-tuning 1/2:  61%|██████    | 381/625 [01:51<01:11,  3.40it/s]
Fine-tuning 1/2:  61%|██████    | 382/625 [01:51<01:11,  3.40it/s]
Fine-tuning 1/2:  61%|██████▏   | 383/625 [01:52<01:11,  3.39it/s]
Fine-tuning 1/2:  61%|██████▏   | 384/625 [01:52<01:11,  3.39it/s]
Fine-tuning 1/2:  62%|██████▏   | 385/625 [01:52<01:10,  3.40it/s]
Fine-tuning 1/2:  62%|██████▏   | 386/625 [01:53<01:10,  3.40it/s]
Fine-tuning 1/2:  62%|██████▏   | 387/625 [01:53<01:10,  3.39it/s]
Fine-tuning 1/2:  62%|██████▏   | 388/625 [01:53<01:09,  3.39it/s]
Fine-tuning 1/2:  62%|██████▏   | 389/625 [01:53<01:09,  3.39it/s]
Fine-tuning 1/2:  62%|██████▏   | 390/625 [01:54<01:09,  3.40it/s]
Fine-tuning 1/2:  63%|██████▎   | 391/625 [01:54<01:09,  3.37it/s]
Fine-tuning 1/2:  63%|██████▎   | 392/625 [01:54<01:08,  3.38it/s]
Fine-tuning 1/2:  63%|██████▎   | 393/625 [01:55<01:08,  3.40it/s]
Fine-tuning 1/2:  63%|██████▎   | 394/625 [01:55<01:08,  3.39it/s]
Fine-tuning 1/2:  63%|██████▎   | 395/625 [01:55<01:08,  3.38it/s]
Fine-tuning 1/2:  63%|██████▎   | 396/625 [01:56<01:08,  3.35it/s]
Fine-tuning 1/2:  64%|██████▎   | 397/625 [01:56<01:07,  3.40it/s]
Fine-tuning 1/2:  64%|██████▎   | 398/625 [01:56<01:06,  3.42it/s]
Fine-tuning 1/2:  64%|██████▍   | 399/625 [01:56<01:06,  3.42it/s]
Fine-tuning 1/2:  64%|██████▍   | 400/625 [01:57<01:06,  3.40it/s]
Fine-tuning 1/2:  64%|██████▍   | 401/625 [01:57<01:06,  3.39it/s]
Fine-tuning 1/2:  64%|██████▍   | 402/625 [01:57<01:05,  3.39it/s]
Fine-tuning 1/2:  64%|██████▍   | 403/625 [01:58<01:05,  3.39it/s]
Fine-tuning 1/2:  65%|██████▍   | 404/625 [01:58<01:04,  3.44it/s]
Fine-tuning 1/2:  65%|██████▍   | 405/625 [01:58<01:04,  3.43it/s]
Fine-tuning 1/2:  65%|██████▍   | 406/625 [01:58<01:03,  3.42it/s]
Fine-tuning 1/2:  65%|██████▌   | 407/625 [01:59<01:03,  3.41it/s]
Fine-tuning 1/2:  65%|██████▌   | 408/625 [01:59<01:03,  3.42it/s]
Fine-tuning 1/2:  65%|██████▌   | 409/625 [01:59<01:03,  3.41it/s]
Fine-tuning 1/2:  66%|██████▌   | 410/625 [02:00<01:03,  3.41it/s]
Fine-tuning 1/2:  66%|██████▌   | 411/625 [02:00<01:02,  3.40it/s]
Fine-tuning 1/2:  66%|██████▌   | 412/625 [02:00<01:02,  3.41it/s]
Fine-tuning 1/2:  66%|██████▌   | 413/625 [02:01<01:02,  3.41it/s]
Fine-tuning 1/2:  66%|██████▌   | 414/625 [02:01<01:01,  3.41it/s]
Fine-tuning 1/2:  66%|██████▋   | 415/625 [02:01<01:01,  3.40it/s]
Fine-tuning 1/2:  67%|██████▋   | 416/625 [02:01<01:01,  3.40it/s]
Fine-tuning 1/2:  67%|██████▋   | 417/625 [02:02<01:01,  3.41it/s]
Fine-tuning 1/2:  67%|██████▋   | 418/625 [02:02<01:00,  3.40it/s]
Fine-tuning 1/2:  67%|██████▋   | 419/625 [02:02<01:00,  3.40it/s]
Fine-tuning 1/2:  67%|██████▋   | 420/625 [02:03<01:00,  3.40it/s]
Fine-tuning 1/2:  67%|██████▋   | 421/625 [02:03<00:59,  3.41it/s]
Fine-tuning 1/2:  68%|██████▊   | 422/625 [02:03<00:59,  3.40it/s]
Fine-tuning 1/2:  68%|██████▊   | 423/625 [02:03<00:59,  3.41it/s]
Fine-tuning 1/2:  68%|██████▊   | 424/625 [02:04<00:58,  3.41it/s]
Fine-tuning 1/2:  68%|██████▊   | 425/625 [02:04<00:58,  3.42it/s]
Fine-tuning 1/2:  68%|██████▊   | 426/625 [02:04<00:58,  3.41it/s]
Fine-tuning 1/2:  68%|██████▊   | 427/625 [02:05<00:57,  3.42it/s]
Fine-tuning 1/2:  68%|██████▊   | 428/625 [02:05<00:57,  3.42it/s]
Fine-tuning 1/2:  69%|██████▊   | 429/625 [02:05<00:57,  3.42it/s]
Fine-tuning 1/2:  69%|██████▉   | 430/625 [02:06<00:57,  3.42it/s]
Fine-tuning 1/2:  69%|██████▉   | 431/625 [02:06<00:56,  3.41it/s]
Fine-tuning 1/2:  69%|██████▉   | 432/625 [02:06<00:56,  3.42it/s]
Fine-tuning 1/2:  69%|██████▉   | 433/625 [02:06<00:56,  3.42it/s]
Fine-tuning 1/2:  69%|██████▉   | 434/625 [02:07<00:55,  3.41it/s]
Fine-tuning 1/2:  70%|██████▉   | 435/625 [02:07<00:55,  3.41it/s]
Fine-tuning 1/2:  70%|██████▉   | 436/625 [02:07<00:55,  3.41it/s]
Fine-tuning 1/2:  70%|██████▉   | 437/625 [02:08<00:55,  3.41it/s]
Fine-tuning 1/2:  70%|███████   | 438/625 [02:08<00:55,  3.38it/s]
Fine-tuning 1/2:  70%|███████   | 439/625 [02:08<00:54,  3.39it/s]
Fine-tuning 1/2:  70%|███████   | 440/625 [02:08<00:54,  3.40it/s]
Fine-tuning 1/2:  71%|███████   | 441/625 [02:09<00:53,  3.41it/s]
Fine-tuning 1/2:  71%|███████   | 442/625 [02:09<00:53,  3.40it/s]
Fine-tuning 1/2:  71%|███████   | 443/625 [02:09<00:53,  3.41it/s]
Fine-tuning 1/2:  71%|███████   | 444/625 [02:10<00:53,  3.41it/s]
Fine-tuning 1/2:  71%|███████   | 445/625 [02:10<00:52,  3.40it/s]
Fine-tuning 1/2:  71%|███████▏  | 446/625 [02:10<00:52,  3.39it/s]
Fine-tuning 1/2:  72%|███████▏  | 447/625 [02:11<00:51,  3.43it/s]
Fine-tuning 1/2:  72%|███████▏  | 448/625 [02:11<00:52,  3.40it/s]
Fine-tuning 1/2:  72%|███████▏  | 449/625 [02:11<00:51,  3.40it/s]
Fine-tuning 1/2:  72%|███████▏  | 450/625 [02:11<00:51,  3.41it/s]
Fine-tuning 1/2:  72%|███████▏  | 451/625 [02:12<00:50,  3.46it/s]
Fine-tuning 1/2:  72%|███████▏  | 452/625 [02:12<00:50,  3.45it/s]
Fine-tuning 1/2:  72%|███████▏  | 453/625 [02:12<00:50,  3.44it/s]
Fine-tuning 1/2:  73%|███████▎  | 454/625 [02:13<00:49,  3.43it/s]
Fine-tuning 1/2:  73%|███████▎  | 455/625 [02:13<00:49,  3.43it/s]
Fine-tuning 1/2:  73%|███████▎  | 456/625 [02:13<00:49,  3.43it/s]
Fine-tuning 1/2:  73%|███████▎  | 457/625 [02:13<00:48,  3.43it/s]
Fine-tuning 1/2:  73%|███████▎  | 458/625 [02:14<00:48,  3.43it/s]
Fine-tuning 1/2:  73%|███████▎  | 459/625 [02:14<00:48,  3.43it/s]
Fine-tuning 1/2:  74%|███████▎  | 460/625 [02:14<00:48,  3.43it/s]
Fine-tuning 1/2:  74%|███████▍  | 461/625 [02:15<00:47,  3.42it/s]
Fine-tuning 1/2:  74%|███████▍  | 462/625 [02:15<00:47,  3.43it/s]
Fine-tuning 1/2:  74%|███████▍  | 463/625 [02:15<00:47,  3.43it/s]
Fine-tuning 1/2:  74%|███████▍  | 464/625 [02:15<00:46,  3.43it/s]
Fine-tuning 1/2:  74%|███████▍  | 465/625 [02:16<00:46,  3.44it/s]
Fine-tuning 1/2:  75%|███████▍  | 466/625 [02:16<00:46,  3.43it/s]
Fine-tuning 1/2:  75%|███████▍  | 467/625 [02:16<00:46,  3.43it/s]
Fine-tuning 1/2:  75%|███████▍  | 468/625 [02:17<00:45,  3.43it/s]
Fine-tuning 1/2:  75%|███████▌  | 469/625 [02:17<00:45,  3.43it/s]
Fine-tuning 1/2:  75%|███████▌  | 470/625 [02:17<00:45,  3.43it/s]
Fine-tuning 1/2:  75%|███████▌  | 471/625 [02:18<00:44,  3.43it/s]
Fine-tuning 1/2:  76%|███████▌  | 472/625 [02:18<00:44,  3.43it/s]
Fine-tuning 1/2:  76%|███████▌  | 473/625 [02:18<00:44,  3.44it/s]
Fine-tuning 1/2:  76%|███████▌  | 474/625 [02:18<00:44,  3.43it/s]
Fine-tuning 1/2:  76%|███████▌  | 475/625 [02:19<00:43,  3.43it/s]
Fine-tuning 1/2:  76%|███████▌  | 476/625 [02:19<00:43,  3.44it/s]
Fine-tuning 1/2:  76%|███████▋  | 477/625 [02:19<00:43,  3.43it/s]
Fine-tuning 1/2:  76%|███████▋  | 478/625 [02:20<00:42,  3.43it/s]
Fine-tuning 1/2:  77%|███████▋  | 479/625 [02:20<00:42,  3.43it/s]
Fine-tuning 1/2:  77%|███████▋  | 480/625 [02:20<00:42,  3.43it/s]
Fine-tuning 1/2:  77%|███████▋  | 481/625 [02:20<00:41,  3.43it/s]
Fine-tuning 1/2:  77%|███████▋  | 482/625 [02:21<00:41,  3.43it/s]
Fine-tuning 1/2:  77%|███████▋  | 483/625 [02:21<00:41,  3.42it/s]
Fine-tuning 1/2:  77%|███████▋  | 484/625 [02:21<00:41,  3.42it/s]
Fine-tuning 1/2:  78%|███████▊  | 485/625 [02:22<00:41,  3.34it/s]
Fine-tuning 1/2:  78%|███████▊  | 486/625 [02:22<00:40,  3.42it/s]
Fine-tuning 1/2:  78%|███████▊  | 487/625 [02:22<00:40,  3.43it/s]
Fine-tuning 1/2:  78%|███████▊  | 488/625 [02:22<00:40,  3.40it/s]
Fine-tuning 1/2:  78%|███████▊  | 489/625 [02:23<00:39,  3.43it/s]
Fine-tuning 1/2:  78%|███████▊  | 490/625 [02:23<00:39,  3.44it/s]
Fine-tuning 1/2:  79%|███████▊  | 491/625 [02:23<00:38,  3.44it/s]
Fine-tuning 1/2:  79%|███████▊  | 492/625 [02:24<00:38,  3.44it/s]
Fine-tuning 1/2:  79%|███████▉  | 493/625 [02:24<00:38,  3.46it/s]
Fine-tuning 1/2:  79%|███████▉  | 494/625 [02:24<00:37,  3.45it/s]
Fine-tuning 1/2:  79%|███████▉  | 495/625 [02:25<00:37,  3.44it/s]
Fine-tuning 1/2:  79%|███████▉  | 496/625 [02:25<00:37,  3.44it/s]
Fine-tuning 1/2:  80%|███████▉  | 497/625 [02:25<00:37,  3.43it/s]
Fine-tuning 1/2:  80%|███████▉  | 498/625 [02:25<00:37,  3.42it/s]
Fine-tuning 1/2:  80%|███████▉  | 499/625 [02:26<00:36,  3.48it/s]
Fine-tuning 1/2:  80%|████████  | 500/625 [02:26<00:36,  3.46it/s]
Fine-tuning 1/2:  80%|████████  | 501/625 [02:26<00:35,  3.45it/s]
Fine-tuning 1/2:  80%|████████  | 502/625 [02:27<00:35,  3.46it/s]
Fine-tuning 1/2:  80%|████████  | 503/625 [02:27<00:35,  3.44it/s]
Fine-tuning 1/2:  81%|████████  | 504/625 [02:27<00:35,  3.44it/s]
Fine-tuning 1/2:  81%|████████  | 505/625 [02:27<00:34,  3.45it/s]
Fine-tuning 1/2:  81%|████████  | 506/625 [02:28<00:34,  3.44it/s]
Fine-tuning 1/2:  81%|████████  | 507/625 [02:28<00:34,  3.43it/s]
Fine-tuning 1/2:  81%|████████▏ | 508/625 [02:28<00:34,  3.43it/s]
Fine-tuning 1/2:  81%|████████▏ | 509/625 [02:29<00:33,  3.44it/s]
Fine-tuning 1/2:  82%|████████▏ | 510/625 [02:29<00:33,  3.44it/s]
Fine-tuning 1/2:  82%|████████▏ | 511/625 [02:29<00:33,  3.44it/s]
Fine-tuning 1/2:  82%|████████▏ | 512/625 [02:29<00:32,  3.44it/s]
Fine-tuning 1/2:  82%|████████▏ | 513/625 [02:30<00:32,  3.44it/s]
Fine-tuning 1/2:  82%|████████▏ | 514/625 [02:30<00:32,  3.39it/s]
Fine-tuning 1/2:  82%|████████▏ | 515/625 [02:30<00:31,  3.44it/s]
Fine-tuning 1/2:  83%|████████▎ | 516/625 [02:31<00:31,  3.45it/s]
Fine-tuning 1/2:  83%|████████▎ | 517/625 [02:31<00:31,  3.44it/s]
Fine-tuning 1/2:  83%|████████▎ | 518/625 [02:31<00:31,  3.45it/s]
Fine-tuning 1/2:  83%|████████▎ | 519/625 [02:31<00:30,  3.45it/s]
Fine-tuning 1/2:  83%|████████▎ | 520/625 [02:32<00:30,  3.45it/s]
Fine-tuning 1/2:  83%|████████▎ | 521/625 [02:32<00:30,  3.45it/s]
Fine-tuning 1/2:  84%|████████▎ | 522/625 [02:32<00:29,  3.44it/s]
Fine-tuning 1/2:  84%|████████▎ | 523/625 [02:33<00:29,  3.45it/s]
Fine-tuning 1/2:  84%|████████▍ | 524/625 [02:33<00:29,  3.43it/s]
Fine-tuning 1/2:  84%|████████▍ | 525/625 [02:33<00:29,  3.43it/s]
Fine-tuning 1/2:  84%|████████▍ | 526/625 [02:34<00:28,  3.46it/s]
Fine-tuning 1/2:  84%|████████▍ | 527/625 [02:34<00:28,  3.45it/s]
Fine-tuning 1/2:  84%|████████▍ | 528/625 [02:34<00:28,  3.46it/s]
Fine-tuning 1/2:  85%|████████▍ | 529/625 [02:34<00:27,  3.45it/s]
Fine-tuning 1/2:  85%|████████▍ | 530/625 [02:35<00:27,  3.45it/s]
Fine-tuning 1/2:  85%|████████▍ | 531/625 [02:35<00:27,  3.46it/s]
Fine-tuning 1/2:  85%|████████▌ | 532/625 [02:35<00:27,  3.44it/s]
Fine-tuning 1/2:  85%|████████▌ | 533/625 [02:36<00:26,  3.46it/s]
Fine-tuning 1/2:  85%|████████▌ | 534/625 [02:36<00:27,  3.34it/s]
Fine-tuning 1/2:  86%|████████▌ | 535/625 [02:36<00:26,  3.46it/s]
Fine-tuning 1/2:  86%|████████▌ | 536/625 [02:36<00:25,  3.46it/s]
Fine-tuning 1/2:  86%|████████▌ | 537/625 [02:37<00:25,  3.46it/s]
Fine-tuning 1/2:  86%|████████▌ | 538/625 [02:37<00:25,  3.46it/s]
Fine-tuning 1/2:  86%|████████▌ | 539/625 [02:37<00:25,  3.43it/s]
Fine-tuning 1/2:  86%|████████▋ | 540/625 [02:38<00:24,  3.45it/s]
Fine-tuning 1/2:  87%|████████▋ | 541/625 [02:38<00:24,  3.44it/s]
Fine-tuning 1/2:  87%|████████▋ | 542/625 [02:38<00:24,  3.46it/s]
Fine-tuning 1/2:  87%|████████▋ | 543/625 [02:38<00:23,  3.45it/s]
Fine-tuning 1/2:  87%|████████▋ | 544/625 [02:39<00:23,  3.44it/s]
Fine-tuning 1/2:  87%|████████▋ | 545/625 [02:39<00:23,  3.45it/s]
Fine-tuning 1/2:  87%|████████▋ | 546/625 [02:39<00:22,  3.45it/s]
Fine-tuning 1/2:  88%|████████▊ | 547/625 [02:40<00:22,  3.48it/s]
Fine-tuning 1/2:  88%|████████▊ | 548/625 [02:40<00:22,  3.46it/s]
Fine-tuning 1/2:  88%|████████▊ | 549/625 [02:40<00:21,  3.46it/s]
Fine-tuning 1/2:  88%|████████▊ | 550/625 [02:40<00:21,  3.46it/s]
Fine-tuning 1/2:  88%|████████▊ | 551/625 [02:41<00:21,  3.46it/s]
Fine-tuning 1/2:  88%|████████▊ | 552/625 [02:41<00:21,  3.45it/s]
Fine-tuning 1/2:  88%|████████▊ | 553/625 [02:41<00:20,  3.46it/s]
Fine-tuning 1/2:  89%|████████▊ | 554/625 [02:42<00:20,  3.46it/s]
Fine-tuning 1/2:  89%|████████▉ | 555/625 [02:42<00:20,  3.45it/s]
Fine-tuning 1/2:  89%|████████▉ | 556/625 [02:42<00:20,  3.45it/s]
Fine-tuning 1/2:  89%|████████▉ | 557/625 [02:43<00:19,  3.44it/s]
Fine-tuning 1/2:  89%|████████▉ | 558/625 [02:43<00:19,  3.43it/s]
Fine-tuning 1/2:  89%|████████▉ | 559/625 [02:43<00:19,  3.44it/s]
Fine-tuning 1/2:  90%|████████▉ | 560/625 [02:43<00:18,  3.44it/s]
Fine-tuning 1/2:  90%|████████▉ | 561/625 [02:44<00:18,  3.45it/s]
Fine-tuning 1/2:  90%|████████▉ | 562/625 [02:44<00:18,  3.44it/s]
Fine-tuning 1/2:  90%|█████████ | 563/625 [02:44<00:18,  3.44it/s]
Fine-tuning 1/2:  90%|█████████ | 564/625 [02:45<00:17,  3.44it/s]
Fine-tuning 1/2:  90%|█████████ | 565/625 [02:45<00:17,  3.44it/s]
Fine-tuning 1/2:  91%|█████████ | 566/625 [02:45<00:17,  3.44it/s]
Fine-tuning 1/2:  91%|█████████ | 567/625 [02:45<00:16,  3.45it/s]
Fine-tuning 1/2:  91%|█████████ | 568/625 [02:46<00:16,  3.43it/s]
Fine-tuning 1/2:  91%|█████████ | 569/625 [02:46<00:16,  3.44it/s]
Fine-tuning 1/2:  91%|█████████ | 570/625 [02:46<00:15,  3.44it/s]
Fine-tuning 1/2:  91%|█████████▏| 571/625 [02:47<00:15,  3.44it/s]
Fine-tuning 1/2:  92%|█████████▏| 572/625 [02:47<00:15,  3.44it/s]
Fine-tuning 1/2:  92%|█████████▏| 573/625 [02:47<00:15,  3.44it/s]
Fine-tuning 1/2:  92%|█████████▏| 574/625 [02:47<00:14,  3.44it/s]
Fine-tuning 1/2:  92%|█████████▏| 575/625 [02:48<00:14,  3.42it/s]
Fine-tuning 1/2:  92%|█████████▏| 576/625 [02:48<00:14,  3.44it/s]
Fine-tuning 1/2:  92%|█████████▏| 577/625 [02:48<00:13,  3.44it/s]
Fine-tuning 1/2:  92%|█████████▏| 578/625 [02:49<00:13,  3.43it/s]
Fine-tuning 1/2:  93%|█████████▎| 579/625 [02:49<00:13,  3.43it/s]
Fine-tuning 1/2:  93%|█████████▎| 580/625 [02:49<00:13,  3.44it/s]
Fine-tuning 1/2:  93%|█████████▎| 581/625 [02:49<00:12,  3.44it/s]
Fine-tuning 1/2:  93%|█████████▎| 582/625 [02:50<00:12,  3.37it/s]
Fine-tuning 1/2:  93%|█████████▎| 583/625 [02:50<00:12,  3.44it/s]
Fine-tuning 1/2:  93%|█████████▎| 584/625 [02:50<00:11,  3.42it/s]
Fine-tuning 1/2:  94%|█████████▎| 585/625 [02:51<00:11,  3.44it/s]
Fine-tuning 1/2:  94%|█████████▍| 586/625 [02:51<00:11,  3.44it/s]
Fine-tuning 1/2:  94%|█████████▍| 587/625 [02:51<00:11,  3.42it/s]
Fine-tuning 1/2:  94%|█████████▍| 588/625 [02:52<00:10,  3.44it/s]
Fine-tuning 1/2:  94%|█████████▍| 589/625 [02:52<00:10,  3.44it/s]
Fine-tuning 1/2:  94%|█████████▍| 590/625 [02:52<00:10,  3.43it/s]
Fine-tuning 1/2:  95%|█████████▍| 591/625 [02:52<00:09,  3.44it/s]
Fine-tuning 1/2:  95%|█████████▍| 592/625 [02:53<00:09,  3.42it/s]
Fine-tuning 1/2:  95%|█████████▍| 593/625 [02:53<00:09,  3.42it/s]
Fine-tuning 1/2:  95%|█████████▌| 594/625 [02:53<00:08,  3.47it/s]
Fine-tuning 1/2:  95%|█████████▌| 595/625 [02:54<00:08,  3.47it/s]
Fine-tuning 1/2:  95%|█████████▌| 596/625 [02:54<00:08,  3.46it/s]
Fine-tuning 1/2:  96%|█████████▌| 597/625 [02:54<00:08,  3.45it/s]
Fine-tuning 1/2:  96%|█████████▌| 598/625 [02:54<00:07,  3.45it/s]
Fine-tuning 1/2:  96%|█████████▌| 599/625 [02:55<00:07,  3.45it/s]
Fine-tuning 1/2:  96%|█████████▌| 600/625 [02:55<00:07,  3.44it/s]
Fine-tuning 1/2:  96%|█████████▌| 601/625 [02:55<00:06,  3.44it/s]
Fine-tuning 1/2:  96%|█████████▋| 602/625 [02:56<00:06,  3.44it/s]
Fine-tuning 1/2:  96%|█████████▋| 603/625 [02:56<00:06,  3.45it/s]
Fine-tuning 1/2:  97%|█████████▋| 604/625 [02:56<00:06,  3.43it/s]
Fine-tuning 1/2:  97%|█████████▋| 605/625 [02:56<00:05,  3.44it/s]
Fine-tuning 1/2:  97%|█████████▋| 606/625 [02:57<00:05,  3.43it/s]
Fine-tuning 1/2:  97%|█████████▋| 607/625 [02:57<00:05,  3.43it/s]
Fine-tuning 1/2:  97%|█████████▋| 608/625 [02:57<00:04,  3.43it/s]
Fine-tuning 1/2:  97%|█████████▋| 609/625 [02:58<00:04,  3.43it/s]
Fine-tuning 1/2:  98%|█████████▊| 610/625 [02:58<00:04,  3.43it/s]
Fine-tuning 1/2:  98%|█████████▊| 611/625 [02:58<00:04,  3.39it/s]
Fine-tuning 1/2:  98%|█████████▊| 612/625 [02:59<00:03,  3.45it/s]
Fine-tuning 1/2:  98%|█████████▊| 613/625 [02:59<00:03,  3.45it/s]
Fine-tuning 1/2:  98%|█████████▊| 614/625 [02:59<00:03,  3.44it/s]
Fine-tuning 1/2:  98%|█████████▊| 615/625 [02:59<00:02,  3.44it/s]
Fine-tuning 1/2:  99%|█████████▊| 616/625 [03:00<00:02,  3.45it/s]
Fine-tuning 1/2:  99%|█████████▊| 617/625 [03:00<00:02,  3.43it/s]
Fine-tuning 1/2:  99%|█████████▉| 618/625 [03:00<00:02,  3.43it/s]
Fine-tuning 1/2:  99%|█████████▉| 619/625 [03:01<00:01,  3.43it/s]
Fine-tuning 1/2:  99%|█████████▉| 620/625 [03:01<00:01,  3.44it/s]
Fine-tuning 1/2:  99%|█████████▉| 621/625 [03:01<00:01,  3.43it/s]
Fine-tuning 1/2: 100%|█████████▉| 622/625 [03:01<00:00,  3.43it/s]
Fine-tuning 1/2: 100%|█████████▉| 623/625 [03:02<00:00,  3.43it/s]
Fine-tuning 1/2: 100%|█████████▉| 624/625 [03:02<00:00,  3.42it/s]
Fine-tuning 1/2: 100%|██████████| 625/625 [03:02<00:00,  3.44it/s]
Fine-tuning 1/2: 100%|██████████| 625/625 [03:02<00:00,  3.42it/s]

Fine-tuning 2/2:   0%|          | 0/625 [00:00<?, ?it/s]
Fine-tuning 2/2:   0%|          | 1/625 [00:00<03:00,  3.46it/s]
Fine-tuning 2/2:   0%|          | 2/625 [00:00<03:01,  3.43it/s]
Fine-tuning 2/2:   0%|          | 3/625 [00:00<03:00,  3.44it/s]
Fine-tuning 2/2:   1%|          | 4/625 [00:01<03:04,  3.37it/s]
Fine-tuning 2/2:   1%|          | 5/625 [00:01<03:01,  3.41it/s]
Fine-tuning 2/2:   1%|          | 6/625 [00:01<03:01,  3.41it/s]
Fine-tuning 2/2:   1%|          | 7/625 [00:02<03:00,  3.42it/s]
Fine-tuning 2/2:   1%|▏         | 8/625 [00:02<03:00,  3.42it/s]
Fine-tuning 2/2:   1%|▏         | 9/625 [00:02<03:00,  3.42it/s]
Fine-tuning 2/2:   2%|▏         | 10/625 [00:02<03:00,  3.41it/s]
Fine-tuning 2/2:   2%|▏         | 11/625 [00:03<03:00,  3.40it/s]
Fine-tuning 2/2:   2%|▏         | 12/625 [00:03<03:00,  3.40it/s]
Fine-tuning 2/2:   2%|▏         | 13/625 [00:03<02:59,  3.42it/s]
Fine-tuning 2/2:   2%|▏         | 14/625 [00:04<02:58,  3.43it/s]
Fine-tuning 2/2:   2%|▏         | 15/625 [00:04<02:59,  3.40it/s]
Fine-tuning 2/2:   3%|▎         | 16/625 [00:04<02:58,  3.41it/s]
Fine-tuning 2/2:   3%|▎         | 17/625 [00:04<02:55,  3.46it/s]
Fine-tuning 2/2:   3%|▎         | 18/625 [00:05<02:56,  3.45it/s]
Fine-tuning 2/2:   3%|▎         | 19/625 [00:05<02:55,  3.46it/s]
Fine-tuning 2/2:   3%|▎         | 20/625 [00:05<02:56,  3.44it/s]
Fine-tuning 2/2:   3%|▎         | 21/625 [00:06<02:56,  3.43it/s]
Fine-tuning 2/2:   4%|▎         | 22/625 [00:06<02:56,  3.42it/s]
Fine-tuning 2/2:   4%|▎         | 23/625 [00:06<02:56,  3.41it/s]
Fine-tuning 2/2:   4%|▍         | 24/625 [00:07<02:54,  3.44it/s]
Fine-tuning 2/2:   4%|▍         | 25/625 [00:07<02:54,  3.44it/s]
Fine-tuning 2/2:   4%|▍         | 26/625 [00:07<02:54,  3.43it/s]
Fine-tuning 2/2:   4%|▍         | 27/625 [00:07<02:54,  3.43it/s]
Fine-tuning 2/2:   4%|▍         | 28/625 [00:08<02:53,  3.44it/s]
Fine-tuning 2/2:   5%|▍         | 29/625 [00:08<02:55,  3.40it/s]
Fine-tuning 2/2:   5%|▍         | 30/625 [00:08<02:52,  3.44it/s]
Fine-tuning 2/2:   5%|▍         | 31/625 [00:09<02:53,  3.42it/s]
Fine-tuning 2/2:   5%|▌         | 32/625 [00:09<02:53,  3.43it/s]
Fine-tuning 2/2:   5%|▌         | 33/625 [00:09<02:52,  3.43it/s]
Fine-tuning 2/2:   5%|▌         | 34/625 [00:09<02:52,  3.43it/s]
Fine-tuning 2/2:   6%|▌         | 35/625 [00:10<02:52,  3.42it/s]
Fine-tuning 2/2:   6%|▌         | 36/625 [00:10<02:53,  3.39it/s]
Fine-tuning 2/2:   6%|▌         | 37/625 [00:10<02:50,  3.44it/s]
Fine-tuning 2/2:   6%|▌         | 38/625 [00:11<02:50,  3.43it/s]
Fine-tuning 2/2:   6%|▌         | 39/625 [00:11<02:51,  3.43it/s]
Fine-tuning 2/2:   6%|▋         | 40/625 [00:11<02:50,  3.43it/s]
Fine-tuning 2/2:   7%|▋         | 41/625 [00:11<02:50,  3.43it/s]
Fine-tuning 2/2:   7%|▋         | 42/625 [00:12<02:49,  3.43it/s]
Fine-tuning 2/2:   7%|▋         | 43/625 [00:12<02:49,  3.43it/s]
Fine-tuning 2/2:   7%|▋         | 44/625 [00:12<02:49,  3.42it/s]
Fine-tuning 2/2:   7%|▋         | 45/625 [00:13<02:49,  3.42it/s]
Fine-tuning 2/2:   7%|▋         | 46/625 [00:13<02:49,  3.42it/s]
Fine-tuning 2/2:   8%|▊         | 47/625 [00:13<02:49,  3.42it/s]
Fine-tuning 2/2:   8%|▊         | 48/625 [00:14<02:48,  3.43it/s]
Fine-tuning 2/2:   8%|▊         | 49/625 [00:14<02:48,  3.41it/s]
Fine-tuning 2/2:   8%|▊         | 50/625 [00:14<02:48,  3.42it/s]
Fine-tuning 2/2:   8%|▊         | 51/625 [00:14<02:47,  3.43it/s]
Fine-tuning 2/2:   8%|▊         | 52/625 [00:15<02:48,  3.41it/s]
Fine-tuning 2/2:   8%|▊         | 53/625 [00:15<02:48,  3.40it/s]
Fine-tuning 2/2:   9%|▊         | 54/625 [00:15<02:48,  3.39it/s]
Fine-tuning 2/2:   9%|▉         | 55/625 [00:16<02:46,  3.42it/s]
Fine-tuning 2/2:   9%|▉         | 56/625 [00:16<02:46,  3.42it/s]
Fine-tuning 2/2:   9%|▉         | 57/625 [00:16<02:46,  3.40it/s]
Fine-tuning 2/2:   9%|▉         | 58/625 [00:16<02:45,  3.42it/s]
Fine-tuning 2/2:   9%|▉         | 59/625 [00:17<02:45,  3.41it/s]
Fine-tuning 2/2:  10%|▉         | 60/625 [00:17<02:46,  3.40it/s]
Fine-tuning 2/2:  10%|▉         | 61/625 [00:17<02:45,  3.41it/s]
Fine-tuning 2/2:  10%|▉         | 62/625 [00:18<02:44,  3.41it/s]
Fine-tuning 2/2:  10%|█         | 63/625 [00:18<02:45,  3.39it/s]
Fine-tuning 2/2:  10%|█         | 64/625 [00:18<02:49,  3.30it/s]
Fine-tuning 2/2:  10%|█         | 65/625 [00:19<02:43,  3.42it/s]
Fine-tuning 2/2:  11%|█         | 66/625 [00:19<02:42,  3.45it/s]
Fine-tuning 2/2:  11%|█         | 67/625 [00:19<02:41,  3.45it/s]
Fine-tuning 2/2:  11%|█         | 68/625 [00:19<02:41,  3.44it/s]
Fine-tuning 2/2:  11%|█         | 69/625 [00:20<02:41,  3.43it/s]
Fine-tuning 2/2:  11%|█         | 70/625 [00:20<02:42,  3.43it/s]
Fine-tuning 2/2:  11%|█▏        | 71/625 [00:20<02:41,  3.43it/s]
Fine-tuning 2/2:  12%|█▏        | 72/625 [00:21<02:42,  3.40it/s]
Fine-tuning 2/2:  12%|█▏        | 73/625 [00:21<02:40,  3.43it/s]
Fine-tuning 2/2:  12%|█▏        | 74/625 [00:21<02:40,  3.42it/s]
Fine-tuning 2/2:  12%|█▏        | 75/625 [00:21<02:40,  3.42it/s]
Fine-tuning 2/2:  12%|█▏        | 76/625 [00:22<02:40,  3.43it/s]
Fine-tuning 2/2:  12%|█▏        | 77/625 [00:22<02:40,  3.42it/s]
Fine-tuning 2/2:  12%|█▏        | 78/625 [00:22<02:39,  3.42it/s]
Fine-tuning 2/2:  13%|█▎        | 79/625 [00:23<02:41,  3.37it/s]
Fine-tuning 2/2:  13%|█▎        | 80/625 [00:23<02:38,  3.44it/s]
Fine-tuning 2/2:  13%|█▎        | 81/625 [00:23<02:38,  3.43it/s]
Fine-tuning 2/2:  13%|█▎        | 82/625 [00:23<02:38,  3.43it/s]
Fine-tuning 2/2:  13%|█▎        | 83/625 [00:24<02:38,  3.42it/s]
Fine-tuning 2/2:  13%|█▎        | 84/625 [00:24<02:38,  3.42it/s]
Fine-tuning 2/2:  14%|█▎        | 85/625 [00:24<02:38,  3.42it/s]
Fine-tuning 2/2:  14%|█▍        | 86/625 [00:25<02:38,  3.40it/s]
Fine-tuning 2/2:  14%|█▍        | 87/625 [00:25<02:37,  3.41it/s]
Fine-tuning 2/2:  14%|█▍        | 88/625 [00:25<02:37,  3.41it/s]
Fine-tuning 2/2:  14%|█▍        | 89/625 [00:26<02:36,  3.42it/s]
Fine-tuning 2/2:  14%|█▍        | 90/625 [00:26<02:36,  3.42it/s]
Fine-tuning 2/2:  15%|█▍        | 91/625 [00:26<02:36,  3.42it/s]
Fine-tuning 2/2:  15%|█▍        | 92/625 [00:26<02:36,  3.41it/s]
Fine-tuning 2/2:  15%|█▍        | 93/625 [00:27<02:36,  3.41it/s]
Fine-tuning 2/2:  15%|█▌        | 94/625 [00:27<02:35,  3.42it/s]
Fine-tuning 2/2:  15%|█▌        | 95/625 [00:27<02:35,  3.42it/s]
Fine-tuning 2/2:  15%|█▌        | 96/625 [00:28<02:34,  3.42it/s]
Fine-tuning 2/2:  16%|█▌        | 97/625 [00:28<02:34,  3.42it/s]
Fine-tuning 2/2:  16%|█▌        | 98/625 [00:28<02:34,  3.42it/s]
Fine-tuning 2/2:  16%|█▌        | 99/625 [00:28<02:33,  3.42it/s]
Fine-tuning 2/2:  16%|█▌        | 100/625 [00:29<02:34,  3.39it/s]
Fine-tuning 2/2:  16%|█▌        | 101/625 [00:29<02:33,  3.41it/s]
Fine-tuning 2/2:  16%|█▋        | 102/625 [00:29<02:33,  3.40it/s]
Fine-tuning 2/2:  16%|█▋        | 103/625 [00:30<02:33,  3.41it/s]
Fine-tuning 2/2:  17%|█▋        | 104/625 [00:30<02:33,  3.38it/s]
Fine-tuning 2/2:  17%|█▋        | 105/625 [00:30<02:32,  3.41it/s]
Fine-tuning 2/2:  17%|█▋        | 106/625 [00:31<02:32,  3.40it/s]
Fine-tuning 2/2:  17%|█▋        | 107/625 [00:31<02:31,  3.42it/s]
Fine-tuning 2/2:  17%|█▋        | 108/625 [00:31<02:31,  3.41it/s]
Fine-tuning 2/2:  17%|█▋        | 109/625 [00:31<02:30,  3.42it/s]
Fine-tuning 2/2:  18%|█▊        | 110/625 [00:32<02:31,  3.41it/s]
Fine-tuning 2/2:  18%|█▊        | 111/625 [00:32<02:31,  3.40it/s]
Fine-tuning 2/2:  18%|█▊        | 112/625 [00:32<02:30,  3.40it/s]
Fine-tuning 2/2:  18%|█▊        | 113/625 [00:33<02:31,  3.39it/s]
Fine-tuning 2/2:  18%|█▊        | 114/625 [00:33<02:28,  3.44it/s]
Fine-tuning 2/2:  18%|█▊        | 115/625 [00:33<02:30,  3.40it/s]
Fine-tuning 2/2:  19%|█▊        | 116/625 [00:33<02:28,  3.43it/s]
Fine-tuning 2/2:  19%|█▊        | 117/625 [00:34<02:28,  3.42it/s]
Fine-tuning 2/2:  19%|█▉        | 118/625 [00:34<02:28,  3.41it/s]
Fine-tuning 2/2:  19%|█▉        | 119/625 [00:34<02:27,  3.43it/s]
Fine-tuning 2/2:  19%|█▉        | 120/625 [00:35<02:27,  3.42it/s]
Fine-tuning 2/2:  19%|█▉        | 121/625 [00:35<02:26,  3.43it/s]
Fine-tuning 2/2:  20%|█▉        | 122/625 [00:35<02:29,  3.37it/s]
Fine-tuning 2/2:  20%|█▉        | 123/625 [00:35<02:26,  3.43it/s]
Fine-tuning 2/2:  20%|█▉        | 124/625 [00:36<02:25,  3.43it/s]
Fine-tuning 2/2:  20%|██        | 125/625 [00:36<02:25,  3.43it/s]
Fine-tuning 2/2:  20%|██        | 126/625 [00:36<02:25,  3.43it/s]
Fine-tuning 2/2:  20%|██        | 127/625 [00:37<02:25,  3.42it/s]
Fine-tuning 2/2:  20%|██        | 128/625 [00:37<02:25,  3.42it/s]
Fine-tuning 2/2:  21%|██        | 129/625 [00:37<02:25,  3.41it/s]
Fine-tuning 2/2:  21%|██        | 130/625 [00:38<02:24,  3.42it/s]
Fine-tuning 2/2:  21%|██        | 131/625 [00:38<02:24,  3.41it/s]
Fine-tuning 2/2:  21%|██        | 132/625 [00:38<02:24,  3.42it/s]
Fine-tuning 2/2:  21%|██▏       | 133/625 [00:38<02:23,  3.42it/s]
Fine-tuning 2/2:  21%|██▏       | 134/625 [00:39<02:23,  3.42it/s]
Fine-tuning 2/2:  22%|██▏       | 135/625 [00:39<02:23,  3.42it/s]
Fine-tuning 2/2:  22%|██▏       | 136/625 [00:39<02:23,  3.41it/s]
Fine-tuning 2/2:  22%|██▏       | 137/625 [00:40<02:22,  3.42it/s]
Fine-tuning 2/2:  22%|██▏       | 138/625 [00:40<02:22,  3.41it/s]
Fine-tuning 2/2:  22%|██▏       | 139/625 [00:40<02:22,  3.41it/s]
Fine-tuning 2/2:  22%|██▏       | 140/625 [00:40<02:22,  3.41it/s]
Fine-tuning 2/2:  23%|██▎       | 141/625 [00:41<02:22,  3.41it/s]
Fine-tuning 2/2:  23%|██▎       | 142/625 [00:41<02:21,  3.42it/s]
Fine-tuning 2/2:  23%|██▎       | 143/625 [00:41<02:20,  3.42it/s]
Fine-tuning 2/2:  23%|██▎       | 144/625 [00:42<02:20,  3.41it/s]
Fine-tuning 2/2:  23%|██▎       | 145/625 [00:42<02:20,  3.41it/s]
Fine-tuning 2/2:  23%|██▎       | 146/625 [00:42<02:20,  3.42it/s]
Fine-tuning 2/2:  24%|██▎       | 147/625 [00:43<02:19,  3.42it/s]
Fine-tuning 2/2:  24%|██▎       | 148/625 [00:43<02:20,  3.38it/s]
Fine-tuning 2/2:  24%|██▍       | 149/625 [00:43<02:20,  3.40it/s]
Fine-tuning 2/2:  24%|██▍       | 150/625 [00:43<02:19,  3.40it/s]
Fine-tuning 2/2:  24%|██▍       | 151/625 [00:44<02:18,  3.41it/s]
Fine-tuning 2/2:  24%|██▍       | 152/625 [00:44<02:18,  3.40it/s]
Fine-tuning 2/2:  24%|██▍       | 153/625 [00:44<02:18,  3.41it/s]
Fine-tuning 2/2:  25%|██▍       | 154/625 [00:45<02:19,  3.39it/s]
Fine-tuning 2/2:  25%|██▍       | 155/625 [00:45<02:16,  3.44it/s]
Fine-tuning 2/2:  25%|██▍       | 156/625 [00:45<02:16,  3.43it/s]
Fine-tuning 2/2:  25%|██▌       | 157/625 [00:45<02:16,  3.42it/s]
Fine-tuning 2/2:  25%|██▌       | 158/625 [00:46<02:16,  3.42it/s]
Fine-tuning 2/2:  25%|██▌       | 159/625 [00:46<02:16,  3.42it/s]
Fine-tuning 2/2:  26%|██▌       | 160/625 [00:46<02:16,  3.41it/s]
Fine-tuning 2/2:  26%|██▌       | 161/625 [00:47<02:14,  3.45it/s]
Fine-tuning 2/2:  26%|██▌       | 162/625 [00:47<02:14,  3.45it/s]
Fine-tuning 2/2:  26%|██▌       | 163/625 [00:47<02:14,  3.44it/s]
Fine-tuning 2/2:  26%|██▌       | 164/625 [00:47<02:14,  3.43it/s]
Fine-tuning 2/2:  26%|██▋       | 165/625 [00:48<02:15,  3.39it/s]
Fine-tuning 2/2:  27%|██▋       | 166/625 [00:48<02:13,  3.44it/s]
Fine-tuning 2/2:  27%|██▋       | 167/625 [00:48<02:13,  3.44it/s]
Fine-tuning 2/2:  27%|██▋       | 168/625 [00:49<02:13,  3.42it/s]
Fine-tuning 2/2:  27%|██▋       | 169/625 [00:49<02:13,  3.42it/s]
Fine-tuning 2/2:  27%|██▋       | 170/625 [00:49<02:13,  3.41it/s]
Fine-tuning 2/2:  27%|██▋       | 171/625 [00:50<02:12,  3.42it/s]
Fine-tuning 2/2:  28%|██▊       | 172/625 [00:50<02:14,  3.37it/s]
Fine-tuning 2/2:  28%|██▊       | 173/625 [00:50<02:11,  3.43it/s]
Fine-tuning 2/2:  28%|██▊       | 174/625 [00:50<02:12,  3.41it/s]
Fine-tuning 2/2:  28%|██▊       | 175/625 [00:51<02:11,  3.42it/s]
Fine-tuning 2/2:  28%|██▊       | 176/625 [00:51<02:11,  3.42it/s]
Fine-tuning 2/2:  28%|██▊       | 177/625 [00:51<02:10,  3.42it/s]
Fine-tuning 2/2:  28%|██▊       | 178/625 [00:52<02:10,  3.42it/s]
Fine-tuning 2/2:  29%|██▊       | 179/625 [00:52<02:10,  3.42it/s]
Fine-tuning 2/2:  29%|██▉       | 180/625 [00:52<02:10,  3.42it/s]
Fine-tuning 2/2:  29%|██▉       | 181/625 [00:52<02:09,  3.42it/s]
Fine-tuning 2/2:  29%|██▉       | 182/625 [00:53<02:09,  3.41it/s]
Fine-tuning 2/2:  29%|██▉       | 183/625 [00:53<02:09,  3.41it/s]
Fine-tuning 2/2:  29%|██▉       | 184/625 [00:53<02:09,  3.42it/s]
Fine-tuning 2/2:  30%|██▉       | 185/625 [00:54<02:08,  3.41it/s]
Fine-tuning 2/2:  30%|██▉       | 186/625 [00:54<02:08,  3.41it/s]
Fine-tuning 2/2:  30%|██▉       | 187/625 [00:54<02:08,  3.42it/s]
Fine-tuning 2/2:  30%|███       | 188/625 [00:55<02:08,  3.41it/s]
Fine-tuning 2/2:  30%|███       | 189/625 [00:55<02:07,  3.42it/s]
Fine-tuning 2/2:  30%|███       | 190/625 [00:55<02:07,  3.42it/s]
Fine-tuning 2/2:  31%|███       | 191/625 [00:55<02:06,  3.42it/s]
Fine-tuning 2/2:  31%|███       | 192/625 [00:56<02:06,  3.42it/s]
Fine-tuning 2/2:  31%|███       | 193/625 [00:56<02:06,  3.42it/s]
Fine-tuning 2/2:  31%|███       | 194/625 [00:56<02:05,  3.42it/s]
Fine-tuning 2/2:  31%|███       | 195/625 [00:57<02:06,  3.39it/s]
Fine-tuning 2/2:  31%|███▏      | 196/625 [00:57<02:05,  3.41it/s]
Fine-tuning 2/2:  32%|███▏      | 197/625 [00:57<02:06,  3.39it/s]
Fine-tuning 2/2:  32%|███▏      | 198/625 [00:57<02:05,  3.41it/s]
Fine-tuning 2/2:  32%|███▏      | 199/625 [00:58<02:05,  3.41it/s]
Fine-tuning 2/2:  32%|███▏      | 200/625 [00:58<02:05,  3.39it/s]
Fine-tuning 2/2:  32%|███▏      | 201/625 [00:58<02:04,  3.40it/s]
Fine-tuning 2/2:  32%|███▏      | 202/625 [00:59<02:03,  3.42it/s]
Fine-tuning 2/2:  32%|███▏      | 203/625 [00:59<02:03,  3.40it/s]
Fine-tuning 2/2:  33%|███▎      | 204/625 [00:59<02:04,  3.38it/s]
Fine-tuning 2/2:  33%|███▎      | 205/625 [01:00<02:02,  3.43it/s]
Fine-tuning 2/2:  33%|███▎      | 206/625 [01:00<02:03,  3.40it/s]
Fine-tuning 2/2:  33%|███▎      | 207/625 [01:00<02:03,  3.39it/s]
Fine-tuning 2/2:  33%|███▎      | 208/625 [01:00<02:00,  3.46it/s]
Fine-tuning 2/2:  33%|███▎      | 209/625 [01:01<02:00,  3.44it/s]
Fine-tuning 2/2:  34%|███▎      | 210/625 [01:01<02:00,  3.44it/s]
Fine-tuning 2/2:  34%|███▍      | 211/625 [01:01<02:00,  3.43it/s]
Fine-tuning 2/2:  34%|███▍      | 212/625 [01:02<02:00,  3.44it/s]
Fine-tuning 2/2:  34%|███▍      | 213/625 [01:02<02:00,  3.42it/s]
Fine-tuning 2/2:  34%|███▍      | 214/625 [01:02<01:59,  3.43it/s]
Fine-tuning 2/2:  34%|███▍      | 215/625 [01:02<01:59,  3.42it/s]
Fine-tuning 2/2:  35%|███▍      | 216/625 [01:03<01:59,  3.43it/s]
Fine-tuning 2/2:  35%|███▍      | 217/625 [01:03<01:59,  3.43it/s]
Fine-tuning 2/2:  35%|███▍      | 218/625 [01:03<01:59,  3.41it/s]
Fine-tuning 2/2:  35%|███▌      | 219/625 [01:04<01:59,  3.41it/s]
Fine-tuning 2/2:  35%|███▌      | 220/625 [01:04<01:58,  3.42it/s]
Fine-tuning 2/2:  35%|███▌      | 221/625 [01:04<01:58,  3.41it/s]
Fine-tuning 2/2:  36%|███▌      | 222/625 [01:04<01:57,  3.42it/s]
Fine-tuning 2/2:  36%|███▌      | 223/625 [01:05<01:57,  3.42it/s]
Fine-tuning 2/2:  36%|███▌      | 224/625 [01:05<01:59,  3.37it/s]
Fine-tuning 2/2:  36%|███▌      | 225/625 [01:05<01:58,  3.37it/s]
Fine-tuning 2/2:  36%|███▌      | 226/625 [01:06<01:56,  3.43it/s]
Fine-tuning 2/2:  36%|███▋      | 227/625 [01:06<01:55,  3.44it/s]
Fine-tuning 2/2:  36%|███▋      | 228/625 [01:06<01:55,  3.43it/s]
Fine-tuning 2/2:  37%|███▋      | 229/625 [01:07<01:55,  3.43it/s]
Fine-tuning 2/2:  37%|███▋      | 230/625 [01:07<01:55,  3.42it/s]
Fine-tuning 2/2:  37%|███▋      | 231/625 [01:07<01:54,  3.43it/s]
Fine-tuning 2/2:  37%|███▋      | 232/625 [01:07<01:54,  3.42it/s]
Fine-tuning 2/2:  37%|███▋      | 233/625 [01:08<01:54,  3.42it/s]
Fine-tuning 2/2:  37%|███▋      | 234/625 [01:08<01:54,  3.41it/s]
Fine-tuning 2/2:  38%|███▊      | 235/625 [01:08<01:54,  3.41it/s]
Fine-tuning 2/2:  38%|███▊      | 236/625 [01:09<01:53,  3.42it/s]
Fine-tuning 2/2:  38%|███▊      | 237/625 [01:09<01:53,  3.42it/s]
Fine-tuning 2/2:  38%|███▊      | 238/625 [01:09<01:53,  3.42it/s]
Fine-tuning 2/2:  38%|███▊      | 239/625 [01:09<01:52,  3.42it/s]
Fine-tuning 2/2:  38%|███▊      | 240/625 [01:10<01:54,  3.37it/s]
Fine-tuning 2/2:  39%|███▊      | 241/625 [01:10<01:51,  3.44it/s]
Fine-tuning 2/2:  39%|███▊      | 242/625 [01:10<01:52,  3.40it/s]
Fine-tuning 2/2:  39%|███▉      | 243/625 [01:11<01:53,  3.36it/s]
Fine-tuning 2/2:  39%|███▉      | 244/625 [01:11<01:50,  3.44it/s]
Fine-tuning 2/2:  39%|███▉      | 245/625 [01:11<01:51,  3.41it/s]
Fine-tuning 2/2:  39%|███▉      | 246/625 [01:11<01:50,  3.42it/s]
Fine-tuning 2/2:  40%|███▉      | 247/625 [01:12<01:51,  3.40it/s]
Fine-tuning 2/2:  40%|███▉      | 248/625 [01:12<01:50,  3.41it/s]
Fine-tuning 2/2:  40%|███▉      | 249/625 [01:12<01:57,  3.19it/s]
Fine-tuning 2/2:  40%|████      | 250/625 [01:13<01:56,  3.21it/s]
Fine-tuning 2/2:  40%|████      | 251/625 [01:13<01:52,  3.31it/s]
Fine-tuning 2/2:  40%|████      | 252/625 [01:13<01:45,  3.52it/s]
Fine-tuning 2/2:  40%|████      | 253/625 [01:14<01:47,  3.45it/s]
Fine-tuning 2/2:  41%|████      | 254/625 [01:14<01:53,  3.27it/s]
Fine-tuning 2/2:  41%|████      | 255/625 [01:14<01:44,  3.54it/s]
Fine-tuning 2/2:  41%|████      | 256/625 [01:14<01:48,  3.40it/s]
Fine-tuning 2/2:  41%|████      | 257/625 [01:15<01:46,  3.46it/s]
Fine-tuning 2/2:  41%|████▏     | 258/625 [01:15<01:43,  3.53it/s]
Fine-tuning 2/2:  41%|████▏     | 259/625 [01:15<01:44,  3.50it/s]
Fine-tuning 2/2:  42%|████▏     | 260/625 [01:16<01:46,  3.43it/s]
Fine-tuning 2/2:  42%|████▏     | 261/625 [01:16<01:44,  3.47it/s]
Fine-tuning 2/2:  42%|████▏     | 262/625 [01:16<01:45,  3.44it/s]
Fine-tuning 2/2:  42%|████▏     | 263/625 [01:16<01:44,  3.45it/s]
Fine-tuning 2/2:  42%|████▏     | 264/625 [01:17<01:46,  3.39it/s]
Fine-tuning 2/2:  42%|████▏     | 265/625 [01:17<01:50,  3.25it/s]
Fine-tuning 2/2:  43%|████▎     | 266/625 [01:17<01:43,  3.46it/s]
Fine-tuning 2/2:  43%|████▎     | 267/625 [01:18<01:43,  3.46it/s]
Fine-tuning 2/2:  43%|████▎     | 268/625 [01:18<01:43,  3.44it/s]
Fine-tuning 2/2:  43%|████▎     | 269/625 [01:18<01:43,  3.45it/s]
Fine-tuning 2/2:  43%|████▎     | 270/625 [01:19<01:43,  3.44it/s]
Fine-tuning 2/2:  43%|████▎     | 271/625 [01:19<01:44,  3.38it/s]
Fine-tuning 2/2:  44%|████▎     | 272/625 [01:19<01:46,  3.31it/s]
Fine-tuning 2/2:  44%|████▎     | 273/625 [01:19<01:41,  3.47it/s]
Fine-tuning 2/2:  44%|████▍     | 274/625 [01:20<01:41,  3.46it/s]
Fine-tuning 2/2:  44%|████▍     | 275/625 [01:20<01:41,  3.45it/s]
Fine-tuning 2/2:  44%|████▍     | 276/625 [01:20<01:41,  3.44it/s]
Fine-tuning 2/2:  44%|████▍     | 277/625 [01:21<01:41,  3.42it/s]
Fine-tuning 2/2:  44%|████▍     | 278/625 [01:21<01:41,  3.42it/s]
Fine-tuning 2/2:  45%|████▍     | 279/625 [01:21<01:41,  3.42it/s]
Fine-tuning 2/2:  45%|████▍     | 280/625 [01:21<01:40,  3.42it/s]
Fine-tuning 2/2:  45%|████▍     | 281/625 [01:22<01:40,  3.42it/s]
Fine-tuning 2/2:  45%|████▌     | 282/625 [01:22<01:40,  3.42it/s]
Fine-tuning 2/2:  45%|████▌     | 283/625 [01:22<01:40,  3.41it/s]
Fine-tuning 2/2:  45%|████▌     | 284/625 [01:23<01:39,  3.42it/s]
Fine-tuning 2/2:  46%|████▌     | 285/625 [01:23<01:39,  3.41it/s]
Fine-tuning 2/2:  46%|████▌     | 286/625 [01:23<01:39,  3.42it/s]
Fine-tuning 2/2:  46%|████▌     | 287/625 [01:24<01:38,  3.44it/s]
Fine-tuning 2/2:  46%|████▌     | 288/625 [01:24<01:41,  3.32it/s]
Fine-tuning 2/2:  46%|████▌     | 289/625 [01:24<01:37,  3.46it/s]
Fine-tuning 2/2:  46%|████▋     | 290/625 [01:24<01:37,  3.44it/s]
Fine-tuning 2/2:  47%|████▋     | 291/625 [01:25<01:36,  3.45it/s]
Fine-tuning 2/2:  47%|████▋     | 292/625 [01:25<01:37,  3.40it/s]
Fine-tuning 2/2:  47%|████▋     | 293/625 [01:25<01:37,  3.42it/s]
Fine-tuning 2/2:  47%|████▋     | 294/625 [01:26<01:36,  3.41it/s]
Fine-tuning 2/2:  47%|████▋     | 295/625 [01:26<01:42,  3.22it/s]
Fine-tuning 2/2:  47%|████▋     | 296/625 [01:26<01:36,  3.40it/s]
Fine-tuning 2/2:  48%|████▊     | 297/625 [01:26<01:36,  3.41it/s]
Fine-tuning 2/2:  48%|████▊     | 298/625 [01:27<01:41,  3.22it/s]
Fine-tuning 2/2:  48%|████▊     | 299/625 [01:27<01:46,  3.05it/s]
Fine-tuning 2/2:  48%|████▊     | 300/625 [01:27<01:42,  3.16it/s]
Fine-tuning 2/2:  48%|████▊     | 301/625 [01:28<01:40,  3.24it/s]
Fine-tuning 2/2:  48%|████▊     | 302/625 [01:28<01:39,  3.25it/s]
Fine-tuning 2/2:  48%|████▊     | 303/625 [01:28<01:39,  3.24it/s]
Fine-tuning 2/2:  49%|████▊     | 304/625 [01:29<01:41,  3.16it/s]
Fine-tuning 2/2:  49%|████▉     | 305/625 [01:29<01:37,  3.27it/s]
Fine-tuning 2/2:  49%|████▉     | 306/625 [01:29<01:34,  3.36it/s]
Fine-tuning 2/2:  49%|████▉     | 307/625 [01:29<01:26,  3.67it/s]
Fine-tuning 2/2:  49%|████▉     | 308/625 [01:30<01:26,  3.65it/s]
Fine-tuning 2/2:  49%|████▉     | 309/625 [01:30<01:32,  3.41it/s]
Fine-tuning 2/2:  50%|████▉     | 310/625 [01:30<01:26,  3.63it/s]
Fine-tuning 2/2:  50%|████▉     | 311/625 [01:31<01:27,  3.57it/s]
Fine-tuning 2/2:  50%|████▉     | 312/625 [01:31<01:28,  3.53it/s]
Fine-tuning 2/2:  50%|█████     | 313/625 [01:31<01:29,  3.49it/s]
Fine-tuning 2/2:  50%|█████     | 314/625 [01:32<01:29,  3.47it/s]
Fine-tuning 2/2:  50%|█████     | 315/625 [01:32<01:29,  3.46it/s]
Fine-tuning 2/2:  51%|█████     | 316/625 [01:32<01:29,  3.45it/s]
Fine-tuning 2/2:  51%|█████     | 317/625 [01:32<01:29,  3.45it/s]
Fine-tuning 2/2:  51%|█████     | 318/625 [01:33<01:29,  3.44it/s]
Fine-tuning 2/2:  51%|█████     | 319/625 [01:33<01:29,  3.43it/s]
Fine-tuning 2/2:  51%|█████     | 320/625 [01:33<01:29,  3.42it/s]
Fine-tuning 2/2:  51%|█████▏    | 321/625 [01:34<01:28,  3.42it/s]
Fine-tuning 2/2:  52%|█████▏    | 322/625 [01:34<01:29,  3.39it/s]
Fine-tuning 2/2:  52%|█████▏    | 323/625 [01:34<01:28,  3.42it/s]
Fine-tuning 2/2:  52%|█████▏    | 324/625 [01:34<01:27,  3.43it/s]
Fine-tuning 2/2:  52%|█████▏    | 325/625 [01:35<01:27,  3.42it/s]
Fine-tuning 2/2:  52%|█████▏    | 326/625 [01:35<01:27,  3.42it/s]
Fine-tuning 2/2:  52%|█████▏    | 327/625 [01:35<01:27,  3.42it/s]
Fine-tuning 2/2:  52%|█████▏    | 328/625 [01:36<01:26,  3.42it/s]
Fine-tuning 2/2:  53%|█████▎    | 329/625 [01:36<01:27,  3.39it/s]
Fine-tuning 2/2:  53%|█████▎    | 330/625 [01:36<01:26,  3.43it/s]
Fine-tuning 2/2:  53%|█████▎    | 331/625 [01:36<01:25,  3.43it/s]
Fine-tuning 2/2:  53%|█████▎    | 332/625 [01:37<01:25,  3.43it/s]
Fine-tuning 2/2:  53%|█████▎    | 333/625 [01:37<01:25,  3.43it/s]
Fine-tuning 2/2:  53%|█████▎    | 334/625 [01:37<01:24,  3.43it/s]
Fine-tuning 2/2:  54%|█████▎    | 335/625 [01:38<01:24,  3.42it/s]
Fine-tuning 2/2:  54%|█████▍    | 336/625 [01:38<01:24,  3.42it/s]
Fine-tuning 2/2:  54%|█████▍    | 337/625 [01:38<01:24,  3.42it/s]
Fine-tuning 2/2:  54%|█████▍    | 338/625 [01:39<01:24,  3.42it/s]
Fine-tuning 2/2:  54%|█████▍    | 339/625 [01:39<01:23,  3.42it/s]
Fine-tuning 2/2:  54%|█████▍    | 340/625 [01:39<01:23,  3.43it/s]
Fine-tuning 2/2:  55%|█████▍    | 341/625 [01:39<01:22,  3.43it/s]
Fine-tuning 2/2:  55%|█████▍    | 342/625 [01:40<01:23,  3.39it/s]
Fine-tuning 2/2:  55%|█████▍    | 343/625 [01:40<01:23,  3.38it/s]
Fine-tuning 2/2:  55%|█████▌    | 344/625 [01:40<01:22,  3.41it/s]
Fine-tuning 2/2:  55%|█████▌    | 345/625 [01:41<01:21,  3.43it/s]
Fine-tuning 2/2:  55%|█████▌    | 346/625 [01:41<01:21,  3.42it/s]
Fine-tuning 2/2:  56%|█████▌    | 347/625 [01:41<01:21,  3.41it/s]
Fine-tuning 2/2:  56%|█████▌    | 348/625 [01:41<01:20,  3.43it/s]
Fine-tuning 2/2:  56%|█████▌    | 349/625 [01:42<01:20,  3.43it/s]
Fine-tuning 2/2:  56%|█████▌    | 350/625 [01:42<01:20,  3.42it/s]
Fine-tuning 2/2:  56%|█████▌    | 351/625 [01:42<01:19,  3.43it/s]
Fine-tuning 2/2:  56%|█████▋    | 352/625 [01:43<01:19,  3.42it/s]
Fine-tuning 2/2:  56%|█████▋    | 353/625 [01:43<01:20,  3.40it/s]
Fine-tuning 2/2:  57%|█████▋    | 354/625 [01:43<01:19,  3.41it/s]
Fine-tuning 2/2:  57%|█████▋    | 355/625 [01:43<01:17,  3.47it/s]
Fine-tuning 2/2:  57%|█████▋    | 356/625 [01:44<01:17,  3.45it/s]
Fine-tuning 2/2:  57%|█████▋    | 357/625 [01:44<01:17,  3.45it/s]
Fine-tuning 2/2:  57%|█████▋    | 358/625 [01:44<01:17,  3.43it/s]
Fine-tuning 2/2:  57%|█████▋    | 359/625 [01:45<01:17,  3.44it/s]
Fine-tuning 2/2:  58%|█████▊    | 360/625 [01:45<01:17,  3.43it/s]
Fine-tuning 2/2:  58%|█████▊    | 361/625 [01:45<01:16,  3.43it/s]
Fine-tuning 2/2:  58%|█████▊    | 362/625 [01:46<01:16,  3.42it/s]
Fine-tuning 2/2:  58%|█████▊    | 363/625 [01:46<01:16,  3.43it/s]
Fine-tuning 2/2:  58%|█████▊    | 364/625 [01:46<01:16,  3.43it/s]
Fine-tuning 2/2:  58%|█████▊    | 365/625 [01:46<01:16,  3.42it/s]
Fine-tuning 2/2:  59%|█████▊    | 366/625 [01:47<01:15,  3.43it/s]
Fine-tuning 2/2:  59%|█████▊    | 367/625 [01:47<01:15,  3.42it/s]
Fine-tuning 2/2:  59%|█████▉    | 368/625 [01:47<01:14,  3.43it/s]
Fine-tuning 2/2:  59%|█████▉    | 369/625 [01:48<01:14,  3.42it/s]
Fine-tuning 2/2:  59%|█████▉    | 370/625 [01:48<01:14,  3.43it/s]
Fine-tuning 2/2:  59%|█████▉    | 371/625 [01:48<01:14,  3.42it/s]
Fine-tuning 2/2:  60%|█████▉    | 372/625 [01:48<01:13,  3.42it/s]
Fine-tuning 2/2:  60%|█████▉    | 373/625 [01:49<01:13,  3.43it/s]
Fine-tuning 2/2:  60%|█████▉    | 374/625 [01:49<01:13,  3.43it/s]
Fine-tuning 2/2:  60%|██████    | 375/625 [01:49<01:12,  3.43it/s]
Fine-tuning 2/2:  60%|██████    | 376/625 [01:50<01:12,  3.42it/s]
Fine-tuning 2/2:  60%|██████    | 377/625 [01:50<01:12,  3.43it/s]
Fine-tuning 2/2:  60%|██████    | 378/625 [01:50<01:11,  3.44it/s]
Fine-tuning 2/2:  61%|██████    | 379/625 [01:50<01:11,  3.43it/s]
Fine-tuning 2/2:  61%|██████    | 380/625 [01:51<01:11,  3.43it/s]
Fine-tuning 2/2:  61%|██████    | 381/625 [01:51<01:11,  3.43it/s]
Fine-tuning 2/2:  61%|██████    | 382/625 [01:51<01:10,  3.43it/s]
Fine-tuning 2/2:  61%|██████▏   | 383/625 [01:52<01:10,  3.42it/s]
Fine-tuning 2/2:  61%|██████▏   | 384/625 [01:52<01:10,  3.42it/s]
Fine-tuning 2/2:  62%|██████▏   | 385/625 [01:52<01:10,  3.42it/s]
Fine-tuning 2/2:  62%|██████▏   | 386/625 [01:53<01:10,  3.40it/s]
Fine-tuning 2/2:  62%|██████▏   | 387/625 [01:53<01:09,  3.43it/s]
Fine-tuning 2/2:  62%|██████▏   | 388/625 [01:53<01:09,  3.42it/s]
Fine-tuning 2/2:  62%|██████▏   | 389/625 [01:53<01:09,  3.40it/s]
Fine-tuning 2/2:  62%|██████▏   | 390/625 [01:54<01:09,  3.40it/s]
Fine-tuning 2/2:  63%|██████▎   | 391/625 [01:54<01:08,  3.42it/s]
Fine-tuning 2/2:  63%|██████▎   | 392/625 [01:54<01:08,  3.40it/s]
Fine-tuning 2/2:  63%|██████▎   | 393/625 [01:55<01:07,  3.43it/s]
Fine-tuning 2/2:  63%|██████▎   | 394/625 [01:55<01:07,  3.40it/s]
Fine-tuning 2/2:  63%|██████▎   | 395/625 [01:55<01:07,  3.43it/s]
Fine-tuning 2/2:  63%|██████▎   | 396/625 [01:55<01:06,  3.43it/s]
Fine-tuning 2/2:  64%|██████▎   | 397/625 [01:56<01:07,  3.37it/s]
Fine-tuning 2/2:  64%|██████▎   | 398/625 [01:56<01:06,  3.44it/s]
Fine-tuning 2/2:  64%|██████▍   | 399/625 [01:56<01:06,  3.41it/s]
Fine-tuning 2/2:  64%|██████▍   | 400/625 [01:57<01:06,  3.41it/s]
Fine-tuning 2/2:  64%|██████▍   | 401/625 [01:57<01:05,  3.42it/s]
Fine-tuning 2/2:  64%|██████▍   | 402/625 [01:57<01:04,  3.46it/s]
Fine-tuning 2/2:  64%|██████▍   | 403/625 [01:58<01:04,  3.45it/s]
Fine-tuning 2/2:  65%|██████▍   | 404/625 [01:58<01:04,  3.44it/s]
Fine-tuning 2/2:  65%|██████▍   | 405/625 [01:58<01:04,  3.43it/s]
Fine-tuning 2/2:  65%|██████▍   | 406/625 [01:58<01:03,  3.43it/s]
Fine-tuning 2/2:  65%|██████▌   | 407/625 [01:59<01:03,  3.44it/s]
Fine-tuning 2/2:  65%|██████▌   | 408/625 [01:59<01:03,  3.42it/s]
Fine-tuning 2/2:  65%|██████▌   | 409/625 [01:59<01:03,  3.43it/s]
Fine-tuning 2/2:  66%|██████▌   | 410/625 [02:00<01:02,  3.42it/s]
Fine-tuning 2/2:  66%|██████▌   | 411/625 [02:00<01:02,  3.43it/s]
Fine-tuning 2/2:  66%|██████▌   | 412/625 [02:00<01:02,  3.43it/s]
Fine-tuning 2/2:  66%|██████▌   | 413/625 [02:00<01:01,  3.42it/s]
Fine-tuning 2/2:  66%|██████▌   | 414/625 [02:01<01:01,  3.43it/s]
Fine-tuning 2/2:  66%|██████▋   | 415/625 [02:01<01:01,  3.42it/s]
Fine-tuning 2/2:  67%|██████▋   | 416/625 [02:01<01:01,  3.42it/s]
Fine-tuning 2/2:  67%|██████▋   | 417/625 [02:02<01:00,  3.42it/s]
Fine-tuning 2/2:  67%|██████▋   | 418/625 [02:02<01:00,  3.42it/s]
Fine-tuning 2/2:  67%|██████▋   | 419/625 [02:02<01:00,  3.43it/s]
Fine-tuning 2/2:  67%|██████▋   | 420/625 [02:02<01:00,  3.42it/s]
Fine-tuning 2/2:  67%|██████▋   | 421/625 [02:03<00:59,  3.42it/s]
Fine-tuning 2/2:  68%|██████▊   | 422/625 [02:03<00:59,  3.41it/s]
Fine-tuning 2/2:  68%|██████▊   | 423/625 [02:03<00:59,  3.41it/s]
Fine-tuning 2/2:  68%|██████▊   | 424/625 [02:04<00:58,  3.41it/s]
Fine-tuning 2/2:  68%|██████▊   | 425/625 [02:04<00:58,  3.41it/s]
Fine-tuning 2/2:  68%|██████▊   | 426/625 [02:04<00:58,  3.42it/s]
Fine-tuning 2/2:  68%|██████▊   | 427/625 [02:05<00:57,  3.43it/s]
Fine-tuning 2/2:  68%|██████▊   | 428/625 [02:05<00:57,  3.42it/s]
Fine-tuning 2/2:  69%|██████▊   | 429/625 [02:05<00:57,  3.42it/s]
Fine-tuning 2/2:  69%|██████▉   | 430/625 [02:05<00:56,  3.43it/s]
Fine-tuning 2/2:  69%|██████▉   | 431/625 [02:06<00:56,  3.42it/s]
Fine-tuning 2/2:  69%|██████▉   | 432/625 [02:06<00:56,  3.43it/s]
Fine-tuning 2/2:  69%|██████▉   | 433/625 [02:06<00:56,  3.42it/s]
Fine-tuning 2/2:  69%|██████▉   | 434/625 [02:07<00:55,  3.41it/s]
Fine-tuning 2/2:  70%|██████▉   | 435/625 [02:07<00:55,  3.41it/s]
Fine-tuning 2/2:  70%|██████▉   | 436/625 [02:07<00:56,  3.36it/s]
Fine-tuning 2/2:  70%|██████▉   | 437/625 [02:07<00:55,  3.41it/s]
Fine-tuning 2/2:  70%|███████   | 438/625 [02:08<00:54,  3.42it/s]
Fine-tuning 2/2:  70%|███████   | 439/625 [02:08<00:54,  3.42it/s]
Fine-tuning 2/2:  70%|███████   | 440/625 [02:08<00:54,  3.42it/s]
Fine-tuning 2/2:  71%|███████   | 441/625 [02:09<00:54,  3.41it/s]
Fine-tuning 2/2:  71%|███████   | 442/625 [02:09<00:53,  3.43it/s]
Fine-tuning 2/2:  71%|███████   | 443/625 [02:09<00:53,  3.43it/s]
Fine-tuning 2/2:  71%|███████   | 444/625 [02:09<00:52,  3.42it/s]
Fine-tuning 2/2:  71%|███████   | 445/625 [02:10<00:52,  3.43it/s]
Fine-tuning 2/2:  71%|███████▏  | 446/625 [02:10<00:52,  3.40it/s]
Fine-tuning 2/2:  72%|███████▏  | 447/625 [02:10<00:52,  3.42it/s]
Fine-tuning 2/2:  72%|███████▏  | 448/625 [02:11<00:51,  3.41it/s]
Fine-tuning 2/2:  72%|███████▏  | 449/625 [02:11<00:50,  3.45it/s]
Fine-tuning 2/2:  72%|███████▏  | 450/625 [02:11<00:50,  3.44it/s]
Fine-tuning 2/2:  72%|███████▏  | 451/625 [02:12<00:50,  3.42it/s]
Fine-tuning 2/2:  72%|███████▏  | 452/625 [02:12<00:50,  3.44it/s]
Fine-tuning 2/2:  72%|███████▏  | 453/625 [02:12<00:50,  3.42it/s]
Fine-tuning 2/2:  73%|███████▎  | 454/625 [02:12<00:49,  3.43it/s]
Fine-tuning 2/2:  73%|███████▎  | 455/625 [02:13<00:49,  3.42it/s]
Fine-tuning 2/2:  73%|███████▎  | 456/625 [02:13<00:49,  3.42it/s]
Fine-tuning 2/2:  73%|███████▎  | 457/625 [02:13<00:49,  3.42it/s]
Fine-tuning 2/2:  73%|███████▎  | 458/625 [02:14<00:48,  3.41it/s]
Fine-tuning 2/2:  73%|███████▎  | 459/625 [02:14<00:48,  3.42it/s]
Fine-tuning 2/2:  74%|███████▎  | 460/625 [02:14<00:48,  3.43it/s]
Fine-tuning 2/2:  74%|███████▍  | 461/625 [02:14<00:47,  3.42it/s]
Fine-tuning 2/2:  74%|███████▍  | 462/625 [02:15<00:47,  3.43it/s]
Fine-tuning 2/2:  74%|███████▍  | 463/625 [02:15<00:47,  3.43it/s]
Fine-tuning 2/2:  74%|███████▍  | 464/625 [02:15<00:47,  3.43it/s]
Fine-tuning 2/2:  74%|███████▍  | 465/625 [02:16<00:46,  3.43it/s]
Fine-tuning 2/2:  75%|███████▍  | 466/625 [02:16<00:46,  3.43it/s]
Fine-tuning 2/2:  75%|███████▍  | 467/625 [02:16<00:46,  3.43it/s]
Fine-tuning 2/2:  75%|███████▍  | 468/625 [02:17<00:45,  3.43it/s]
Fine-tuning 2/2:  75%|███████▌  | 469/625 [02:17<00:45,  3.43it/s]
Fine-tuning 2/2:  75%|███████▌  | 470/625 [02:17<00:45,  3.44it/s]
Fine-tuning 2/2:  75%|███████▌  | 471/625 [02:17<00:44,  3.43it/s]
Fine-tuning 2/2:  76%|███████▌  | 472/625 [02:18<00:44,  3.44it/s]
Fine-tuning 2/2:  76%|███████▌  | 473/625 [02:18<00:44,  3.43it/s]
Fine-tuning 2/2:  76%|███████▌  | 474/625 [02:18<00:44,  3.43it/s]
Fine-tuning 2/2:  76%|███████▌  | 475/625 [02:19<00:43,  3.43it/s]
Fine-tuning 2/2:  76%|███████▌  | 476/625 [02:19<00:43,  3.42it/s]
Fine-tuning 2/2:  76%|███████▋  | 477/625 [02:19<00:43,  3.42it/s]
Fine-tuning 2/2:  76%|███████▋  | 478/625 [02:19<00:42,  3.43it/s]
Fine-tuning 2/2:  77%|███████▋  | 479/625 [02:20<00:42,  3.41it/s]
Fine-tuning 2/2:  77%|███████▋  | 480/625 [02:20<00:42,  3.43it/s]
Fine-tuning 2/2:  77%|███████▋  | 481/625 [02:20<00:42,  3.43it/s]
Fine-tuning 2/2:  77%|███████▋  | 482/625 [02:21<00:41,  3.42it/s]
Fine-tuning 2/2:  77%|███████▋  | 483/625 [02:21<00:42,  3.38it/s]
Fine-tuning 2/2:  77%|███████▋  | 484/625 [02:21<00:41,  3.38it/s]
Fine-tuning 2/2:  78%|███████▊  | 485/625 [02:21<00:41,  3.41it/s]
Fine-tuning 2/2:  78%|███████▊  | 486/625 [02:22<00:41,  3.37it/s]
Fine-tuning 2/2:  78%|███████▊  | 487/625 [02:22<00:40,  3.44it/s]
Fine-tuning 2/2:  78%|███████▊  | 488/625 [02:22<00:39,  3.44it/s]
Fine-tuning 2/2:  78%|███████▊  | 489/625 [02:23<00:39,  3.42it/s]
Fine-tuning 2/2:  78%|███████▊  | 490/625 [02:23<00:39,  3.41it/s]
Fine-tuning 2/2:  79%|███████▊  | 491/625 [02:23<00:39,  3.43it/s]
Fine-tuning 2/2:  79%|███████▊  | 492/625 [02:24<00:38,  3.43it/s]
Fine-tuning 2/2:  79%|███████▉  | 493/625 [02:24<00:38,  3.42it/s]
Fine-tuning 2/2:  79%|███████▉  | 494/625 [02:24<00:38,  3.39it/s]
Fine-tuning 2/2:  79%|███████▉  | 495/625 [02:24<00:38,  3.41it/s]
Fine-tuning 2/2:  79%|███████▉  | 496/625 [02:25<00:37,  3.42it/s]
Fine-tuning 2/2:  80%|███████▉  | 497/625 [02:25<00:36,  3.46it/s]
Fine-tuning 2/2:  80%|███████▉  | 498/625 [02:25<00:36,  3.45it/s]
Fine-tuning 2/2:  80%|███████▉  | 499/625 [02:26<00:36,  3.44it/s]
Fine-tuning 2/2:  80%|████████  | 500/625 [02:26<00:36,  3.43it/s]
Fine-tuning 2/2:  80%|████████  | 501/625 [02:26<00:36,  3.44it/s]
Fine-tuning 2/2:  80%|████████  | 502/625 [02:26<00:35,  3.43it/s]
Fine-tuning 2/2:  80%|████████  | 503/625 [02:27<00:35,  3.43it/s]
Fine-tuning 2/2:  81%|████████  | 504/625 [02:27<00:35,  3.43it/s]
Fine-tuning 2/2:  81%|████████  | 505/625 [02:27<00:35,  3.43it/s]
Fine-tuning 2/2:  81%|████████  | 506/625 [02:28<00:34,  3.43it/s]
Fine-tuning 2/2:  81%|████████  | 507/625 [02:28<00:34,  3.42it/s]
Fine-tuning 2/2:  81%|████████▏ | 508/625 [02:28<00:34,  3.42it/s]
Fine-tuning 2/2:  81%|████████▏ | 509/625 [02:28<00:33,  3.42it/s]
Fine-tuning 2/2:  82%|████████▏ | 510/625 [02:29<00:33,  3.42it/s]
Fine-tuning 2/2:  82%|████████▏ | 511/625 [02:29<00:33,  3.43it/s]
Fine-tuning 2/2:  82%|████████▏ | 512/625 [02:29<00:33,  3.42it/s]
Fine-tuning 2/2:  82%|████████▏ | 513/625 [02:30<00:32,  3.42it/s]
Fine-tuning 2/2:  82%|████████▏ | 514/625 [02:30<00:32,  3.42it/s]
Fine-tuning 2/2:  82%|████████▏ | 515/625 [02:30<00:32,  3.43it/s]
Fine-tuning 2/2:  83%|████████▎ | 516/625 [02:31<00:31,  3.42it/s]
Fine-tuning 2/2:  83%|████████▎ | 517/625 [02:31<00:31,  3.43it/s]
Fine-tuning 2/2:  83%|████████▎ | 518/625 [02:31<00:31,  3.42it/s]
Fine-tuning 2/2:  83%|████████▎ | 519/625 [02:31<00:31,  3.42it/s]
Fine-tuning 2/2:  83%|████████▎ | 520/625 [02:32<00:30,  3.41it/s]
Fine-tuning 2/2:  83%|████████▎ | 521/625 [02:32<00:30,  3.42it/s]
Fine-tuning 2/2:  84%|████████▎ | 522/625 [02:32<00:30,  3.42it/s]
Fine-tuning 2/2:  84%|████████▎ | 523/625 [02:33<00:29,  3.42it/s]
Fine-tuning 2/2:  84%|████████▍ | 524/625 [02:33<00:29,  3.42it/s]
Fine-tuning 2/2:  84%|████████▍ | 525/625 [02:33<00:29,  3.42it/s]
Fine-tuning 2/2:  84%|████████▍ | 526/625 [02:33<00:28,  3.43it/s]
Fine-tuning 2/2:  84%|████████▍ | 527/625 [02:34<00:28,  3.42it/s]
Fine-tuning 2/2:  84%|████████▍ | 528/625 [02:34<00:28,  3.42it/s]
Fine-tuning 2/2:  85%|████████▍ | 529/625 [02:34<00:28,  3.41it/s]
Fine-tuning 2/2:  85%|████████▍ | 530/625 [02:35<00:27,  3.42it/s]
Fine-tuning 2/2:  85%|████████▍ | 531/625 [02:35<00:27,  3.39it/s]
Fine-tuning 2/2:  85%|████████▌ | 532/625 [02:35<00:27,  3.42it/s]
Fine-tuning 2/2:  85%|████████▌ | 533/625 [02:36<00:27,  3.41it/s]
Fine-tuning 2/2:  85%|████████▌ | 534/625 [02:36<00:26,  3.41it/s]
Fine-tuning 2/2:  86%|████████▌ | 535/625 [02:36<00:26,  3.42it/s]
Fine-tuning 2/2:  86%|████████▌ | 536/625 [02:36<00:26,  3.39it/s]
Fine-tuning 2/2:  86%|████████▌ | 537/625 [02:37<00:25,  3.41it/s]
Fine-tuning 2/2:  86%|████████▌ | 538/625 [02:37<00:25,  3.44it/s]
Fine-tuning 2/2:  86%|████████▌ | 539/625 [02:37<00:25,  3.42it/s]
Fine-tuning 2/2:  86%|████████▋ | 540/625 [02:38<00:24,  3.43it/s]
Fine-tuning 2/2:  87%|████████▋ | 541/625 [02:38<00:24,  3.43it/s]
Fine-tuning 2/2:  87%|████████▋ | 542/625 [02:38<00:24,  3.43it/s]
Fine-tuning 2/2:  87%|████████▋ | 543/625 [02:38<00:24,  3.40it/s]
Fine-tuning 2/2:  87%|████████▋ | 544/625 [02:39<00:23,  3.44it/s]
Fine-tuning 2/2:  87%|████████▋ | 545/625 [02:39<00:23,  3.43it/s]
Fine-tuning 2/2:  87%|████████▋ | 546/625 [02:39<00:23,  3.43it/s]
Fine-tuning 2/2:  88%|████████▊ | 547/625 [02:40<00:22,  3.40it/s]
Fine-tuning 2/2:  88%|████████▊ | 548/625 [02:40<00:22,  3.44it/s]
Fine-tuning 2/2:  88%|████████▊ | 549/625 [02:40<00:22,  3.44it/s]
Fine-tuning 2/2:  88%|████████▊ | 550/625 [02:40<00:22,  3.40it/s]
Fine-tuning 2/2:  88%|████████▊ | 551/625 [02:41<00:21,  3.44it/s]
Fine-tuning 2/2:  88%|████████▊ | 552/625 [02:41<00:21,  3.45it/s]
Fine-tuning 2/2:  88%|████████▊ | 553/625 [02:41<00:20,  3.44it/s]
Fine-tuning 2/2:  89%|████████▊ | 554/625 [02:42<00:20,  3.41it/s]
Fine-tuning 2/2:  89%|████████▉ | 555/625 [02:42<00:20,  3.44it/s]
Fine-tuning 2/2:  89%|████████▉ | 556/625 [02:42<00:20,  3.43it/s]
Fine-tuning 2/2:  89%|████████▉ | 557/625 [02:43<00:19,  3.43it/s]
Fine-tuning 2/2:  89%|████████▉ | 558/625 [02:43<00:19,  3.43it/s]
Fine-tuning 2/2:  89%|████████▉ | 559/625 [02:43<00:19,  3.43it/s]
Fine-tuning 2/2:  90%|████████▉ | 560/625 [02:43<00:18,  3.43it/s]
Fine-tuning 2/2:  90%|████████▉ | 561/625 [02:44<00:18,  3.43it/s]
Fine-tuning 2/2:  90%|████████▉ | 562/625 [02:44<00:18,  3.43it/s]
Fine-tuning 2/2:  90%|█████████ | 563/625 [02:44<00:18,  3.43it/s]
Fine-tuning 2/2:  90%|█████████ | 564/625 [02:45<00:17,  3.42it/s]
Fine-tuning 2/2:  90%|█████████ | 565/625 [02:45<00:17,  3.43it/s]
Fine-tuning 2/2:  91%|█████████ | 566/625 [02:45<00:17,  3.42it/s]
Fine-tuning 2/2:  91%|█████████ | 567/625 [02:45<00:16,  3.44it/s]
Fine-tuning 2/2:  91%|█████████ | 568/625 [02:46<00:16,  3.43it/s]
Fine-tuning 2/2:  91%|█████████ | 569/625 [02:46<00:16,  3.43it/s]
Fine-tuning 2/2:  91%|█████████ | 570/625 [02:46<00:16,  3.43it/s]
Fine-tuning 2/2:  91%|█████████▏| 571/625 [02:47<00:15,  3.42it/s]
Fine-tuning 2/2:  92%|█████████▏| 572/625 [02:47<00:15,  3.43it/s]
Fine-tuning 2/2:  92%|█████████▏| 573/625 [02:47<00:15,  3.43it/s]
Fine-tuning 2/2:  92%|█████████▏| 574/625 [02:47<00:14,  3.43it/s]
Fine-tuning 2/2:  92%|█████████▏| 575/625 [02:48<00:14,  3.42it/s]
Fine-tuning 2/2:  92%|█████████▏| 576/625 [02:48<00:14,  3.42it/s]
Fine-tuning 2/2:  92%|█████████▏| 577/625 [02:48<00:14,  3.42it/s]
Fine-tuning 2/2:  92%|█████████▏| 578/625 [02:49<00:13,  3.42it/s]
Fine-tuning 2/2:  93%|█████████▎| 579/625 [02:49<00:13,  3.37it/s]
Fine-tuning 2/2:  93%|█████████▎| 580/625 [02:49<00:13,  3.40it/s]
Fine-tuning 2/2:  93%|█████████▎| 581/625 [02:50<00:12,  3.41it/s]
Fine-tuning 2/2:  93%|█████████▎| 582/625 [02:50<00:12,  3.42it/s]
Fine-tuning 2/2:  93%|█████████▎| 583/625 [02:50<00:12,  3.41it/s]
Fine-tuning 2/2:  93%|█████████▎| 584/625 [02:50<00:12,  3.41it/s]
Fine-tuning 2/2:  94%|█████████▎| 585/625 [02:51<00:11,  3.43it/s]
Fine-tuning 2/2:  94%|█████████▍| 586/625 [02:51<00:11,  3.43it/s]
Fine-tuning 2/2:  94%|█████████▍| 587/625 [02:51<00:11,  3.42it/s]
Fine-tuning 2/2:  94%|█████████▍| 588/625 [02:52<00:10,  3.42it/s]
Fine-tuning 2/2:  94%|█████████▍| 589/625 [02:52<00:10,  3.40it/s]
Fine-tuning 2/2:  94%|█████████▍| 590/625 [02:52<00:10,  3.37it/s]
Fine-tuning 2/2:  95%|█████████▍| 591/625 [02:52<00:09,  3.41it/s]
Fine-tuning 2/2:  95%|█████████▍| 592/625 [02:53<00:09,  3.45it/s]
Fine-tuning 2/2:  95%|█████████▍| 593/625 [02:53<00:09,  3.44it/s]
Fine-tuning 2/2:  95%|█████████▌| 594/625 [02:53<00:09,  3.43it/s]
Fine-tuning 2/2:  95%|█████████▌| 595/625 [02:54<00:08,  3.43it/s]
Fine-tuning 2/2:  95%|█████████▌| 596/625 [02:54<00:08,  3.43it/s]
Fine-tuning 2/2:  96%|█████████▌| 597/625 [02:54<00:08,  3.41it/s]
Fine-tuning 2/2:  96%|█████████▌| 598/625 [02:54<00:07,  3.42it/s]
Fine-tuning 2/2:  96%|█████████▌| 599/625 [02:55<00:07,  3.42it/s]
Fine-tuning 2/2:  96%|█████████▌| 600/625 [02:55<00:07,  3.43it/s]
Fine-tuning 2/2:  96%|█████████▌| 601/625 [02:55<00:07,  3.43it/s]
Fine-tuning 2/2:  96%|█████████▋| 602/625 [02:56<00:06,  3.42it/s]
Fine-tuning 2/2:  96%|█████████▋| 603/625 [02:56<00:06,  3.41it/s]
Fine-tuning 2/2:  97%|█████████▋| 604/625 [02:56<00:06,  3.41it/s]
Fine-tuning 2/2:  97%|█████████▋| 605/625 [02:57<00:05,  3.42it/s]
Fine-tuning 2/2:  97%|█████████▋| 606/625 [02:57<00:05,  3.41it/s]
Fine-tuning 2/2:  97%|█████████▋| 607/625 [02:57<00:05,  3.41it/s]
Fine-tuning 2/2:  97%|█████████▋| 608/625 [02:57<00:04,  3.41it/s]
Fine-tuning 2/2:  97%|█████████▋| 609/625 [02:58<00:04,  3.41it/s]
Fine-tuning 2/2:  98%|█████████▊| 610/625 [02:58<00:04,  3.41it/s]
Fine-tuning 2/2:  98%|█████████▊| 611/625 [02:58<00:04,  3.42it/s]
Fine-tuning 2/2:  98%|█████████▊| 612/625 [02:59<00:03,  3.42it/s]
Fine-tuning 2/2:  98%|█████████▊| 613/625 [02:59<00:03,  3.42it/s]
Fine-tuning 2/2:  98%|█████████▊| 614/625 [02:59<00:03,  3.42it/s]
Fine-tuning 2/2:  98%|█████████▊| 615/625 [02:59<00:02,  3.42it/s]
Fine-tuning 2/2:  99%|█████████▊| 616/625 [03:00<00:02,  3.41it/s]
Fine-tuning 2/2:  99%|█████████▊| 617/625 [03:00<00:02,  3.41it/s]
Fine-tuning 2/2:  99%|█████████▉| 618/625 [03:00<00:02,  3.41it/s]
Fine-tuning 2/2:  99%|█████████▉| 619/625 [03:01<00:01,  3.42it/s]
Fine-tuning 2/2:  99%|█████████▉| 620/625 [03:01<00:01,  3.42it/s]
Fine-tuning 2/2:  99%|█████████▉| 621/625 [03:01<00:01,  3.43it/s]
Fine-tuning 2/2: 100%|█████████▉| 622/625 [03:02<00:00,  3.43it/s]
Fine-tuning 2/2: 100%|█████████▉| 623/625 [03:02<00:00,  3.42it/s]
Fine-tuning 2/2: 100%|█████████▉| 624/625 [03:02<00:00,  3.43it/s]
Fine-tuning 2/2: 100%|██████████| 625/625 [03:02<00:00,  3.42it/s]
Fine-tuning 2/2: 100%|██████████| 625/625 [03:02<00:00,  3.42it/s]
Starting evaluation: max_eval_batches=all

Evaluating Magnitude Pruning:   0%|          | 0/79 [00:00<?, ?it/s]
Evaluating Magnitude Pruning:   1%|▏         | 1/79 [00:00<00:28,  2.76it/s]
Evaluating Magnitude Pruning:   4%|▍         | 3/79 [00:00<00:12,  6.10it/s]
Evaluating Magnitude Pruning:   6%|▋         | 5/79 [00:00<00:09,  7.79it/s]
Evaluating Magnitude Pruning:   9%|▉         | 7/79 [00:00<00:08,  8.80it/s]
Evaluating Magnitude Pruning:  11%|█▏        | 9/79 [00:01<00:07,  9.41it/s]
Evaluating Magnitude Pruning:  14%|█▍        | 11/79 [00:01<00:06,  9.74it/s]
Evaluating Magnitude Pruning:  16%|█▋        | 13/79 [00:01<00:06, 10.00it/s]
Evaluating Magnitude Pruning:  19%|█▉        | 15/79 [00:01<00:06, 10.15it/s]
Evaluating Magnitude Pruning:  22%|██▏       | 17/79 [00:01<00:06, 10.27it/s]
Evaluating Magnitude Pruning:  24%|██▍       | 19/79 [00:02<00:05, 10.38it/s]
Evaluating Magnitude Pruning:  27%|██▋       | 21/79 [00:02<00:05, 10.43it/s]
Evaluating Magnitude Pruning:  29%|██▉       | 23/79 [00:02<00:05, 10.49it/s]
Evaluating Magnitude Pruning:  32%|███▏      | 25/79 [00:02<00:05, 10.53it/s]
Evaluating Magnitude Pruning:  34%|███▍      | 27/79 [00:02<00:04, 10.53it/s]
Evaluating Magnitude Pruning:  37%|███▋      | 29/79 [00:03<00:04, 10.58it/s]
Evaluating Magnitude Pruning:  39%|███▉      | 31/79 [00:03<00:04, 10.62it/s]
Evaluating Magnitude Pruning:  42%|████▏     | 33/79 [00:03<00:04, 10.60it/s]
Evaluating Magnitude Pruning:  44%|████▍     | 35/79 [00:03<00:04, 10.58it/s]
Evaluating Magnitude Pruning:  47%|████▋     | 37/79 [00:03<00:03, 10.60it/s]
Evaluating Magnitude Pruning:  49%|████▉     | 39/79 [00:03<00:03, 10.57it/s]
Evaluating Magnitude Pruning:  52%|█████▏    | 41/79 [00:04<00:03, 10.59it/s]
Evaluating Magnitude Pruning:  54%|█████▍    | 43/79 [00:04<00:03, 10.63it/s]
Evaluating Magnitude Pruning:  57%|█████▋    | 45/79 [00:04<00:03, 10.65it/s]
Evaluating Magnitude Pruning:  59%|█████▉    | 47/79 [00:04<00:03, 10.66it/s]
Evaluating Magnitude Pruning:  62%|██████▏   | 49/79 [00:04<00:02, 10.67it/s]
Evaluating Magnitude Pruning:  65%|██████▍   | 51/79 [00:05<00:02, 10.69it/s]
Evaluating Magnitude Pruning:  67%|██████▋   | 53/79 [00:05<00:02, 10.69it/s]
Evaluating Magnitude Pruning:  70%|██████▉   | 55/79 [00:05<00:02, 10.70it/s]
Evaluating Magnitude Pruning:  72%|███████▏  | 57/79 [00:05<00:02, 10.72it/s]
Evaluating Magnitude Pruning:  75%|███████▍  | 59/79 [00:05<00:01, 10.71it/s]
Evaluating Magnitude Pruning:  77%|███████▋  | 61/79 [00:06<00:01, 10.72it/s]
Evaluating Magnitude Pruning:  80%|███████▉  | 63/79 [00:06<00:01, 10.70it/s]
Evaluating Magnitude Pruning:  82%|████████▏ | 65/79 [00:06<00:01, 10.70it/s]
Evaluating Magnitude Pruning:  85%|████████▍ | 67/79 [00:06<00:01, 10.71it/s]
Evaluating Magnitude Pruning:  87%|████████▋ | 69/79 [00:06<00:00, 10.66it/s]
Evaluating Magnitude Pruning:  90%|████████▉ | 71/79 [00:06<00:00, 10.70it/s]
Evaluating Magnitude Pruning:  92%|█████████▏| 73/79 [00:07<00:00, 10.72it/s]
Evaluating Magnitude Pruning:  95%|█████████▍| 75/79 [00:07<00:00, 10.74it/s]
Evaluating Magnitude Pruning:  97%|█████████▋| 77/79 [00:07<00:00, 10.75it/s]
Evaluating Magnitude Pruning: 100%|██████████| 79/79 [00:07<00:00, 12.30it/s]
                                                                             
[Magnitude Pruning        ] imdb         | Acc: 85.72% | F1: 85.71% | Compression: 8.8% | Inf: 89.6ms/batch
Results saved to results/tables/imdb_sparsity42.json
Results saved to results/tables/imdb_sparsity42.json
